
current time             : 2024-08-14 04:11:08
code path                : D:\Project\SmtCon\Classification\240806-SCcfg_graph\240813-SCcfg_graph-V10_7\SCcfg_graph_V10_7_main.py

Binary Classification model training.
*************Basic settings*************
config                   : {
    "logtest": false,
    "seed": 1000,
    "previous_dataset": false,
    "previous_dataset_path": "",
    "vul_ann": "Ree",
    "vul": "reentrancy",
    "dataset_name": "SmartBugs",
    "dataset_split": [
        0.7,
        0.15,
        0.15
    ],
    "previous_model": false,
    "previous_model_path": "",
    "max_saved_model": 10,
    "num_labels": 2,
    "num_GAT": 4,
    "d_node_feat": 1024,
    "d_node_reshape": 128,
    "d_output": 128,
    "batch_size": 8,
    "num_epochs": 50,
    "wight_pen": 0.05,
    "lr": 0.0001,
    "optimizer": {
        "weight_decay": 0.0001
    },
    "scheduler": {
        "factor": 0.5,
        "patience": 1,
        "verbose": true,
        "min_lr_rate": 1e-08
    },
    "criterion": {
        "alpha": [
            1,
            1
        ],
        "gamma": 0,
        "reduction": "sum"
    }
}
dataset dir              : D:\Project\SmtCon_dataset\SmartContract\SmartBugs\Phase4\Multimodal_Fusion__reentrancy_SCcfg_graph_ExprsNode

*********Model hyper-parameters*********
training device          : [device(type='cuda', index=0)]
optimizer                : Adam (
Parameter Group 0
    amsgrad: False
    betas: (0.9, 0.999)
    capturable: False
    eps: 1e-08
    foreach: None
    lr: 0.0001
    maximize: False
    weight_decay: 0.0001
)
loss function            : CrossEntropyLoss

************Model structure*************
Model(
  (linear_1): Linear(in_features=1024, out_features=128, bias=True)
  (multi_GAT_layer): ModuleList(
    (0): GATConv(128, 128, heads=1)
    (1): GATConv(128, 128, heads=1)
    (2): GATConv(128, 128, heads=1)
    (3): GATConv(128, 128, heads=1)
  )
  (linear_2): Linear(in_features=128, out_features=2, bias=True)
)
Trainable params         : 198,530
Non-trainable params     : 0
Total params             : 198,530

****************Training****************
【Epoch: 00】
	train set evaluation finished, time: 3.72 mins
	test set evaluation finished, time: 0.76 mins
	test set evaluation finished, time: 0.92 mins
	learning rate: group 0 : 0.0001
	       Train          |         Valid          |          Test       
	TP:    33, FP:    11  |  TP:     6, FP:     0  |  TP:     3, FP:     3
	FN:   566, TN:   588  |  FN:   122, TN:   128  |  FN:   126, TN:   126
	Train -- Accu: 0.5184, Prec: 0.7500, Reca: 0.0551, Spec: 0.9816, F1Sc: 0.1026
	Valid -- Accu: 0.5234, Prec: 1.0000, Reca: 0.0469, Spec: 1.0000, F1Sc: 0.0896
	Test  -- Accu: 0.5000, Prec: 0.5000, Reca: 0.0233, Spec: 0.9767, F1Sc: 0.0444
	Average train Loss: 0.6878760
	Average valid Loss: 0.6869015
	Average test  Loss: 0.6872569
	training finished, time: 3.80 mins
【Epoch: 01】
	train set evaluation finished, time: 3.66 mins
	test set evaluation finished, time: 0.78 mins
	test set evaluation finished, time: 0.91 mins
	learning rate: group 0 : 0.0001
	       Train          |         Valid          |          Test       
	TP:   599, FP:    11  |  TP:   128, FP:     6  |  TP:   129, FP:     1
	FN:     0, TN:   588  |  FN:     0, TN:   122  |  FN:     0, TN:   128
	Train -- Accu: 0.9908, Prec: 0.9820, Reca: 1.0000, Spec: 0.9816, F1Sc: 0.9909
	Valid -- Accu: 0.9766, Prec: 0.9552, Reca: 1.0000, Spec: 0.9531, F1Sc: 0.9771
	Test  -- Accu: 0.9961, Prec: 0.9923, Reca: 1.0000, Spec: 0.9922, F1Sc: 0.9961
	Average train Loss: 0.0485257
	Average valid Loss: 0.0787726
	Average test  Loss: 0.0300881
	training finished, time: 3.78 mins
【Epoch: 02】
	train set evaluation finished, time: 3.65 mins
	test set evaluation finished, time: 0.77 mins
	test set evaluation finished, time: 0.91 mins
	learning rate: group 0 : 0.0001
	       Train          |         Valid          |          Test       
	TP:   599, FP:    10  |  TP:   128, FP:     4  |  TP:   129, FP:     1
	FN:     0, TN:   589  |  FN:     0, TN:   124  |  FN:     0, TN:   128
	Train -- Accu: 0.9917, Prec: 0.9836, Reca: 1.0000, Spec: 0.9833, F1Sc: 0.9917
	Valid -- Accu: 0.9844, Prec: 0.9697, Reca: 1.0000, Spec: 0.9688, F1Sc: 0.9846
	Test  -- Accu: 0.9961, Prec: 0.9923, Reca: 1.0000, Spec: 0.9922, F1Sc: 0.9961
	Average train Loss: 0.0389153
	Average valid Loss: 0.0695448
	Average test  Loss: 0.0245839
	training finished, time: 3.77 mins
【Epoch: 03】
	train set evaluation finished, time: 3.65 mins
	test set evaluation finished, time: 0.77 mins
	test set evaluation finished, time: 0.92 mins
	learning rate: group 0 : 0.0001
	       Train          |         Valid          |          Test       
	TP:   599, FP:     9  |  TP:   128, FP:     4  |  TP:   129, FP:     1
	FN:     0, TN:   590  |  FN:     0, TN:   124  |  FN:     0, TN:   128
	Train -- Accu: 0.9925, Prec: 0.9852, Reca: 1.0000, Spec: 0.9850, F1Sc: 0.9925
	Valid -- Accu: 0.9844, Prec: 0.9697, Reca: 1.0000, Spec: 0.9688, F1Sc: 0.9846
	Test  -- Accu: 0.9961, Prec: 0.9923, Reca: 1.0000, Spec: 0.9922, F1Sc: 0.9961
	Average train Loss: 0.0330361
	Average valid Loss: 0.0645323
	Average test  Loss: 0.0256660
	training finished, time: 3.77 mins
【Epoch: 04】
	train set evaluation finished, time: 3.63 mins
	test set evaluation finished, time: 0.77 mins
	test set evaluation finished, time: 0.92 mins
	learning rate: group 0 : 0.0001
	       Train          |         Valid          |          Test       
	TP:   597, FP:     6  |  TP:   128, FP:     4  |  TP:   128, FP:     1
	FN:     2, TN:   593  |  FN:     0, TN:   124  |  FN:     1, TN:   128
	Train -- Accu: 0.9933, Prec: 0.9900, Reca: 0.9967, Spec: 0.9900, F1Sc: 0.9933
	Valid -- Accu: 0.9844, Prec: 0.9697, Reca: 1.0000, Spec: 0.9688, F1Sc: 0.9846
	Test  -- Accu: 0.9922, Prec: 0.9922, Reca: 0.9922, Spec: 0.9922, F1Sc: 0.9922
	Average train Loss: 0.0275530
	Average valid Loss: 0.0598167
	Average test  Loss: 0.0297955
	training finished, time: 3.76 mins
【Epoch: 05】
	train set evaluation finished, time: 3.66 mins
	test set evaluation finished, time: 0.77 mins
	test set evaluation finished, time: 0.93 mins
	learning rate: group 0 : 0.0001
	       Train          |         Valid          |          Test       
	TP:   597, FP:     3  |  TP:   128, FP:     4  |  TP:   129, FP:     1
	FN:     2, TN:   596  |  FN:     0, TN:   124  |  FN:     0, TN:   128
	Train -- Accu: 0.9958, Prec: 0.9950, Reca: 0.9967, Spec: 0.9950, F1Sc: 0.9958
	Valid -- Accu: 0.9844, Prec: 0.9697, Reca: 1.0000, Spec: 0.9688, F1Sc: 0.9846
	Test  -- Accu: 0.9961, Prec: 0.9923, Reca: 1.0000, Spec: 0.9922, F1Sc: 0.9961
	Average train Loss: 0.0265501
	Average valid Loss: 0.0569514
	Average test  Loss: 0.0308328
	training finished, time: 3.77 mins
【Epoch: 06】
	train set evaluation finished, time: 3.63 mins
	test set evaluation finished, time: 0.76 mins
	test set evaluation finished, time: 0.92 mins
	learning rate: group 0 : 0.0001
	       Train          |         Valid          |          Test       
	TP:   595, FP:     3  |  TP:   128, FP:     4  |  TP:   127, FP:     1
	FN:     4, TN:   596  |  FN:     0, TN:   124  |  FN:     2, TN:   128
	Train -- Accu: 0.9942, Prec: 0.9950, Reca: 0.9933, Spec: 0.9950, F1Sc: 0.9942
	Valid -- Accu: 0.9844, Prec: 0.9697, Reca: 1.0000, Spec: 0.9688, F1Sc: 0.9846
	Test  -- Accu: 0.9884, Prec: 0.9922, Reca: 0.9845, Spec: 0.9922, F1Sc: 0.9883
	Average train Loss: 0.0249631
	Average valid Loss: 0.0561281
	Average test  Loss: 0.0361318
	training finished, time: 3.79 mins
【Epoch: 07】
	train set evaluation finished, time: 3.63 mins
	test set evaluation finished, time: 0.77 mins
	test set evaluation finished, time: 0.92 mins
	learning rate: group 0 : 0.0001
	       Train          |         Valid          |          Test       
	TP:   595, FP:     3  |  TP:   128, FP:     4  |  TP:   126, FP:     1
	FN:     4, TN:   596  |  FN:     0, TN:   124  |  FN:     3, TN:   128
	Train -- Accu: 0.9942, Prec: 0.9950, Reca: 0.9933, Spec: 0.9950, F1Sc: 0.9942
	Valid -- Accu: 0.9844, Prec: 0.9697, Reca: 1.0000, Spec: 0.9688, F1Sc: 0.9846
	Test  -- Accu: 0.9845, Prec: 0.9921, Reca: 0.9767, Spec: 0.9922, F1Sc: 0.9844
	Average train Loss: 0.0228573
	Average valid Loss: 0.0642629
	Average test  Loss: 0.0322646
	training finished, time: 3.80 mins
【Epoch: 08】
	train set evaluation finished, time: 3.67 mins
	test set evaluation finished, time: 0.77 mins
	test set evaluation finished, time: 0.93 mins
	learning rate: group 0 : 5e-05
	       Train          |         Valid          |          Test       
	TP:   595, FP:     3  |  TP:   128, FP:     3  |  TP:   126, FP:     1
	FN:     4, TN:   596  |  FN:     0, TN:   125  |  FN:     3, TN:   128
	Train -- Accu: 0.9942, Prec: 0.9950, Reca: 0.9933, Spec: 0.9950, F1Sc: 0.9942
	Valid -- Accu: 0.9883, Prec: 0.9771, Reca: 1.0000, Spec: 0.9766, F1Sc: 0.9884
	Test  -- Accu: 0.9845, Prec: 0.9921, Reca: 0.9767, Spec: 0.9922, F1Sc: 0.9844
	Average train Loss: 0.0190351
	Average valid Loss: 0.0591590
	Average test  Loss: 0.0339985
	training finished, time: 3.80 mins
【Epoch: 09】
	train set evaluation finished, time: 3.66 mins
	test set evaluation finished, time: 0.78 mins
	test set evaluation finished, time: 0.92 mins
	learning rate: group 0 : 5e-05
	       Train          |         Valid          |          Test       
	TP:   595, FP:     3  |  TP:   128, FP:     3  |  TP:   126, FP:     1
	FN:     4, TN:   596  |  FN:     0, TN:   125  |  FN:     3, TN:   128
	Train -- Accu: 0.9942, Prec: 0.9950, Reca: 0.9933, Spec: 0.9950, F1Sc: 0.9942
	Valid -- Accu: 0.9883, Prec: 0.9771, Reca: 1.0000, Spec: 0.9766, F1Sc: 0.9884
	Test  -- Accu: 0.9845, Prec: 0.9921, Reca: 0.9767, Spec: 0.9922, F1Sc: 0.9844
	Average train Loss: 0.0239673
	Average valid Loss: 0.0503459
	Average test  Loss: 0.0460302
	training finished, time: 3.78 mins
【Epoch: 10】
	train set evaluation finished, time: 3.66 mins
	test set evaluation finished, time: 0.78 mins
	test set evaluation finished, time: 0.92 mins
	learning rate: group 0 : 5e-05
	       Train          |         Valid          |          Test       
	TP:   594, FP:     3  |  TP:   128, FP:     2  |  TP:   126, FP:     1
	FN:     5, TN:   596  |  FN:     0, TN:   126  |  FN:     3, TN:   128
	Train -- Accu: 0.9933, Prec: 0.9950, Reca: 0.9917, Spec: 0.9950, F1Sc: 0.9933
	Valid -- Accu: 0.9922, Prec: 0.9846, Reca: 1.0000, Spec: 0.9844, F1Sc: 0.9922
	Test  -- Accu: 0.9845, Prec: 0.9921, Reca: 0.9767, Spec: 0.9922, F1Sc: 0.9844
	Average train Loss: 0.0228915
	Average valid Loss: 0.0507107
	Average test  Loss: 0.0578094
	training finished, time: 3.80 mins
【Epoch: 11】
	train set evaluation finished, time: 3.64 mins
	test set evaluation finished, time: 0.78 mins
	test set evaluation finished, time: 0.92 mins
	learning rate: group 0 : 2.5e-05
	       Train          |         Valid          |          Test       
	TP:   599, FP:     3  |  TP:   128, FP:     4  |  TP:   128, FP:     1
	FN:     0, TN:   596  |  FN:     0, TN:   124  |  FN:     1, TN:   128
	Train -- Accu: 0.9975, Prec: 0.9950, Reca: 1.0000, Spec: 0.9950, F1Sc: 0.9975
	Valid -- Accu: 0.9844, Prec: 0.9697, Reca: 1.0000, Spec: 0.9688, F1Sc: 0.9846
	Test  -- Accu: 0.9922, Prec: 0.9922, Reca: 0.9922, Spec: 0.9922, F1Sc: 0.9922
	Average train Loss: 0.0124688
	Average valid Loss: 0.0662949
	Average test  Loss: 0.0307941
	training finished, time: 3.84 mins
【Epoch: 12】
	train set evaluation finished, time: 3.63 mins
	test set evaluation finished, time: 0.77 mins
	test set evaluation finished, time: 0.92 mins
	learning rate: group 0 : 2.5e-05
	       Train          |         Valid          |          Test       
	TP:   599, FP:     2  |  TP:   128, FP:     4  |  TP:   128, FP:     1
	FN:     0, TN:   597  |  FN:     0, TN:   124  |  FN:     1, TN:   128
	Train -- Accu: 0.9983, Prec: 0.9967, Reca: 1.0000, Spec: 0.9967, F1Sc: 0.9983
	Valid -- Accu: 0.9844, Prec: 0.9697, Reca: 1.0000, Spec: 0.9688, F1Sc: 0.9846
	Test  -- Accu: 0.9922, Prec: 0.9922, Reca: 0.9922, Spec: 0.9922, F1Sc: 0.9922
	Average train Loss: 0.0102880
	Average valid Loss: 0.0616662
	Average test  Loss: 0.0300937
	training finished, time: 3.82 mins
【Epoch: 13】
	train set evaluation finished, time: 3.64 mins
	test set evaluation finished, time: 0.78 mins
	test set evaluation finished, time: 0.92 mins
	learning rate: group 0 : 1.25e-05
	       Train          |         Valid          |          Test       
	TP:   599, FP:     2  |  TP:   128, FP:     4  |  TP:   129, FP:     1
	FN:     0, TN:   597  |  FN:     0, TN:   124  |  FN:     0, TN:   128
	Train -- Accu: 0.9983, Prec: 0.9967, Reca: 1.0000, Spec: 0.9967, F1Sc: 0.9983
	Valid -- Accu: 0.9844, Prec: 0.9697, Reca: 1.0000, Spec: 0.9688, F1Sc: 0.9846
	Test  -- Accu: 0.9961, Prec: 0.9923, Reca: 1.0000, Spec: 0.9922, F1Sc: 0.9961
	Average train Loss: 0.0096333
	Average valid Loss: 0.0658777
	Average test  Loss: 0.0293767
	training finished, time: 3.70 mins
【Epoch: 14】
	train set evaluation finished, time: 3.63 mins
	test set evaluation finished, time: 0.77 mins
	test set evaluation finished, time: 0.92 mins
	learning rate: group 0 : 1.25e-05
	       Train          |         Valid          |          Test       
	TP:   599, FP:     2  |  TP:   128, FP:     4  |  TP:   129, FP:     1
	FN:     0, TN:   597  |  FN:     0, TN:   124  |  FN:     0, TN:   128
	Train -- Accu: 0.9983, Prec: 0.9967, Reca: 1.0000, Spec: 0.9967, F1Sc: 0.9983
	Valid -- Accu: 0.9844, Prec: 0.9697, Reca: 1.0000, Spec: 0.9688, F1Sc: 0.9846
	Test  -- Accu: 0.9961, Prec: 0.9923, Reca: 1.0000, Spec: 0.9922, F1Sc: 0.9961
	Average train Loss: 0.0090161
	Average valid Loss: 0.0691729
	Average test  Loss: 0.0279576
	training finished, time: 3.72 mins
【Epoch: 15】
	train set evaluation finished, time: 3.63 mins
	test set evaluation finished, time: 0.77 mins
	test set evaluation finished, time: 0.91 mins
	learning rate: group 0 : 6.25e-06
	       Train          |         Valid          |          Test       
	TP:   599, FP:     2  |  TP:   128, FP:     4  |  TP:   129, FP:     1
	FN:     0, TN:   597  |  FN:     0, TN:   124  |  FN:     0, TN:   128
	Train -- Accu: 0.9983, Prec: 0.9967, Reca: 1.0000, Spec: 0.9967, F1Sc: 0.9983
	Valid -- Accu: 0.9844, Prec: 0.9697, Reca: 1.0000, Spec: 0.9688, F1Sc: 0.9846
	Test  -- Accu: 0.9961, Prec: 0.9923, Reca: 1.0000, Spec: 0.9922, F1Sc: 0.9961
	Average train Loss: 0.0084804
	Average valid Loss: 0.0696086
	Average test  Loss: 0.0282887
	training finished, time: 3.72 mins
【Epoch: 16】
	train set evaluation finished, time: 3.63 mins
	test set evaluation finished, time: 0.78 mins
	test set evaluation finished, time: 0.93 mins
	learning rate: group 0 : 6.25e-06
	       Train          |         Valid          |          Test       
	TP:   599, FP:     2  |  TP:   128, FP:     4  |  TP:   129, FP:     1
	FN:     0, TN:   597  |  FN:     0, TN:   124  |  FN:     0, TN:   128
	Train -- Accu: 0.9983, Prec: 0.9967, Reca: 1.0000, Spec: 0.9967, F1Sc: 0.9983
	Valid -- Accu: 0.9844, Prec: 0.9697, Reca: 1.0000, Spec: 0.9688, F1Sc: 0.9846
	Test  -- Accu: 0.9961, Prec: 0.9923, Reca: 1.0000, Spec: 0.9922, F1Sc: 0.9961
	Average train Loss: 0.0078650
	Average valid Loss: 0.0637097
	Average test  Loss: 0.0287630
	training finished, time: 3.72 mins
【Epoch: 17】
	train set evaluation finished, time: 3.65 mins
	test set evaluation finished, time: 0.77 mins
	test set evaluation finished, time: 0.93 mins
	learning rate: group 0 : 3.125e-06
	       Train          |         Valid          |          Test       
	TP:   599, FP:     2  |  TP:   128, FP:     4  |  TP:   129, FP:     1
	FN:     0, TN:   597  |  FN:     0, TN:   124  |  FN:     0, TN:   128
	Train -- Accu: 0.9983, Prec: 0.9967, Reca: 1.0000, Spec: 0.9967, F1Sc: 0.9983
	Valid -- Accu: 0.9844, Prec: 0.9697, Reca: 1.0000, Spec: 0.9688, F1Sc: 0.9846
	Test  -- Accu: 0.9961, Prec: 0.9923, Reca: 1.0000, Spec: 0.9922, F1Sc: 0.9961
	Average train Loss: 0.0076419
	Average valid Loss: 0.0641482
	Average test  Loss: 0.0289692
	training finished, time: 3.74 mins
【Epoch: 18】
	train set evaluation finished, time: 3.65 mins
	test set evaluation finished, time: 0.78 mins
	test set evaluation finished, time: 0.91 mins
	learning rate: group 0 : 3.125e-06
	       Train          |         Valid          |          Test       
	TP:   599, FP:     2  |  TP:   128, FP:     4  |  TP:   129, FP:     1
	FN:     0, TN:   597  |  FN:     0, TN:   124  |  FN:     0, TN:   128
	Train -- Accu: 0.9983, Prec: 0.9967, Reca: 1.0000, Spec: 0.9967, F1Sc: 0.9983
	Valid -- Accu: 0.9844, Prec: 0.9697, Reca: 1.0000, Spec: 0.9688, F1Sc: 0.9846
	Test  -- Accu: 0.9961, Prec: 0.9923, Reca: 1.0000, Spec: 0.9922, F1Sc: 0.9961
	Average train Loss: 0.0074726
	Average valid Loss: 0.0621542
	Average test  Loss: 0.0294128
	training finished, time: 3.70 mins
【Epoch: 19】
	train set evaluation finished, time: 3.64 mins
	test set evaluation finished, time: 0.77 mins
	test set evaluation finished, time: 0.92 mins
	learning rate: group 0 : 1.5625e-06
	       Train          |         Valid          |          Test       
	TP:   599, FP:     2  |  TP:   128, FP:     4  |  TP:   129, FP:     1
	FN:     0, TN:   597  |  FN:     0, TN:   124  |  FN:     0, TN:   128
	Train -- Accu: 0.9983, Prec: 0.9967, Reca: 1.0000, Spec: 0.9967, F1Sc: 0.9983
	Valid -- Accu: 0.9844, Prec: 0.9697, Reca: 1.0000, Spec: 0.9688, F1Sc: 0.9846
	Test  -- Accu: 0.9961, Prec: 0.9923, Reca: 1.0000, Spec: 0.9922, F1Sc: 0.9961
	Average train Loss: 0.0073583
	Average valid Loss: 0.0619669
	Average test  Loss: 0.0296019
	training finished, time: 3.71 mins
【Epoch: 20】
	train set evaluation finished, time: 3.65 mins
	test set evaluation finished, time: 0.77 mins
	test set evaluation finished, time: 0.91 mins
	learning rate: group 0 : 1.5625e-06
	       Train          |         Valid          |          Test       
	TP:   599, FP:     2  |  TP:   128, FP:     4  |  TP:   129, FP:     1
	FN:     0, TN:   597  |  FN:     0, TN:   124  |  FN:     0, TN:   128
	Train -- Accu: 0.9983, Prec: 0.9967, Reca: 1.0000, Spec: 0.9967, F1Sc: 0.9983
	Valid -- Accu: 0.9844, Prec: 0.9697, Reca: 1.0000, Spec: 0.9688, F1Sc: 0.9846
	Test  -- Accu: 0.9961, Prec: 0.9923, Reca: 1.0000, Spec: 0.9922, F1Sc: 0.9961
	Average train Loss: 0.0072984
	Average valid Loss: 0.0616756
	Average test  Loss: 0.0297843
	training finished, time: 3.73 mins
【Epoch: 21】
	train set evaluation finished, time: 3.66 mins
	test set evaluation finished, time: 0.77 mins
	test set evaluation finished, time: 0.91 mins
	learning rate: group 0 : 7.8125e-07
	       Train          |         Valid          |          Test       
	TP:   599, FP:     2  |  TP:   128, FP:     4  |  TP:   129, FP:     1
	FN:     0, TN:   597  |  FN:     0, TN:   124  |  FN:     0, TN:   128
	Train -- Accu: 0.9983, Prec: 0.9967, Reca: 1.0000, Spec: 0.9967, F1Sc: 0.9983
	Valid -- Accu: 0.9844, Prec: 0.9697, Reca: 1.0000, Spec: 0.9688, F1Sc: 0.9846
	Test  -- Accu: 0.9961, Prec: 0.9923, Reca: 1.0000, Spec: 0.9922, F1Sc: 0.9961
	Average train Loss: 0.0072448
	Average valid Loss: 0.0616742
	Average test  Loss: 0.0298603
	training finished, time: 3.71 mins
【Epoch: 22】
	train set evaluation finished, time: 3.66 mins
	test set evaluation finished, time: 0.78 mins
	test set evaluation finished, time: 0.92 mins
	learning rate: group 0 : 7.8125e-07
	       Train          |         Valid          |          Test       
	TP:   599, FP:     2  |  TP:   128, FP:     4  |  TP:   129, FP:     1
	FN:     0, TN:   597  |  FN:     0, TN:   124  |  FN:     0, TN:   128
	Train -- Accu: 0.9983, Prec: 0.9967, Reca: 1.0000, Spec: 0.9967, F1Sc: 0.9983
	Valid -- Accu: 0.9844, Prec: 0.9697, Reca: 1.0000, Spec: 0.9688, F1Sc: 0.9846
	Test  -- Accu: 0.9961, Prec: 0.9923, Reca: 1.0000, Spec: 0.9922, F1Sc: 0.9961
	Average train Loss: 0.0072167
	Average valid Loss: 0.0616387
	Average test  Loss: 0.0299549
	training finished, time: 3.70 mins
【Epoch: 23】
	train set evaluation finished, time: 3.71 mins
	test set evaluation finished, time: 0.78 mins
	test set evaluation finished, time: 0.91 mins
	learning rate: group 0 : 3.90625e-07
	       Train          |         Valid          |          Test       
	TP:   599, FP:     2  |  TP:   128, FP:     4  |  TP:   129, FP:     1
	FN:     0, TN:   597  |  FN:     0, TN:   124  |  FN:     0, TN:   128
	Train -- Accu: 0.9983, Prec: 0.9967, Reca: 1.0000, Spec: 0.9967, F1Sc: 0.9983
	Valid -- Accu: 0.9844, Prec: 0.9697, Reca: 1.0000, Spec: 0.9688, F1Sc: 0.9846
	Test  -- Accu: 0.9961, Prec: 0.9923, Reca: 1.0000, Spec: 0.9922, F1Sc: 0.9961
	Average train Loss: 0.0071907
	Average valid Loss: 0.0617038
	Average test  Loss: 0.0299859
	training finished, time: 3.74 mins
【Epoch: 24】
	train set evaluation finished, time: 3.70 mins
	test set evaluation finished, time: 0.79 mins
	test set evaluation finished, time: 0.91 mins
	learning rate: group 0 : 3.90625e-07
	       Train          |         Valid          |          Test       
	TP:   599, FP:     2  |  TP:   128, FP:     4  |  TP:   129, FP:     1
	FN:     0, TN:   597  |  FN:     0, TN:   124  |  FN:     0, TN:   128
	Train -- Accu: 0.9983, Prec: 0.9967, Reca: 1.0000, Spec: 0.9967, F1Sc: 0.9983
	Valid -- Accu: 0.9844, Prec: 0.9697, Reca: 1.0000, Spec: 0.9688, F1Sc: 0.9846
	Test  -- Accu: 0.9961, Prec: 0.9923, Reca: 1.0000, Spec: 0.9922, F1Sc: 0.9961
	Average train Loss: 0.0071777
	Average valid Loss: 0.0617209
	Average test  Loss: 0.0300296
	training finished, time: 3.80 mins
【Epoch: 25】
	train set evaluation finished, time: 3.68 mins
	test set evaluation finished, time: 0.78 mins
	test set evaluation finished, time: 0.90 mins
	learning rate: group 0 : 1.953125e-07
	       Train          |         Valid          |          Test       
	TP:   599, FP:     2  |  TP:   128, FP:     4  |  TP:   129, FP:     1
	FN:     0, TN:   597  |  FN:     0, TN:   124  |  FN:     0, TN:   128
	Train -- Accu: 0.9983, Prec: 0.9967, Reca: 1.0000, Spec: 0.9967, F1Sc: 0.9983
	Valid -- Accu: 0.9844, Prec: 0.9697, Reca: 1.0000, Spec: 0.9688, F1Sc: 0.9846
	Test  -- Accu: 0.9961, Prec: 0.9923, Reca: 1.0000, Spec: 0.9922, F1Sc: 0.9961
	Average train Loss: 0.0071648
	Average valid Loss: 0.0617571
	Average test  Loss: 0.0300555
	training finished, time: 3.80 mins
【Epoch: 26】
	train set evaluation finished, time: 3.71 mins
	test set evaluation finished, time: 0.77 mins
	test set evaluation finished, time: 0.89 mins
	learning rate: group 0 : 1.953125e-07
	       Train          |         Valid          |          Test       
	TP:   599, FP:     2  |  TP:   128, FP:     4  |  TP:   129, FP:     1
	FN:     0, TN:   597  |  FN:     0, TN:   124  |  FN:     0, TN:   128
	Train -- Accu: 0.9983, Prec: 0.9967, Reca: 1.0000, Spec: 0.9967, F1Sc: 0.9983
	Valid -- Accu: 0.9844, Prec: 0.9697, Reca: 1.0000, Spec: 0.9688, F1Sc: 0.9846
	Test  -- Accu: 0.9961, Prec: 0.9923, Reca: 1.0000, Spec: 0.9922, F1Sc: 0.9961
	Average train Loss: 0.0071583
	Average valid Loss: 0.0617706
	Average test  Loss: 0.0300677
	training finished, time: 3.80 mins
【Epoch: 27】
	train set evaluation finished, time: 3.71 mins
	test set evaluation finished, time: 0.76 mins
	test set evaluation finished, time: 0.92 mins
	learning rate: group 0 : 9.765625e-08
	       Train          |         Valid          |          Test       
	TP:   599, FP:     2  |  TP:   128, FP:     4  |  TP:   129, FP:     1
	FN:     0, TN:   597  |  FN:     0, TN:   124  |  FN:     0, TN:   128
	Train -- Accu: 0.9983, Prec: 0.9967, Reca: 1.0000, Spec: 0.9967, F1Sc: 0.9983
	Valid -- Accu: 0.9844, Prec: 0.9697, Reca: 1.0000, Spec: 0.9688, F1Sc: 0.9846
	Test  -- Accu: 0.9961, Prec: 0.9923, Reca: 1.0000, Spec: 0.9922, F1Sc: 0.9961
	Average train Loss: 0.0071517
	Average valid Loss: 0.0617778
	Average test  Loss: 0.0300847
	training finished, time: 3.79 mins
【Epoch: 28】
	train set evaluation finished, time: 3.56 mins
	test set evaluation finished, time: 0.77 mins
	test set evaluation finished, time: 0.92 mins
	learning rate: group 0 : 9.765625e-08
	       Train          |         Valid          |          Test       
	TP:   599, FP:     2  |  TP:   128, FP:     4  |  TP:   129, FP:     1
	FN:     0, TN:   597  |  FN:     0, TN:   124  |  FN:     0, TN:   128
	Train -- Accu: 0.9983, Prec: 0.9967, Reca: 1.0000, Spec: 0.9967, F1Sc: 0.9983
	Valid -- Accu: 0.9844, Prec: 0.9697, Reca: 1.0000, Spec: 0.9688, F1Sc: 0.9846
	Test  -- Accu: 0.9961, Prec: 0.9923, Reca: 1.0000, Spec: 0.9922, F1Sc: 0.9961
	Average train Loss: 0.0071477
	Average valid Loss: 0.0617483
	Average test  Loss: 0.0300923
	training finished, time: 3.78 mins
【Epoch: 29】
	train set evaluation finished, time: 3.57 mins
	test set evaluation finished, time: 0.76 mins
	test set evaluation finished, time: 0.91 mins
	learning rate: group 0 : 4.8828125e-08
	       Train          |         Valid          |          Test       
	TP:   599, FP:     2  |  TP:   128, FP:     4  |  TP:   129, FP:     1
	FN:     0, TN:   597  |  FN:     0, TN:   124  |  FN:     0, TN:   128
	Train -- Accu: 0.9983, Prec: 0.9967, Reca: 1.0000, Spec: 0.9967, F1Sc: 0.9983
	Valid -- Accu: 0.9844, Prec: 0.9697, Reca: 1.0000, Spec: 0.9688, F1Sc: 0.9846
	Test  -- Accu: 0.9961, Prec: 0.9923, Reca: 1.0000, Spec: 0.9922, F1Sc: 0.9961
	Average train Loss: 0.0071438
	Average valid Loss: 0.0617206
	Average test  Loss: 0.0300991
	training finished, time: 3.78 mins
【Epoch: 30】
	train set evaluation finished, time: 3.59 mins
	test set evaluation finished, time: 0.76 mins
	test set evaluation finished, time: 0.92 mins
	learning rate: group 0 : 4.8828125e-08
	       Train          |         Valid          |          Test       
	TP:   599, FP:     2  |  TP:   128, FP:     4  |  TP:   129, FP:     1
	FN:     0, TN:   597  |  FN:     0, TN:   124  |  FN:     0, TN:   128
	Train -- Accu: 0.9983, Prec: 0.9967, Reca: 1.0000, Spec: 0.9967, F1Sc: 0.9983
	Valid -- Accu: 0.9844, Prec: 0.9697, Reca: 1.0000, Spec: 0.9688, F1Sc: 0.9846
	Test  -- Accu: 0.9961, Prec: 0.9923, Reca: 1.0000, Spec: 0.9922, F1Sc: 0.9961
	Average train Loss: 0.0071412
	Average valid Loss: 0.0616763
	Average test  Loss: 0.0301025
	training finished, time: 3.78 mins
【Epoch: 31】
	train set evaluation finished, time: 3.60 mins
	test set evaluation finished, time: 0.75 mins
	test set evaluation finished, time: 0.91 mins
	learning rate: group 0 : 2.44140625e-08
	       Train          |         Valid          |          Test       
	TP:   599, FP:     2  |  TP:   128, FP:     4  |  TP:   129, FP:     1
	FN:     0, TN:   597  |  FN:     0, TN:   124  |  FN:     0, TN:   128
	Train -- Accu: 0.9983, Prec: 0.9967, Reca: 1.0000, Spec: 0.9967, F1Sc: 0.9983
	Valid -- Accu: 0.9844, Prec: 0.9697, Reca: 1.0000, Spec: 0.9688, F1Sc: 0.9846
	Test  -- Accu: 0.9961, Prec: 0.9923, Reca: 1.0000, Spec: 0.9922, F1Sc: 0.9961
	Average train Loss: 0.0071387
	Average valid Loss: 0.0616329
	Average test  Loss: 0.0301060
	training finished, time: 3.79 mins
【Epoch: 32】
	train set evaluation finished, time: 3.63 mins
	test set evaluation finished, time: 0.77 mins
	test set evaluation finished, time: 0.90 mins
	learning rate: group 0 : 2.44140625e-08
	       Train          |         Valid          |          Test       
	TP:   599, FP:     2  |  TP:   128, FP:     4  |  TP:   129, FP:     1
	FN:     0, TN:   597  |  FN:     0, TN:   124  |  FN:     0, TN:   128
	Train -- Accu: 0.9983, Prec: 0.9967, Reca: 1.0000, Spec: 0.9967, F1Sc: 0.9983
	Valid -- Accu: 0.9844, Prec: 0.9697, Reca: 1.0000, Spec: 0.9688, F1Sc: 0.9846
	Test  -- Accu: 0.9961, Prec: 0.9923, Reca: 1.0000, Spec: 0.9922, F1Sc: 0.9961
	Average train Loss: 0.0071372
	Average valid Loss: 0.0615902
	Average test  Loss: 0.0301099
	training finished, time: 3.78 mins
【Epoch: 33】
	train set evaluation finished, time: 3.59 mins
	test set evaluation finished, time: 0.78 mins
	test set evaluation finished, time: 0.90 mins
	learning rate: group 0 : 1.220703125e-08
	       Train          |         Valid          |          Test       
	TP:   599, FP:     2  |  TP:   128, FP:     4  |  TP:   129, FP:     1
	FN:     0, TN:   597  |  FN:     0, TN:   124  |  FN:     0, TN:   128
	Train -- Accu: 0.9983, Prec: 0.9967, Reca: 1.0000, Spec: 0.9967, F1Sc: 0.9983
	Valid -- Accu: 0.9844, Prec: 0.9697, Reca: 1.0000, Spec: 0.9688, F1Sc: 0.9846
	Test  -- Accu: 0.9961, Prec: 0.9923, Reca: 1.0000, Spec: 0.9922, F1Sc: 0.9961
	Average train Loss: 0.0071357
	Average valid Loss: 0.0615485
	Average test  Loss: 0.0301136
	training finished, time: 3.79 mins
【Epoch: 34】
	train set evaluation finished, time: 3.58 mins
	test set evaluation finished, time: 0.77 mins
	test set evaluation finished, time: 0.93 mins
	learning rate: group 0 : 1.220703125e-08
	       Train          |         Valid          |          Test       
	TP:   599, FP:     2  |  TP:   128, FP:     4  |  TP:   129, FP:     1
	FN:     0, TN:   597  |  FN:     0, TN:   124  |  FN:     0, TN:   128
	Train -- Accu: 0.9983, Prec: 0.9967, Reca: 1.0000, Spec: 0.9967, F1Sc: 0.9983
	Valid -- Accu: 0.9844, Prec: 0.9697, Reca: 1.0000, Spec: 0.9688, F1Sc: 0.9846
	Test  -- Accu: 0.9961, Prec: 0.9923, Reca: 1.0000, Spec: 0.9922, F1Sc: 0.9961
	Average train Loss: 0.0071348
	Average valid Loss: 0.0615176
	Average test  Loss: 0.0301167
	training finished, time: 3.78 mins
【Epoch: 35】
	train set evaluation finished, time: 3.56 mins
	test set evaluation finished, time: 0.78 mins
	test set evaluation finished, time: 0.91 mins
	learning rate: group 0 : 1.220703125e-08
	       Train          |         Valid          |          Test       
	TP:   599, FP:     2  |  TP:   128, FP:     4  |  TP:   129, FP:     1
	FN:     0, TN:   597  |  FN:     0, TN:   124  |  FN:     0, TN:   128
	Train -- Accu: 0.9983, Prec: 0.9967, Reca: 1.0000, Spec: 0.9967, F1Sc: 0.9983
	Valid -- Accu: 0.9844, Prec: 0.9697, Reca: 1.0000, Spec: 0.9688, F1Sc: 0.9846
	Test  -- Accu: 0.9961, Prec: 0.9923, Reca: 1.0000, Spec: 0.9922, F1Sc: 0.9961
	Average train Loss: 0.0071340
	Average valid Loss: 0.0614870
	Average test  Loss: 0.0301197
	training finished, time: 3.81 mins
【Epoch: 36】
	train set evaluation finished, time: 3.58 mins
	test set evaluation finished, time: 0.76 mins
	test set evaluation finished, time: 0.90 mins
	learning rate: group 0 : 1.220703125e-08
	       Train          |         Valid          |          Test       
	TP:   599, FP:     2  |  TP:   128, FP:     4  |  TP:   129, FP:     1
	FN:     0, TN:   597  |  FN:     0, TN:   124  |  FN:     0, TN:   128
	Train -- Accu: 0.9983, Prec: 0.9967, Reca: 1.0000, Spec: 0.9967, F1Sc: 0.9983
	Valid -- Accu: 0.9844, Prec: 0.9697, Reca: 1.0000, Spec: 0.9688, F1Sc: 0.9846
	Test  -- Accu: 0.9961, Prec: 0.9923, Reca: 1.0000, Spec: 0.9922, F1Sc: 0.9961
	Average train Loss: 0.0071332
	Average valid Loss: 0.0614567
	Average test  Loss: 0.0301227
	training finished, time: 3.78 mins
【Epoch: 37】
	train set evaluation finished, time: 3.57 mins
	test set evaluation finished, time: 0.77 mins
	test set evaluation finished, time: 0.92 mins
	learning rate: group 0 : 1.220703125e-08
	       Train          |         Valid          |          Test       
	TP:   599, FP:     2  |  TP:   128, FP:     4  |  TP:   129, FP:     1
	FN:     0, TN:   597  |  FN:     0, TN:   124  |  FN:     0, TN:   128
	Train -- Accu: 0.9983, Prec: 0.9967, Reca: 1.0000, Spec: 0.9967, F1Sc: 0.9983
	Valid -- Accu: 0.9844, Prec: 0.9697, Reca: 1.0000, Spec: 0.9688, F1Sc: 0.9846
	Test  -- Accu: 0.9961, Prec: 0.9923, Reca: 1.0000, Spec: 0.9922, F1Sc: 0.9961
	Average train Loss: 0.0071324
	Average valid Loss: 0.0614272
	Average test  Loss: 0.0301253
	training finished, time: 3.79 mins
【Epoch: 38】
	train set evaluation finished, time: 3.59 mins
	test set evaluation finished, time: 0.77 mins
	test set evaluation finished, time: 0.92 mins
	learning rate: group 0 : 1.220703125e-08
	       Train          |         Valid          |          Test       
	TP:   599, FP:     2  |  TP:   128, FP:     4  |  TP:   129, FP:     1
	FN:     0, TN:   597  |  FN:     0, TN:   124  |  FN:     0, TN:   128
	Train -- Accu: 0.9983, Prec: 0.9967, Reca: 1.0000, Spec: 0.9967, F1Sc: 0.9983
	Valid -- Accu: 0.9844, Prec: 0.9697, Reca: 1.0000, Spec: 0.9688, F1Sc: 0.9846
	Test  -- Accu: 0.9961, Prec: 0.9923, Reca: 1.0000, Spec: 0.9922, F1Sc: 0.9961
	Average train Loss: 0.0071315
	Average valid Loss: 0.0613969
	Average test  Loss: 0.0301284
	training finished, time: 3.78 mins
【Epoch: 39】
	train set evaluation finished, time: 3.57 mins
	test set evaluation finished, time: 0.77 mins
	test set evaluation finished, time: 0.91 mins
	learning rate: group 0 : 1.220703125e-08
	       Train          |         Valid          |          Test       
	TP:   599, FP:     2  |  TP:   128, FP:     4  |  TP:   129, FP:     1
	FN:     0, TN:   597  |  FN:     0, TN:   124  |  FN:     0, TN:   128
	Train -- Accu: 0.9983, Prec: 0.9967, Reca: 1.0000, Spec: 0.9967, F1Sc: 0.9983
	Valid -- Accu: 0.9844, Prec: 0.9697, Reca: 1.0000, Spec: 0.9688, F1Sc: 0.9846
	Test  -- Accu: 0.9961, Prec: 0.9923, Reca: 1.0000, Spec: 0.9922, F1Sc: 0.9961
	Average train Loss: 0.0071307
	Average valid Loss: 0.0613666
	Average test  Loss: 0.0301317
	training finished, time: 3.76 mins
【Epoch: 40】
	train set evaluation finished, time: 3.58 mins
	test set evaluation finished, time: 0.76 mins
	test set evaluation finished, time: 0.92 mins
	learning rate: group 0 : 1.220703125e-08
	       Train          |         Valid          |          Test       
	TP:   599, FP:     2  |  TP:   128, FP:     4  |  TP:   129, FP:     1
	FN:     0, TN:   597  |  FN:     0, TN:   124  |  FN:     0, TN:   128
	Train -- Accu: 0.9983, Prec: 0.9967, Reca: 1.0000, Spec: 0.9967, F1Sc: 0.9983
	Valid -- Accu: 0.9844, Prec: 0.9697, Reca: 1.0000, Spec: 0.9688, F1Sc: 0.9846
	Test  -- Accu: 0.9961, Prec: 0.9923, Reca: 1.0000, Spec: 0.9922, F1Sc: 0.9961
	Average train Loss: 0.0071299
	Average valid Loss: 0.0613370
	Average test  Loss: 0.0301345
	training finished, time: 3.79 mins
【Epoch: 41】
	train set evaluation finished, time: 3.57 mins
	test set evaluation finished, time: 0.82 mins
	test set evaluation finished, time: 0.98 mins
	learning rate: group 0 : 1.220703125e-08
	       Train          |         Valid          |          Test       
	TP:   599, FP:     2  |  TP:   128, FP:     4  |  TP:   129, FP:     1
	FN:     0, TN:   597  |  FN:     0, TN:   124  |  FN:     0, TN:   128
	Train -- Accu: 0.9983, Prec: 0.9967, Reca: 1.0000, Spec: 0.9967, F1Sc: 0.9983
	Valid -- Accu: 0.9844, Prec: 0.9697, Reca: 1.0000, Spec: 0.9688, F1Sc: 0.9846
	Test  -- Accu: 0.9961, Prec: 0.9923, Reca: 1.0000, Spec: 0.9922, F1Sc: 0.9961
	Average train Loss: 0.0071292
	Average valid Loss: 0.0613075
	Average test  Loss: 0.0301374
	training finished, time: 4.09 mins
【Epoch: 42】
	train set evaluation finished, time: 3.83 mins
	test set evaluation finished, time: 0.82 mins
	test set evaluation finished, time: 0.98 mins
	learning rate: group 0 : 1.220703125e-08
	       Train          |         Valid          |          Test       
	TP:   599, FP:     2  |  TP:   128, FP:     4  |  TP:   129, FP:     1
	FN:     0, TN:   597  |  FN:     0, TN:   124  |  FN:     0, TN:   128
	Train -- Accu: 0.9983, Prec: 0.9967, Reca: 1.0000, Spec: 0.9967, F1Sc: 0.9983
	Valid -- Accu: 0.9844, Prec: 0.9697, Reca: 1.0000, Spec: 0.9688, F1Sc: 0.9846
	Test  -- Accu: 0.9961, Prec: 0.9923, Reca: 1.0000, Spec: 0.9922, F1Sc: 0.9961
	Average train Loss: 0.0071284
	Average valid Loss: 0.0612781
	Average test  Loss: 0.0301403
	training finished, time: 4.05 mins
【Epoch: 43】
	train set evaluation finished, time: 3.21 mins
	test set evaluation finished, time: 0.58 mins
	test set evaluation finished, time: 0.66 mins
	learning rate: group 0 : 1.220703125e-08
	       Train          |         Valid          |          Test       
	TP:   599, FP:     2  |  TP:   128, FP:     4  |  TP:   129, FP:     1
	FN:     0, TN:   597  |  FN:     0, TN:   124  |  FN:     0, TN:   128
	Train -- Accu: 0.9983, Prec: 0.9967, Reca: 1.0000, Spec: 0.9967, F1Sc: 0.9983
	Valid -- Accu: 0.9844, Prec: 0.9697, Reca: 1.0000, Spec: 0.9688, F1Sc: 0.9846
	Test  -- Accu: 0.9961, Prec: 0.9923, Reca: 1.0000, Spec: 0.9922, F1Sc: 0.9961
	Average train Loss: 0.0071276
	Average valid Loss: 0.0612485
	Average test  Loss: 0.0301434
