
current time             : 2024-08-14 05:18:31
code path                : F:\Project\SmtCon\Classification\240806-SCcfg_graph\240806-SCcfg_graph-V10_6_C1\SCcfg_graph_V10_6_C1_main.py

Binary Classification model training.
*************Basic settings*************
config                   : {
    "logtest": false,
    "seed": 1000,
    "previous_dataset": false,
    "previous_dataset_path": "",
    "vul_ann": "Tim",
    "vul": "time_manipulation",
    "dataset_name": "SmartBugs",
    "dataset_split": [
        0.7,
        0.15,
        0.15
    ],
    "previous_model": false,
    "previous_model_path": "",
    "max_saved_model": 10,
    "num_labels": 2,
    "num_GCN": 4,
    "d_node_feat": 1024,
    "d_node_reshape": 128,
    "d_output": 128,
    "batch_size": 8,
    "num_epochs": 50,
    "wight_pen": 0.05,
    "lr": 0.0001,
    "optimizer": {
        "weight_decay": 0.0001
    },
    "scheduler": {
        "factor": 0.5,
        "patience": 1,
        "verbose": true,
        "min_lr_rate": 1e-08
    },
    "criterion": {
        "alpha": [
            1,
            1
        ],
        "gamma": 0,
        "reduction": "sum"
    }
}
dataset dir              : F:\Project\SmtCon_dataset\SmartContract\SmartBugs\Phase4\Multimodal_Fusion__time_manipulation_SCcfg_graph_ExprsNode

*********Model hyper-parameters*********
training device          : [device(type='cuda', index=0)]
optimizer                : Adam (
Parameter Group 0
    amsgrad: False
    betas: (0.9, 0.999)
    capturable: False
    eps: 1e-08
    foreach: None
    lr: 0.0001
    maximize: False
    weight_decay: 0.0001
)
loss function            : CrossEntropyLoss

************Model structure*************
Model(
  (linear_1): Linear(in_features=1024, out_features=128, bias=True)
  (multi_GCN_layer): ModuleList(
    (0): GCNConv(128, 128)
    (1): GCNConv(128, 128)
    (2): GCNConv(128, 128)
    (3): GCNConv(128, 128)
  )
  (linear_2): Linear(in_features=128, out_features=2, bias=True)
)
Trainable params         : 197,506
Non-trainable params     : 0
Total params             : 197,506

****************Training****************
【Epoch: 00】
	train set evaluation finished, time: 2.75 mins
	test set evaluation finished, time: 0.70 mins
	test set evaluation finished, time: 0.74 mins
	learning rate: group 0 : 0.0001
	       Train          |         Valid          |          Test       
	TP:     0, FP:     0  |  TP:     0, FP:     0  |  TP:     0, FP:     0
	FN:   616, TN:   616  |  FN:   132, TN:   132  |  FN:   133, TN:   133
	Train -- Accu: 0.5000, Prec: 0.0000, Reca: 0.0000, Spec: 1.0000, F1Sc: 0.0000
	Valid -- Accu: 0.5000, Prec: 0.0000, Reca: 0.0000, Spec: 1.0000, F1Sc: 0.0000
	Test  -- Accu: 0.5000, Prec: 0.0000, Reca: 0.0000, Spec: 1.0000, F1Sc: 0.0000
	Average train Loss: 0.7257748
	Average valid Loss: 0.7237715
	Average test  Loss: 0.7260130
	training finished, time: 3.41 mins
【Epoch: 01】
	train set evaluation finished, time: 3.37 mins
	test set evaluation finished, time: 0.70 mins
	test set evaluation finished, time: 0.74 mins
	learning rate: group 0 : 0.0001
	       Train          |         Valid          |          Test       
	TP:   607, FP:   466  |  TP:   129, FP:   101  |  TP:   133, FP:   103
	FN:     9, TN:   150  |  FN:     3, TN:    31  |  FN:     0, TN:    30
	Train -- Accu: 0.6144, Prec: 0.5657, Reca: 0.9854, Spec: 0.2435, F1Sc: 0.7188
	Valid -- Accu: 0.6061, Prec: 0.5609, Reca: 0.9773, Spec: 0.2348, F1Sc: 0.7127
	Test  -- Accu: 0.6128, Prec: 0.5636, Reca: 1.0000, Spec: 0.2256, F1Sc: 0.7209
	Average train Loss: 0.6728124
	Average valid Loss: 0.6826756
	Average test  Loss: 0.6607477
	training finished, time: 3.38 mins
【Epoch: 02】
	train set evaluation finished, time: 3.33 mins
	test set evaluation finished, time: 0.70 mins
	test set evaluation finished, time: 0.73 mins
	learning rate: group 0 : 0.0001
	       Train          |         Valid          |          Test       
	TP:   592, FP:   318  |  TP:   126, FP:    63  |  TP:   130, FP:    71
	FN:    24, TN:   298  |  FN:     6, TN:    69  |  FN:     3, TN:    62
	Train -- Accu: 0.7224, Prec: 0.6505, Reca: 0.9610, Spec: 0.4838, F1Sc: 0.7759
	Valid -- Accu: 0.7386, Prec: 0.6667, Reca: 0.9545, Spec: 0.5227, F1Sc: 0.7850
	Test  -- Accu: 0.7218, Prec: 0.6468, Reca: 0.9774, Spec: 0.4662, F1Sc: 0.7784
	Average train Loss: 0.6083179
	Average valid Loss: 0.6178238
	Average test  Loss: 0.5764634
	training finished, time: 3.36 mins
【Epoch: 03】
	train set evaluation finished, time: 3.36 mins
	test set evaluation finished, time: 0.70 mins
	test set evaluation finished, time: 0.74 mins
	learning rate: group 0 : 0.0001
	       Train          |         Valid          |          Test       
	TP:   585, FP:   263  |  TP:   123, FP:    53  |  TP:   128, FP:    64
	FN:    31, TN:   353  |  FN:     9, TN:    79  |  FN:     5, TN:    69
	Train -- Accu: 0.7614, Prec: 0.6899, Reca: 0.9497, Spec: 0.5731, F1Sc: 0.7992
	Valid -- Accu: 0.7652, Prec: 0.6989, Reca: 0.9318, Spec: 0.5985, F1Sc: 0.7987
	Test  -- Accu: 0.7406, Prec: 0.6667, Reca: 0.9624, Spec: 0.5188, F1Sc: 0.7877
	Average train Loss: 0.5351342
	Average valid Loss: 0.5550472
	Average test  Loss: 0.5074996
	training finished, time: 3.36 mins
【Epoch: 04】
	train set evaluation finished, time: 3.41 mins
	test set evaluation finished, time: 0.69 mins
	test set evaluation finished, time: 0.73 mins
	learning rate: group 0 : 0.0001
	       Train          |         Valid          |          Test       
	TP:   596, FP:   235  |  TP:   124, FP:    50  |  TP:   126, FP:    55
	FN:    20, TN:   381  |  FN:     8, TN:    82  |  FN:     7, TN:    78
	Train -- Accu: 0.7930, Prec: 0.7172, Reca: 0.9675, Spec: 0.6185, F1Sc: 0.8238
	Valid -- Accu: 0.7803, Prec: 0.7126, Reca: 0.9394, Spec: 0.6212, F1Sc: 0.8105
	Test  -- Accu: 0.7669, Prec: 0.6961, Reca: 0.9474, Spec: 0.5865, F1Sc: 0.8025
	Average train Loss: 0.4804715
	Average valid Loss: 0.5207753
	Average test  Loss: 0.4682344
	training finished, time: 3.35 mins
【Epoch: 05】
	train set evaluation finished, time: 3.31 mins
	test set evaluation finished, time: 0.70 mins
	test set evaluation finished, time: 0.73 mins
	learning rate: group 0 : 0.0001
	       Train          |         Valid          |          Test       
	TP:   591, FP:   202  |  TP:   124, FP:    44  |  TP:   126, FP:    50
	FN:    25, TN:   414  |  FN:     8, TN:    88  |  FN:     7, TN:    83
	Train -- Accu: 0.8157, Prec: 0.7453, Reca: 0.9594, Spec: 0.6721, F1Sc: 0.8389
	Valid -- Accu: 0.8030, Prec: 0.7381, Reca: 0.9394, Spec: 0.6667, F1Sc: 0.8267
	Test  -- Accu: 0.7857, Prec: 0.7159, Reca: 0.9474, Spec: 0.6241, F1Sc: 0.8155
	Average train Loss: 0.4234006
	Average valid Loss: 0.4851079
	Average test  Loss: 0.4367021
	training finished, time: 3.35 mins
【Epoch: 06】
	train set evaluation finished, time: 3.31 mins
	test set evaluation finished, time: 0.70 mins
	test set evaluation finished, time: 0.74 mins
	learning rate: group 0 : 0.0001
	       Train          |         Valid          |          Test       
	TP:   593, FP:   186  |  TP:   123, FP:    41  |  TP:   125, FP:    44
	FN:    23, TN:   430  |  FN:     9, TN:    91  |  FN:     8, TN:    89
	Train -- Accu: 0.8304, Prec: 0.7612, Reca: 0.9627, Spec: 0.6981, F1Sc: 0.8502
	Valid -- Accu: 0.8106, Prec: 0.7500, Reca: 0.9318, Spec: 0.6894, F1Sc: 0.8311
	Test  -- Accu: 0.8045, Prec: 0.7396, Reca: 0.9398, Spec: 0.6692, F1Sc: 0.8278
	Average train Loss: 0.3769154
	Average valid Loss: 0.4634279
	Average test  Loss: 0.4127856
	training finished, time: 3.35 mins
【Epoch: 07】
	train set evaluation finished, time: 3.31 mins
	test set evaluation finished, time: 0.70 mins
	test set evaluation finished, time: 0.74 mins
	learning rate: group 0 : 0.0001
	       Train          |         Valid          |          Test       
	TP:   591, FP:   129  |  TP:   123, FP:    36  |  TP:   123, FP:    35
	FN:    25, TN:   487  |  FN:     9, TN:    96  |  FN:    10, TN:    98
	Train -- Accu: 0.8750, Prec: 0.8208, Reca: 0.9594, Spec: 0.7906, F1Sc: 0.8847
	Valid -- Accu: 0.8295, Prec: 0.7736, Reca: 0.9318, Spec: 0.7273, F1Sc: 0.8454
	Test  -- Accu: 0.8308, Prec: 0.7785, Reca: 0.9248, Spec: 0.7368, F1Sc: 0.8454
	Average train Loss: 0.3187948
	Average valid Loss: 0.4248066
	Average test  Loss: 0.3809646
	training finished, time: 3.35 mins
【Epoch: 08】
	train set evaluation finished, time: 3.30 mins
	test set evaluation finished, time: 0.70 mins
	test set evaluation finished, time: 0.74 mins
	learning rate: group 0 : 0.0001
	       Train          |         Valid          |          Test       
	TP:   587, FP:   110  |  TP:   123, FP:    33  |  TP:   121, FP:    27
	FN:    29, TN:   506  |  FN:     9, TN:    99  |  FN:    12, TN:   106
	Train -- Accu: 0.8872, Prec: 0.8422, Reca: 0.9529, Spec: 0.8214, F1Sc: 0.8941
	Valid -- Accu: 0.8409, Prec: 0.7885, Reca: 0.9318, Spec: 0.7500, F1Sc: 0.8542
	Test  -- Accu: 0.8534, Prec: 0.8176, Reca: 0.9098, Spec: 0.7970, F1Sc: 0.8612
	Average train Loss: 0.2868276
	Average valid Loss: 0.4081511
	Average test  Loss: 0.3616898
	training finished, time: 3.37 mins
【Epoch: 09】
	train set evaluation finished, time: 3.30 mins
	test set evaluation finished, time: 0.70 mins
	test set evaluation finished, time: 0.73 mins
	learning rate: group 0 : 0.0001
	       Train          |         Valid          |          Test       
	TP:   586, FP:   105  |  TP:   123, FP:    33  |  TP:   120, FP:    24
	FN:    30, TN:   511  |  FN:     9, TN:    99  |  FN:    13, TN:   109
	Train -- Accu: 0.8904, Prec: 0.8480, Reca: 0.9513, Spec: 0.8295, F1Sc: 0.8967
	Valid -- Accu: 0.8409, Prec: 0.7885, Reca: 0.9318, Spec: 0.7500, F1Sc: 0.8542
	Test  -- Accu: 0.8609, Prec: 0.8333, Reca: 0.9023, Spec: 0.8195, F1Sc: 0.8664
	Average train Loss: 0.2783142
	Average valid Loss: 0.4175882
	Average test  Loss: 0.3588922
	training finished, time: 3.36 mins
【Epoch: 10】
	train set evaluation finished, time: 3.30 mins
	test set evaluation finished, time: 0.70 mins
	test set evaluation finished, time: 0.74 mins
	learning rate: group 0 : 5e-05
	       Train          |         Valid          |          Test       
	TP:   590, FP:   111  |  TP:   124, FP:    33  |  TP:   123, FP:    31
	FN:    26, TN:   505  |  FN:     8, TN:    99  |  FN:    10, TN:   102
	Train -- Accu: 0.8888, Prec: 0.8417, Reca: 0.9578, Spec: 0.8198, F1Sc: 0.8960
	Valid -- Accu: 0.8447, Prec: 0.7898, Reca: 0.9394, Spec: 0.7500, F1Sc: 0.8581
	Test  -- Accu: 0.8459, Prec: 0.7987, Reca: 0.9248, Spec: 0.7669, F1Sc: 0.8571
	Average train Loss: 0.3142689
	Average valid Loss: 0.4413460
	Average test  Loss: 0.3966021
	training finished, time: 3.36 mins
【Epoch: 11】
	train set evaluation finished, time: 3.30 mins
	test set evaluation finished, time: 0.70 mins
	test set evaluation finished, time: 0.74 mins
	learning rate: group 0 : 5e-05
	       Train          |         Valid          |          Test       
	TP:   574, FP:    56  |  TP:   120, FP:    22  |  TP:   118, FP:    19
	FN:    42, TN:   560  |  FN:    12, TN:   110  |  FN:    15, TN:   114
	Train -- Accu: 0.9205, Prec: 0.9111, Reca: 0.9318, Spec: 0.9091, F1Sc: 0.9213
	Valid -- Accu: 0.8712, Prec: 0.8451, Reca: 0.9091, Spec: 0.8333, F1Sc: 0.8759
	Test  -- Accu: 0.8722, Prec: 0.8613, Reca: 0.8872, Spec: 0.8571, F1Sc: 0.8741
	Average train Loss: 0.1937295
	Average valid Loss: 0.3294672
	Average test  Loss: 0.3425910
	training finished, time: 3.36 mins
【Epoch: 12】
	train set evaluation finished, time: 3.30 mins
	test set evaluation finished, time: 0.70 mins
	test set evaluation finished, time: 0.74 mins
	learning rate: group 0 : 5e-05
	       Train          |         Valid          |          Test       
	TP:   577, FP:    48  |  TP:   120, FP:    22  |  TP:   118, FP:    20
	FN:    39, TN:   568  |  FN:    12, TN:   110  |  FN:    15, TN:   113
	Train -- Accu: 0.9294, Prec: 0.9232, Reca: 0.9367, Spec: 0.9221, F1Sc: 0.9299
	Valid -- Accu: 0.8712, Prec: 0.8451, Reca: 0.9091, Spec: 0.8333, F1Sc: 0.8759
	Test  -- Accu: 0.8684, Prec: 0.8551, Reca: 0.8872, Spec: 0.8496, F1Sc: 0.8708
	Average train Loss: 0.1814677
	Average valid Loss: 0.3307437
	Average test  Loss: 0.3432665
	training finished, time: 3.36 mins
【Epoch: 13】
	train set evaluation finished, time: 3.32 mins
	test set evaluation finished, time: 0.71 mins
	test set evaluation finished, time: 0.74 mins
	learning rate: group 0 : 2.5e-05
	       Train          |         Valid          |          Test       
	TP:   579, FP:    40  |  TP:   120, FP:    21  |  TP:   119, FP:    20
	FN:    37, TN:   576  |  FN:    12, TN:   111  |  FN:    14, TN:   113
	Train -- Accu: 0.9375, Prec: 0.9354, Reca: 0.9399, Spec: 0.9351, F1Sc: 0.9377
	Valid -- Accu: 0.8750, Prec: 0.8511, Reca: 0.9091, Spec: 0.8409, F1Sc: 0.8791
	Test  -- Accu: 0.8722, Prec: 0.8561, Reca: 0.8947, Spec: 0.8496, F1Sc: 0.8750
	Average train Loss: 0.1706116
	Average valid Loss: 0.3360302
	Average test  Loss: 0.3477799
	training finished, time: 3.37 mins
【Epoch: 14】
	train set evaluation finished, time: 3.31 mins
	test set evaluation finished, time: 0.70 mins
	test set evaluation finished, time: 0.74 mins
	learning rate: group 0 : 2.5e-05
	       Train          |         Valid          |          Test       
	TP:   571, FP:    25  |  TP:   117, FP:    18  |  TP:   115, FP:    18
	FN:    45, TN:   591  |  FN:    15, TN:   114  |  FN:    18, TN:   115
	Train -- Accu: 0.9432, Prec: 0.9581, Reca: 0.9269, Spec: 0.9594, F1Sc: 0.9422
	Valid -- Accu: 0.8750, Prec: 0.8667, Reca: 0.8864, Spec: 0.8636, F1Sc: 0.8764
	Test  -- Accu: 0.8647, Prec: 0.8647, Reca: 0.8647, Spec: 0.8647, F1Sc: 0.8647
	Average train Loss: 0.1491781
	Average valid Loss: 0.3352466
	Average test  Loss: 0.3497373
	training finished, time: 3.36 mins
【Epoch: 15】
	train set evaluation finished, time: 3.31 mins
	test set evaluation finished, time: 0.71 mins
	test set evaluation finished, time: 0.74 mins
	learning rate: group 0 : 1.25e-05
	       Train          |         Valid          |          Test       
	TP:   574, FP:    25  |  TP:   116, FP:    18  |  TP:   115, FP:    18
	FN:    42, TN:   591  |  FN:    16, TN:   114  |  FN:    18, TN:   115
	Train -- Accu: 0.9456, Prec: 0.9583, Reca: 0.9318, Spec: 0.9594, F1Sc: 0.9449
	Valid -- Accu: 0.8712, Prec: 0.8657, Reca: 0.8788, Spec: 0.8636, F1Sc: 0.8722
	Test  -- Accu: 0.8647, Prec: 0.8647, Reca: 0.8647, Spec: 0.8647, F1Sc: 0.8647
	Average train Loss: 0.1424385
	Average valid Loss: 0.3398551
	Average test  Loss: 0.3545277
	training finished, time: 3.37 mins
【Epoch: 16】
	train set evaluation finished, time: 3.31 mins
	test set evaluation finished, time: 0.70 mins
	test set evaluation finished, time: 0.73 mins
	learning rate: group 0 : 1.25e-05
	       Train          |         Valid          |          Test       
	TP:   587, FP:    25  |  TP:   117, FP:    20  |  TP:   116, FP:    17
	FN:    29, TN:   591  |  FN:    15, TN:   112  |  FN:    17, TN:   116
	Train -- Accu: 0.9562, Prec: 0.9592, Reca: 0.9529, Spec: 0.9594, F1Sc: 0.9560
	Valid -- Accu: 0.8674, Prec: 0.8540, Reca: 0.8864, Spec: 0.8485, F1Sc: 0.8699
	Test  -- Accu: 0.8722, Prec: 0.8722, Reca: 0.8722, Spec: 0.8722, F1Sc: 0.8722
	Average train Loss: 0.1293132
	Average valid Loss: 0.3522061
	Average test  Loss: 0.3407605
	training finished, time: 3.37 mins
【Epoch: 17】
	train set evaluation finished, time: 3.31 mins
	test set evaluation finished, time: 0.70 mins
	test set evaluation finished, time: 0.73 mins
	learning rate: group 0 : 6.25e-06
	       Train          |         Valid          |          Test       
	TP:   586, FP:    23  |  TP:   116, FP:    20  |  TP:   115, FP:    17
	FN:    30, TN:   593  |  FN:    16, TN:   112  |  FN:    18, TN:   116
	Train -- Accu: 0.9570, Prec: 0.9622, Reca: 0.9513, Spec: 0.9627, F1Sc: 0.9567
	Valid -- Accu: 0.8636, Prec: 0.8529, Reca: 0.8788, Spec: 0.8485, F1Sc: 0.8657
	Test  -- Accu: 0.8684, Prec: 0.8712, Reca: 0.8647, Spec: 0.8722, F1Sc: 0.8679
	Average train Loss: 0.1252483
	Average valid Loss: 0.3520141
	Average test  Loss: 0.3401892
	training finished, time: 3.35 mins
【Epoch: 18】
	train set evaluation finished, time: 3.30 mins
	test set evaluation finished, time: 0.70 mins
	test set evaluation finished, time: 0.74 mins
	learning rate: group 0 : 6.25e-06
	       Train          |         Valid          |          Test       
	TP:   594, FP:    31  |  TP:   117, FP:    23  |  TP:   118, FP:    19
	FN:    22, TN:   585  |  FN:    15, TN:   109  |  FN:    15, TN:   114
	Train -- Accu: 0.9570, Prec: 0.9504, Reca: 0.9643, Spec: 0.9497, F1Sc: 0.9573
	Valid -- Accu: 0.8561, Prec: 0.8357, Reca: 0.8864, Spec: 0.8258, F1Sc: 0.8603
	Test  -- Accu: 0.8722, Prec: 0.8613, Reca: 0.8872, Spec: 0.8571, F1Sc: 0.8741
	Average train Loss: 0.1221750
	Average valid Loss: 0.3572470
	Average test  Loss: 0.3286117
	training finished, time: 3.36 mins
【Epoch: 19】
	train set evaluation finished, time: 3.31 mins
	test set evaluation finished, time: 0.71 mins
	test set evaluation finished, time: 0.74 mins
	learning rate: group 0 : 3.125e-06
	       Train          |         Valid          |          Test       
	TP:   596, FP:    30  |  TP:   118, FP:    23  |  TP:   118, FP:    19
	FN:    20, TN:   586  |  FN:    14, TN:   109  |  FN:    15, TN:   114
	Train -- Accu: 0.9594, Prec: 0.9521, Reca: 0.9675, Spec: 0.9513, F1Sc: 0.9597
	Valid -- Accu: 0.8598, Prec: 0.8369, Reca: 0.8939, Spec: 0.8258, F1Sc: 0.8645
	Test  -- Accu: 0.8722, Prec: 0.8613, Reca: 0.8872, Spec: 0.8571, F1Sc: 0.8741
	Average train Loss: 0.1196398
	Average valid Loss: 0.3552095
	Average test  Loss: 0.3275955
	training finished, time: 3.36 mins
【Epoch: 20】
	train set evaluation finished, time: 3.31 mins
	test set evaluation finished, time: 0.70 mins
	test set evaluation finished, time: 0.74 mins
	learning rate: group 0 : 3.125e-06
	       Train          |         Valid          |          Test       
	TP:   600, FP:    35  |  TP:   119, FP:    25  |  TP:   122, FP:    19
	FN:    16, TN:   581  |  FN:    13, TN:   107  |  FN:    11, TN:   114
	Train -- Accu: 0.9586, Prec: 0.9449, Reca: 0.9740, Spec: 0.9432, F1Sc: 0.9592
	Valid -- Accu: 0.8561, Prec: 0.8264, Reca: 0.9015, Spec: 0.8106, F1Sc: 0.8623
	Test  -- Accu: 0.8872, Prec: 0.8652, Reca: 0.9173, Spec: 0.8571, F1Sc: 0.8905
	Average train Loss: 0.1187259
	Average valid Loss: 0.3570975
	Average test  Loss: 0.3321412
	training finished, time: 3.38 mins
【Epoch: 21】
	train set evaluation finished, time: 3.31 mins
	test set evaluation finished, time: 0.70 mins
	test set evaluation finished, time: 0.74 mins
	learning rate: group 0 : 1.5625e-06
	       Train          |         Valid          |          Test       
	TP:   600, FP:    34  |  TP:   119, FP:    25  |  TP:   122, FP:    19
	FN:    16, TN:   582  |  FN:    13, TN:   107  |  FN:    11, TN:   114
	Train -- Accu: 0.9594, Prec: 0.9464, Reca: 0.9740, Spec: 0.9448, F1Sc: 0.9600
	Valid -- Accu: 0.8561, Prec: 0.8264, Reca: 0.9015, Spec: 0.8106, F1Sc: 0.8623
	Test  -- Accu: 0.8872, Prec: 0.8652, Reca: 0.9173, Spec: 0.8571, F1Sc: 0.8905
	Average train Loss: 0.1173049
	Average valid Loss: 0.3558337
	Average test  Loss: 0.3323878
	training finished, time: 3.36 mins
【Epoch: 22】
	train set evaluation finished, time: 3.29 mins
	test set evaluation finished, time: 0.70 mins
	test set evaluation finished, time: 0.73 mins
	learning rate: group 0 : 1.5625e-06
	       Train          |         Valid          |          Test       
	TP:   601, FP:    32  |  TP:   119, FP:    25  |  TP:   122, FP:    20
	FN:    15, TN:   584  |  FN:    13, TN:   107  |  FN:    11, TN:   113
	Train -- Accu: 0.9619, Prec: 0.9494, Reca: 0.9756, Spec: 0.9481, F1Sc: 0.9624
	Valid -- Accu: 0.8561, Prec: 0.8264, Reca: 0.9015, Spec: 0.8106, F1Sc: 0.8623
	Test  -- Accu: 0.8835, Prec: 0.8592, Reca: 0.9173, Spec: 0.8496, F1Sc: 0.8873
	Average train Loss: 0.1156397
	Average valid Loss: 0.3528191
	Average test  Loss: 0.3332274
	training finished, time: 3.36 mins
【Epoch: 23】
	train set evaluation finished, time: 3.30 mins
	test set evaluation finished, time: 0.70 mins
	test set evaluation finished, time: 0.74 mins
	learning rate: group 0 : 7.8125e-07
	       Train          |         Valid          |          Test       
	TP:   601, FP:    31  |  TP:   119, FP:    25  |  TP:   122, FP:    20
	FN:    15, TN:   585  |  FN:    13, TN:   107  |  FN:    11, TN:   113
	Train -- Accu: 0.9627, Prec: 0.9509, Reca: 0.9756, Spec: 0.9497, F1Sc: 0.9631
	Valid -- Accu: 0.8561, Prec: 0.8264, Reca: 0.9015, Spec: 0.8106, F1Sc: 0.8623
	Test  -- Accu: 0.8835, Prec: 0.8592, Reca: 0.9173, Spec: 0.8496, F1Sc: 0.8873
	Average train Loss: 0.1148396
	Average valid Loss: 0.3518050
	Average test  Loss: 0.3334077
	training finished, time: 3.35 mins
【Epoch: 24】
	train set evaluation finished, time: 3.30 mins
	test set evaluation finished, time: 0.70 mins
	test set evaluation finished, time: 0.73 mins
	learning rate: group 0 : 7.8125e-07
	       Train          |         Valid          |          Test       
	TP:   600, FP:    29  |  TP:   119, FP:    24  |  TP:   118, FP:    20
	FN:    16, TN:   587  |  FN:    13, TN:   108  |  FN:    15, TN:   113
	Train -- Accu: 0.9635, Prec: 0.9539, Reca: 0.9740, Spec: 0.9529, F1Sc: 0.9639
	Valid -- Accu: 0.8598, Prec: 0.8322, Reca: 0.9015, Spec: 0.8182, F1Sc: 0.8655
	Test  -- Accu: 0.8684, Prec: 0.8551, Reca: 0.8872, Spec: 0.8496, F1Sc: 0.8708
	Average train Loss: 0.1133733
	Average valid Loss: 0.3479084
	Average test  Loss: 0.3327248
	training finished, time: 3.35 mins
【Epoch: 25】
	train set evaluation finished, time: 3.31 mins
	test set evaluation finished, time: 0.70 mins
	test set evaluation finished, time: 0.74 mins
	learning rate: group 0 : 3.90625e-07
	       Train          |         Valid          |          Test       
	TP:   600, FP:    27  |  TP:   119, FP:    24  |  TP:   118, FP:    20
	FN:    16, TN:   589  |  FN:    13, TN:   108  |  FN:    15, TN:   113
	Train -- Accu: 0.9651, Prec: 0.9569, Reca: 0.9740, Spec: 0.9562, F1Sc: 0.9654
	Valid -- Accu: 0.8598, Prec: 0.8322, Reca: 0.9015, Spec: 0.8182, F1Sc: 0.8655
	Test  -- Accu: 0.8684, Prec: 0.8551, Reca: 0.8872, Spec: 0.8496, F1Sc: 0.8708
	Average train Loss: 0.1128708
	Average valid Loss: 0.3469062
	Average test  Loss: 0.3329796
	training finished, time: 3.34 mins
【Epoch: 26】
	train set evaluation finished, time: 3.28 mins
	test set evaluation finished, time: 0.70 mins
	test set evaluation finished, time: 0.74 mins
	learning rate: group 0 : 3.90625e-07
	       Train          |         Valid          |          Test       
	TP:   600, FP:    26  |  TP:   119, FP:    24  |  TP:   118, FP:    20
	FN:    16, TN:   590  |  FN:    13, TN:   108  |  FN:    15, TN:   113
	Train -- Accu: 0.9659, Prec: 0.9585, Reca: 0.9740, Spec: 0.9578, F1Sc: 0.9662
	Valid -- Accu: 0.8598, Prec: 0.8322, Reca: 0.9015, Spec: 0.8182, F1Sc: 0.8655
	Test  -- Accu: 0.8684, Prec: 0.8551, Reca: 0.8872, Spec: 0.8496, F1Sc: 0.8708
	Average train Loss: 0.1123156
	Average valid Loss: 0.3450833
	Average test  Loss: 0.3326791
	training finished, time: 3.36 mins
【Epoch: 27】
	train set evaluation finished, time: 3.28 mins
	test set evaluation finished, time: 0.69 mins
	test set evaluation finished, time: 0.73 mins
	learning rate: group 0 : 1.953125e-07
	       Train          |         Valid          |          Test       
	TP:   600, FP:    26  |  TP:   119, FP:    24  |  TP:   118, FP:    20
	FN:    16, TN:   590  |  FN:    13, TN:   108  |  FN:    15, TN:   113
	Train -- Accu: 0.9659, Prec: 0.9585, Reca: 0.9740, Spec: 0.9578, F1Sc: 0.9662
	Valid -- Accu: 0.8598, Prec: 0.8322, Reca: 0.9015, Spec: 0.8182, F1Sc: 0.8655
	Test  -- Accu: 0.8684, Prec: 0.8551, Reca: 0.8872, Spec: 0.8496, F1Sc: 0.8708
	Average train Loss: 0.1120324
	Average valid Loss: 0.3443645
	Average test  Loss: 0.3326694
	training finished, time: 3.35 mins
【Epoch: 28】
	train set evaluation finished, time: 3.27 mins
	test set evaluation finished, time: 0.69 mins
	test set evaluation finished, time: 0.73 mins
	learning rate: group 0 : 1.953125e-07
	       Train          |         Valid          |          Test       
	TP:   600, FP:    26  |  TP:   119, FP:    23  |  TP:   118, FP:    20
	FN:    16, TN:   590  |  FN:    13, TN:   109  |  FN:    15, TN:   113
	Train -- Accu: 0.9659, Prec: 0.9585, Reca: 0.9740, Spec: 0.9578, F1Sc: 0.9662
	Valid -- Accu: 0.8636, Prec: 0.8380, Reca: 0.9015, Spec: 0.8258, F1Sc: 0.8686
	Test  -- Accu: 0.8684, Prec: 0.8551, Reca: 0.8872, Spec: 0.8496, F1Sc: 0.8708
	Average train Loss: 0.1118471
	Average valid Loss: 0.3436911
	Average test  Loss: 0.3326018
	training finished, time: 3.35 mins
【Epoch: 29】
	train set evaluation finished, time: 3.27 mins
	test set evaluation finished, time: 0.70 mins
	test set evaluation finished, time: 0.73 mins
	learning rate: group 0 : 9.765625e-08
	       Train          |         Valid          |          Test       
	TP:   600, FP:    26  |  TP:   119, FP:    23  |  TP:   118, FP:    20
	FN:    16, TN:   590  |  FN:    13, TN:   109  |  FN:    15, TN:   113
	Train -- Accu: 0.9659, Prec: 0.9585, Reca: 0.9740, Spec: 0.9578, F1Sc: 0.9662
	Valid -- Accu: 0.8636, Prec: 0.8380, Reca: 0.9015, Spec: 0.8258, F1Sc: 0.8686
	Test  -- Accu: 0.8684, Prec: 0.8551, Reca: 0.8872, Spec: 0.8496, F1Sc: 0.8708
	Average train Loss: 0.1117126
	Average valid Loss: 0.3432414
	Average test  Loss: 0.3325958
	training finished, time: 3.33 mins
【Epoch: 30】
	train set evaluation finished, time: 3.26 mins
	test set evaluation finished, time: 0.69 mins
	test set evaluation finished, time: 0.73 mins
	learning rate: group 0 : 9.765625e-08
	       Train          |         Valid          |          Test       
	TP:   599, FP:    26  |  TP:   119, FP:    23  |  TP:   118, FP:    20
	FN:    17, TN:   590  |  FN:    13, TN:   109  |  FN:    15, TN:   113
	Train -- Accu: 0.9651, Prec: 0.9584, Reca: 0.9724, Spec: 0.9578, F1Sc: 0.9654
	Valid -- Accu: 0.8636, Prec: 0.8380, Reca: 0.9015, Spec: 0.8258, F1Sc: 0.8686
	Test  -- Accu: 0.8684, Prec: 0.8551, Reca: 0.8872, Spec: 0.8496, F1Sc: 0.8708
	Average train Loss: 0.1116387
	Average valid Loss: 0.3429509
	Average test  Loss: 0.3325801
	training finished, time: 3.33 mins
【Epoch: 31】
	train set evaluation finished, time: 3.26 mins
	test set evaluation finished, time: 0.69 mins
	test set evaluation finished, time: 0.73 mins
	learning rate: group 0 : 4.8828125e-08
	       Train          |         Valid          |          Test       
	TP:   599, FP:    26  |  TP:   119, FP:    23  |  TP:   118, FP:    19
	FN:    17, TN:   590  |  FN:    13, TN:   109  |  FN:    15, TN:   114
	Train -- Accu: 0.9651, Prec: 0.9584, Reca: 0.9724, Spec: 0.9578, F1Sc: 0.9654
	Valid -- Accu: 0.8636, Prec: 0.8380, Reca: 0.9015, Spec: 0.8258, F1Sc: 0.8686
	Test  -- Accu: 0.8722, Prec: 0.8613, Reca: 0.8872, Spec: 0.8571, F1Sc: 0.8741
	Average train Loss: 0.1115757
	Average valid Loss: 0.3427215
	Average test  Loss: 0.3325723
	training finished, time: 3.31 mins
【Epoch: 32】
	train set evaluation finished, time: 3.26 mins
	test set evaluation finished, time: 0.69 mins
	test set evaluation finished, time: 0.73 mins
	learning rate: group 0 : 4.8828125e-08
	       Train          |         Valid          |          Test       
	TP:   599, FP:    26  |  TP:   119, FP:    23  |  TP:   118, FP:    19
	FN:    17, TN:   590  |  FN:    13, TN:   109  |  FN:    15, TN:   114
	Train -- Accu: 0.9651, Prec: 0.9584, Reca: 0.9724, Spec: 0.9578, F1Sc: 0.9654
	Valid -- Accu: 0.8636, Prec: 0.8380, Reca: 0.9015, Spec: 0.8258, F1Sc: 0.8686
	Test  -- Accu: 0.8722, Prec: 0.8613, Reca: 0.8872, Spec: 0.8571, F1Sc: 0.8741
	Average train Loss: 0.1115432
	Average valid Loss: 0.3425867
	Average test  Loss: 0.3325671
	training finished, time: 3.32 mins
【Epoch: 33】
	train set evaluation finished, time: 3.28 mins
	test set evaluation finished, time: 0.69 mins
	test set evaluation finished, time: 0.73 mins
	learning rate: group 0 : 2.44140625e-08
	       Train          |         Valid          |          Test       
	TP:   599, FP:    26  |  TP:   119, FP:    23  |  TP:   118, FP:    19
	FN:    17, TN:   590  |  FN:    13, TN:   109  |  FN:    15, TN:   114
	Train -- Accu: 0.9651, Prec: 0.9584, Reca: 0.9724, Spec: 0.9578, F1Sc: 0.9654
	Valid -- Accu: 0.8636, Prec: 0.8380, Reca: 0.9015, Spec: 0.8258, F1Sc: 0.8686
	Test  -- Accu: 0.8722, Prec: 0.8613, Reca: 0.8872, Spec: 0.8571, F1Sc: 0.8741
	Average train Loss: 0.1115129
	Average valid Loss: 0.3424666
	Average test  Loss: 0.3325634
	training finished, time: 3.33 mins
【Epoch: 34】
	train set evaluation finished, time: 3.26 mins
	test set evaluation finished, time: 0.70 mins
	test set evaluation finished, time: 0.72 mins
	learning rate: group 0 : 2.44140625e-08
	       Train          |         Valid          |          Test       
	TP:   599, FP:    26  |  TP:   119, FP:    23  |  TP:   118, FP:    19
	FN:    17, TN:   590  |  FN:    13, TN:   109  |  FN:    15, TN:   114
	Train -- Accu: 0.9651, Prec: 0.9584, Reca: 0.9724, Spec: 0.9578, F1Sc: 0.9654
	Valid -- Accu: 0.8636, Prec: 0.8380, Reca: 0.9015, Spec: 0.8258, F1Sc: 0.8686
	Test  -- Accu: 0.8722, Prec: 0.8613, Reca: 0.8872, Spec: 0.8571, F1Sc: 0.8741
	Average train Loss: 0.1114972
	Average valid Loss: 0.3423894
	Average test  Loss: 0.3325579
	training finished, time: 3.34 mins
【Epoch: 35】
	train set evaluation finished, time: 3.28 mins
	test set evaluation finished, time: 0.69 mins
	test set evaluation finished, time: 0.72 mins
	learning rate: group 0 : 1.220703125e-08
	       Train          |         Valid          |          Test       
	TP:   599, FP:    25  |  TP:   119, FP:    23  |  TP:   118, FP:    19
	FN:    17, TN:   591  |  FN:    13, TN:   109  |  FN:    15, TN:   114
	Train -- Accu: 0.9659, Prec: 0.9599, Reca: 0.9724, Spec: 0.9594, F1Sc: 0.9661
	Valid -- Accu: 0.8636, Prec: 0.8380, Reca: 0.9015, Spec: 0.8258, F1Sc: 0.8686
	Test  -- Accu: 0.8722, Prec: 0.8613, Reca: 0.8872, Spec: 0.8571, F1Sc: 0.8741
	Average train Loss: 0.1114820
	Average valid Loss: 0.3423166
	Average test  Loss: 0.3325537
	training finished, time: 3.41 mins
【Epoch: 36】
	train set evaluation finished, time: 3.40 mins
	test set evaluation finished, time: 0.71 mins
	test set evaluation finished, time: 0.75 mins
	learning rate: group 0 : 1.220703125e-08
	       Train          |         Valid          |          Test       
	TP:   599, FP:    25  |  TP:   119, FP:    23  |  TP:   118, FP:    19
	FN:    17, TN:   591  |  FN:    13, TN:   109  |  FN:    15, TN:   114
	Train -- Accu: 0.9659, Prec: 0.9599, Reca: 0.9724, Spec: 0.9594, F1Sc: 0.9661
	Valid -- Accu: 0.8636, Prec: 0.8380, Reca: 0.9015, Spec: 0.8258, F1Sc: 0.8686
	Test  -- Accu: 0.8722, Prec: 0.8613, Reca: 0.8872, Spec: 0.8571, F1Sc: 0.8741
	Average train Loss: 0.1114741
	Average valid Loss: 0.3422666
	Average test  Loss: 0.3325470
	training finished, time: 3.42 mins
【Epoch: 37】
	train set evaluation finished, time: 3.34 mins
	test set evaluation finished, time: 0.71 mins
	test set evaluation finished, time: 0.75 mins
	learning rate: group 0 : 1.220703125e-08
	       Train          |         Valid          |          Test       
	TP:   599, FP:    25  |  TP:   119, FP:    23  |  TP:   118, FP:    19
	FN:    17, TN:   591  |  FN:    13, TN:   109  |  FN:    15, TN:   114
	Train -- Accu: 0.9659, Prec: 0.9599, Reca: 0.9724, Spec: 0.9594, F1Sc: 0.9661
	Valid -- Accu: 0.8636, Prec: 0.8380, Reca: 0.9015, Spec: 0.8258, F1Sc: 0.8686
	Test  -- Accu: 0.8722, Prec: 0.8613, Reca: 0.8872, Spec: 0.8571, F1Sc: 0.8741
	Average train Loss: 0.1114665
	Average valid Loss: 0.3422177
	Average test  Loss: 0.3325408
	training finished, time: 3.46 mins
【Epoch: 38】
	train set evaluation finished, time: 2.68 mins
	test set evaluation finished, time: 0.53 mins
	test set evaluation finished, time: 0.55 mins
	learning rate: group 0 : 1.220703125e-08
	       Train          |         Valid          |          Test       
	TP:   599, FP:    25  |  TP:   119, FP:    23  |  TP:   118, FP:    19
	FN:    17, TN:   591  |  FN:    13, TN:   109  |  FN:    15, TN:   114
	Train -- Accu: 0.9659, Prec: 0.9599, Reca: 0.9724, Spec: 0.9594, F1Sc: 0.9661
	Valid -- Accu: 0.8636, Prec: 0.8380, Reca: 0.9015, Spec: 0.8258, F1Sc: 0.8686
	Test  -- Accu: 0.8722, Prec: 0.8613, Reca: 0.8872, Spec: 0.8571, F1Sc: 0.8741
	Average train Loss: 0.1114591
	Average valid Loss: 0.3421707
	Average test  Loss: 0.3325341
	training finished, time: 2.19 mins
【Epoch: 39】
	train set evaluation finished, time: 2.07 mins
	test set evaluation finished, time: 0.46 mins
