
current time             : 2024-08-14 21:25:38
code path                : D:\Project\SmtCon\Classification\240806-SCcfg_graph\240813-SCcfg_graph-V10_7_C1\SCcfg_graph_V10_7_C1_main.py

Binary Classification model training.
*************Basic settings*************
config                   : {
    "logtest": false,
    "seed": 1000,
    "previous_dataset": false,
    "previous_dataset_path": "",
    "vul_ann": "Ree",
    "vul": "reentrancy",
    "dataset_name": "SmartBugs",
    "dataset_split": [
        0.7,
        0.15,
        0.15
    ],
    "previous_model": false,
    "previous_model_path": "",
    "max_saved_model": 10,
    "num_labels": 2,
    "num_GAT": 1,
    "d_node_feat": 1024,
    "d_node_reshape": 128,
    "d_output": 128,
    "batch_size": 8,
    "num_epochs": 50,
    "wight_pen": 0.05,
    "lr": 0.0001,
    "optimizer": {
        "weight_decay": 0.0001
    },
    "scheduler": {
        "factor": 0.5,
        "patience": 1,
        "verbose": true,
        "min_lr_rate": 1e-08
    },
    "criterion": {
        "alpha": [
            1,
            1
        ],
        "gamma": 0,
        "reduction": "sum"
    }
}
dataset dir              : D:\Project\SmtCon_dataset\SmartContract\SmartBugs\Phase4\Multimodal_Fusion__reentrancy_SCcfg_graph_ExprsNode

*********Model hyper-parameters*********
training device          : [device(type='cuda', index=0)]
optimizer                : Adam (
Parameter Group 0
    amsgrad: False
    betas: (0.9, 0.999)
    capturable: False
    eps: 1e-08
    foreach: None
    lr: 0.0001
    maximize: False
    weight_decay: 0.0001
)
loss function            : CrossEntropyLoss

************Model structure*************
Model(
  (linear_1): Linear(in_features=1024, out_features=128, bias=True)
  (multi_GAT_layer): ModuleList(
    (0): GATConv(128, 128, heads=1)
  )
  (linear_2): Linear(in_features=128, out_features=2, bias=True)
)
Trainable params         : 148,226
Non-trainable params     : 0
Total params             : 148,226

****************Training****************
【Epoch: 00】
	train set evaluation finished, time: 3.44 mins
	test set evaluation finished, time: 0.72 mins
	test set evaluation finished, time: 0.86 mins
	learning rate: group 0 : 0.0001
	       Train          |         Valid          |          Test       
	TP:     4, FP:     9  |  TP:     1, FP:     1  |  TP:     0, FP:     2
	FN:   595, TN:   590  |  FN:   127, TN:   127  |  FN:   129, TN:   127
	Train -- Accu: 0.4958, Prec: 0.3077, Reca: 0.0067, Spec: 0.9850, F1Sc: 0.0131
	Valid -- Accu: 0.5000, Prec: 0.5000, Reca: 0.0078, Spec: 0.9922, F1Sc: 0.0154
	Test  -- Accu: 0.4922, Prec: 0.0000, Reca: 0.0000, Spec: 0.9845, F1Sc: 0.0000
	Average train Loss: 0.7301966
	Average valid Loss: 0.7312156
	Average test  Loss: 0.7336658
	training finished, time: 3.52 mins
【Epoch: 01】
	train set evaluation finished, time: 3.43 mins
	test set evaluation finished, time: 0.73 mins
	test set evaluation finished, time: 0.86 mins
	learning rate: group 0 : 0.0001
	       Train          |         Valid          |          Test       
	TP:   599, FP:    13  |  TP:   128, FP:     6  |  TP:   129, FP:     1
	FN:     0, TN:   586  |  FN:     0, TN:   122  |  FN:     0, TN:   128
	Train -- Accu: 0.9891, Prec: 0.9788, Reca: 1.0000, Spec: 0.9783, F1Sc: 0.9893
	Valid -- Accu: 0.9766, Prec: 0.9552, Reca: 1.0000, Spec: 0.9531, F1Sc: 0.9771
	Test  -- Accu: 0.9961, Prec: 0.9923, Reca: 1.0000, Spec: 0.9922, F1Sc: 0.9961
	Average train Loss: 0.0508204
	Average valid Loss: 0.0831474
	Average test  Loss: 0.0358475
	training finished, time: 3.49 mins
【Epoch: 02】
	train set evaluation finished, time: 3.41 mins
	test set evaluation finished, time: 0.72 mins
	test set evaluation finished, time: 0.85 mins
	learning rate: group 0 : 0.0001
	       Train          |         Valid          |          Test       
	TP:   599, FP:    10  |  TP:   128, FP:     4  |  TP:   129, FP:     1
	FN:     0, TN:   589  |  FN:     0, TN:   124  |  FN:     0, TN:   128
	Train -- Accu: 0.9917, Prec: 0.9836, Reca: 1.0000, Spec: 0.9833, F1Sc: 0.9917
	Valid -- Accu: 0.9844, Prec: 0.9697, Reca: 1.0000, Spec: 0.9688, F1Sc: 0.9846
	Test  -- Accu: 0.9961, Prec: 0.9923, Reca: 1.0000, Spec: 0.9922, F1Sc: 0.9961
	Average train Loss: 0.0370673
	Average valid Loss: 0.0754962
	Average test  Loss: 0.0247011
	training finished, time: 3.49 mins
【Epoch: 03】
	train set evaluation finished, time: 3.41 mins
	test set evaluation finished, time: 0.73 mins
	test set evaluation finished, time: 0.86 mins
	learning rate: group 0 : 0.0001
	       Train          |         Valid          |          Test       
	TP:   599, FP:     9  |  TP:   128, FP:     4  |  TP:   129, FP:     1
	FN:     0, TN:   590  |  FN:     0, TN:   124  |  FN:     0, TN:   128
	Train -- Accu: 0.9925, Prec: 0.9852, Reca: 1.0000, Spec: 0.9850, F1Sc: 0.9925
	Valid -- Accu: 0.9844, Prec: 0.9697, Reca: 1.0000, Spec: 0.9688, F1Sc: 0.9846
	Test  -- Accu: 0.9961, Prec: 0.9923, Reca: 1.0000, Spec: 0.9922, F1Sc: 0.9961
	Average train Loss: 0.0300282
	Average valid Loss: 0.0710927
	Average test  Loss: 0.0241644
	training finished, time: 3.47 mins
【Epoch: 04】
	train set evaluation finished, time: 3.41 mins
	test set evaluation finished, time: 0.73 mins
	test set evaluation finished, time: 0.85 mins
	learning rate: group 0 : 0.0001
	       Train          |         Valid          |          Test       
	TP:   599, FP:     7  |  TP:   128, FP:     4  |  TP:   129, FP:     1
	FN:     0, TN:   592  |  FN:     0, TN:   124  |  FN:     0, TN:   128
	Train -- Accu: 0.9942, Prec: 0.9884, Reca: 1.0000, Spec: 0.9883, F1Sc: 0.9942
	Valid -- Accu: 0.9844, Prec: 0.9697, Reca: 1.0000, Spec: 0.9688, F1Sc: 0.9846
	Test  -- Accu: 0.9961, Prec: 0.9923, Reca: 1.0000, Spec: 0.9922, F1Sc: 0.9961
	Average train Loss: 0.0245157
	Average valid Loss: 0.0701035
	Average test  Loss: 0.0252258
	training finished, time: 3.47 mins
【Epoch: 05】
	train set evaluation finished, time: 3.42 mins
	test set evaluation finished, time: 0.72 mins
	test set evaluation finished, time: 0.85 mins
	learning rate: group 0 : 0.0001
	       Train          |         Valid          |          Test       
	TP:   599, FP:     5  |  TP:   128, FP:     4  |  TP:   129, FP:     1
	FN:     0, TN:   594  |  FN:     0, TN:   124  |  FN:     0, TN:   128
	Train -- Accu: 0.9958, Prec: 0.9917, Reca: 1.0000, Spec: 0.9917, F1Sc: 0.9958
	Valid -- Accu: 0.9844, Prec: 0.9697, Reca: 1.0000, Spec: 0.9688, F1Sc: 0.9846
	Test  -- Accu: 0.9961, Prec: 0.9923, Reca: 1.0000, Spec: 0.9922, F1Sc: 0.9961
	Average train Loss: 0.0204421
	Average valid Loss: 0.0691661
	Average test  Loss: 0.0258965
	training finished, time: 3.45 mins
【Epoch: 06】
	train set evaluation finished, time: 3.38 mins
	test set evaluation finished, time: 0.76 mins
	test set evaluation finished, time: 0.89 mins
	learning rate: group 0 : 0.0001
	       Train          |         Valid          |          Test       
	TP:   599, FP:     4  |  TP:   128, FP:     4  |  TP:   129, FP:     1
	FN:     0, TN:   595  |  FN:     0, TN:   124  |  FN:     0, TN:   128
	Train -- Accu: 0.9967, Prec: 0.9934, Reca: 1.0000, Spec: 0.9933, F1Sc: 0.9967
	Valid -- Accu: 0.9844, Prec: 0.9697, Reca: 1.0000, Spec: 0.9688, F1Sc: 0.9846
	Test  -- Accu: 0.9961, Prec: 0.9923, Reca: 1.0000, Spec: 0.9922, F1Sc: 0.9961
	Average train Loss: 0.0173810
	Average valid Loss: 0.0678628
	Average test  Loss: 0.0260548
	training finished, time: 3.48 mins
【Epoch: 07】
	train set evaluation finished, time: 3.41 mins
	test set evaluation finished, time: 0.73 mins
	test set evaluation finished, time: 0.86 mins
	learning rate: group 0 : 0.0001
	       Train          |         Valid          |          Test       
	TP:   598, FP:     3  |  TP:   128, FP:     4  |  TP:   128, FP:     1
	FN:     1, TN:   596  |  FN:     0, TN:   124  |  FN:     1, TN:   128
	Train -- Accu: 0.9967, Prec: 0.9950, Reca: 0.9983, Spec: 0.9950, F1Sc: 0.9967
	Valid -- Accu: 0.9844, Prec: 0.9697, Reca: 1.0000, Spec: 0.9688, F1Sc: 0.9846
	Test  -- Accu: 0.9922, Prec: 0.9922, Reca: 0.9922, Spec: 0.9922, F1Sc: 0.9922
	Average train Loss: 0.0154230
	Average valid Loss: 0.0632715
	Average test  Loss: 0.0278276
	training finished, time: 3.49 mins
【Epoch: 08】
	train set evaluation finished, time: 3.43 mins
	test set evaluation finished, time: 0.72 mins
	test set evaluation finished, time: 0.86 mins
	learning rate: group 0 : 0.0001
	       Train          |         Valid          |          Test       
	TP:   598, FP:     2  |  TP:   128, FP:     4  |  TP:   128, FP:     1
	FN:     1, TN:   597  |  FN:     0, TN:   124  |  FN:     1, TN:   128
	Train -- Accu: 0.9975, Prec: 0.9967, Reca: 0.9983, Spec: 0.9967, F1Sc: 0.9975
	Valid -- Accu: 0.9844, Prec: 0.9697, Reca: 1.0000, Spec: 0.9688, F1Sc: 0.9846
	Test  -- Accu: 0.9922, Prec: 0.9922, Reca: 0.9922, Spec: 0.9922, F1Sc: 0.9922
	Average train Loss: 0.0135828
	Average valid Loss: 0.0593721
	Average test  Loss: 0.0298942
	training finished, time: 3.50 mins
【Epoch: 09】
	train set evaluation finished, time: 3.42 mins
	test set evaluation finished, time: 0.71 mins
	test set evaluation finished, time: 0.87 mins
	learning rate: group 0 : 0.0001
	       Train          |         Valid          |          Test       
	TP:   599, FP:     1  |  TP:   128, FP:     4  |  TP:   129, FP:     1
	FN:     0, TN:   598  |  FN:     0, TN:   124  |  FN:     0, TN:   128
	Train -- Accu: 0.9992, Prec: 0.9983, Reca: 1.0000, Spec: 0.9983, F1Sc: 0.9992
	Valid -- Accu: 0.9844, Prec: 0.9697, Reca: 1.0000, Spec: 0.9688, F1Sc: 0.9846
	Test  -- Accu: 0.9961, Prec: 0.9923, Reca: 1.0000, Spec: 0.9922, F1Sc: 0.9961
	Average train Loss: 0.0095005
	Average valid Loss: 0.0657865
	Average test  Loss: 0.0273733
	training finished, time: 3.48 mins
【Epoch: 10】
	train set evaluation finished, time: 3.45 mins
	test set evaluation finished, time: 0.73 mins
	test set evaluation finished, time: 0.87 mins
	learning rate: group 0 : 5e-05
	       Train          |         Valid          |          Test       
	TP:   599, FP:     1  |  TP:   128, FP:     4  |  TP:   129, FP:     1
	FN:     0, TN:   598  |  FN:     0, TN:   124  |  FN:     0, TN:   128
	Train -- Accu: 0.9992, Prec: 0.9983, Reca: 1.0000, Spec: 0.9983, F1Sc: 0.9992
	Valid -- Accu: 0.9844, Prec: 0.9697, Reca: 1.0000, Spec: 0.9688, F1Sc: 0.9846
	Test  -- Accu: 0.9961, Prec: 0.9923, Reca: 1.0000, Spec: 0.9922, F1Sc: 0.9961
	Average train Loss: 0.0080581
	Average valid Loss: 0.0728462
	Average test  Loss: 0.0279543
	training finished, time: 3.49 mins
【Epoch: 11】
	train set evaluation finished, time: 3.43 mins
	test set evaluation finished, time: 0.73 mins
	test set evaluation finished, time: 0.86 mins
	learning rate: group 0 : 5e-05
	       Train          |         Valid          |          Test       
	TP:   599, FP:     2  |  TP:   128, FP:     4  |  TP:   129, FP:     1
	FN:     0, TN:   597  |  FN:     0, TN:   124  |  FN:     0, TN:   128
	Train -- Accu: 0.9983, Prec: 0.9967, Reca: 1.0000, Spec: 0.9967, F1Sc: 0.9983
	Valid -- Accu: 0.9844, Prec: 0.9697, Reca: 1.0000, Spec: 0.9688, F1Sc: 0.9846
	Test  -- Accu: 0.9961, Prec: 0.9923, Reca: 1.0000, Spec: 0.9922, F1Sc: 0.9961
	Average train Loss: 0.0071910
	Average valid Loss: 0.0885495
	Average test  Loss: 0.0294556
	training finished, time: 3.52 mins
【Epoch: 12】
	train set evaluation finished, time: 3.43 mins
	test set evaluation finished, time: 0.73 mins
	test set evaluation finished, time: 0.86 mins
	learning rate: group 0 : 2.5e-05
	       Train          |         Valid          |          Test       
	TP:   599, FP:     2  |  TP:   128, FP:     4  |  TP:   129, FP:     1
	FN:     0, TN:   597  |  FN:     0, TN:   124  |  FN:     0, TN:   128
	Train -- Accu: 0.9983, Prec: 0.9967, Reca: 1.0000, Spec: 0.9967, F1Sc: 0.9983
	Valid -- Accu: 0.9844, Prec: 0.9697, Reca: 1.0000, Spec: 0.9688, F1Sc: 0.9846
	Test  -- Accu: 0.9961, Prec: 0.9923, Reca: 1.0000, Spec: 0.9922, F1Sc: 0.9961
	Average train Loss: 0.0069689
	Average valid Loss: 0.0920986
	Average test  Loss: 0.0299890
	training finished, time: 3.47 mins
【Epoch: 13】
	train set evaluation finished, time: 3.43 mins
	test set evaluation finished, time: 0.73 mins
	test set evaluation finished, time: 0.87 mins
	learning rate: group 0 : 2.5e-05
	       Train          |         Valid          |          Test       
	TP:   599, FP:     2  |  TP:   128, FP:     5  |  TP:   129, FP:     1
	FN:     0, TN:   597  |  FN:     0, TN:   123  |  FN:     0, TN:   128
	Train -- Accu: 0.9983, Prec: 0.9967, Reca: 1.0000, Spec: 0.9967, F1Sc: 0.9983
	Valid -- Accu: 0.9805, Prec: 0.9624, Reca: 1.0000, Spec: 0.9609, F1Sc: 0.9808
	Test  -- Accu: 0.9961, Prec: 0.9923, Reca: 1.0000, Spec: 0.9922, F1Sc: 0.9961
	Average train Loss: 0.0068840
	Average valid Loss: 0.0971747
	Average test  Loss: 0.0314862
	training finished, time: 3.51 mins
【Epoch: 14】
	train set evaluation finished, time: 3.44 mins
	test set evaluation finished, time: 0.72 mins
	test set evaluation finished, time: 0.88 mins
	learning rate: group 0 : 1.25e-05
	       Train          |         Valid          |          Test       
	TP:   599, FP:     2  |  TP:   128, FP:     5  |  TP:   129, FP:     1
	FN:     0, TN:   597  |  FN:     0, TN:   123  |  FN:     0, TN:   128
	Train -- Accu: 0.9983, Prec: 0.9967, Reca: 1.0000, Spec: 0.9967, F1Sc: 0.9983
	Valid -- Accu: 0.9805, Prec: 0.9624, Reca: 1.0000, Spec: 0.9609, F1Sc: 0.9808
	Test  -- Accu: 0.9961, Prec: 0.9923, Reca: 1.0000, Spec: 0.9922, F1Sc: 0.9961
	Average train Loss: 0.0067613
	Average valid Loss: 0.0979245
	Average test  Loss: 0.0324042
	training finished, time: 3.47 mins
【Epoch: 15】
	train set evaluation finished, time: 2.51 mins
	test set evaluation finished, time: 0.60 mins
	test set evaluation finished, time: 0.88 mins
	learning rate: group 0 : 1.25e-05
	       Train          |         Valid          |          Test       
	TP:   599, FP:     2  |  TP:   128, FP:     4  |  TP:   129, FP:     1
	FN:     0, TN:   597  |  FN:     0, TN:   124  |  FN:     0, TN:   128
	Train -- Accu: 0.9983, Prec: 0.9967, Reca: 1.0000, Spec: 0.9967, F1Sc: 0.9983
	Valid -- Accu: 0.9844, Prec: 0.9697, Reca: 1.0000, Spec: 0.9688, F1Sc: 0.9846
	Test  -- Accu: 0.9961, Prec: 0.9923, Reca: 1.0000, Spec: 0.9922, F1Sc: 0.9961
	Average train Loss: 0.0062448
	Average valid Loss: 0.0939152
	Average test  Loss: 0.0323231
	training finished, time: 3.54 mins
【Epoch: 16】
	train set evaluation finished, time: 3.53 mins
	test set evaluation finished, time: 0.75 mins
	test set evaluation finished, time: 0.88 mins
	learning rate: group 0 : 6.25e-06
	       Train          |         Valid          |          Test       
	TP:   599, FP:     2  |  TP:   128, FP:     4  |  TP:   129, FP:     1
	FN:     0, TN:   597  |  FN:     0, TN:   124  |  FN:     0, TN:   128
	Train -- Accu: 0.9983, Prec: 0.9967, Reca: 1.0000, Spec: 0.9967, F1Sc: 0.9983
	Valid -- Accu: 0.9844, Prec: 0.9697, Reca: 1.0000, Spec: 0.9688, F1Sc: 0.9846
	Test  -- Accu: 0.9961, Prec: 0.9923, Reca: 1.0000, Spec: 0.9922, F1Sc: 0.9961
	Average train Loss: 0.0060471
	Average valid Loss: 0.0932483
	Average test  Loss: 0.0326360
	training finished, time: 3.57 mins
【Epoch: 17】
	train set evaluation finished, time: 3.50 mins
	test set evaluation finished, time: 0.74 mins
	test set evaluation finished, time: 0.89 mins
	learning rate: group 0 : 6.25e-06
	       Train          |         Valid          |          Test       
	TP:   599, FP:     2  |  TP:   128, FP:     4  |  TP:   129, FP:     1
	FN:     0, TN:   597  |  FN:     0, TN:   124  |  FN:     0, TN:   128
	Train -- Accu: 0.9983, Prec: 0.9967, Reca: 1.0000, Spec: 0.9967, F1Sc: 0.9983
	Valid -- Accu: 0.9844, Prec: 0.9697, Reca: 1.0000, Spec: 0.9688, F1Sc: 0.9846
	Test  -- Accu: 0.9961, Prec: 0.9923, Reca: 1.0000, Spec: 0.9922, F1Sc: 0.9961
	Average train Loss: 0.0055995
	Average valid Loss: 0.0857591
	Average test  Loss: 0.0320300
	training finished, time: 3.58 mins
【Epoch: 18】
	train set evaluation finished, time: 3.54 mins
	test set evaluation finished, time: 0.75 mins
	test set evaluation finished, time: 0.88 mins
	learning rate: group 0 : 3.125e-06
	       Train          |         Valid          |          Test       
	TP:   599, FP:     1  |  TP:   128, FP:     4  |  TP:   129, FP:     1
	FN:     0, TN:   598  |  FN:     0, TN:   124  |  FN:     0, TN:   128
	Train -- Accu: 0.9992, Prec: 0.9983, Reca: 1.0000, Spec: 0.9983, F1Sc: 0.9992
	Valid -- Accu: 0.9844, Prec: 0.9697, Reca: 1.0000, Spec: 0.9688, F1Sc: 0.9846
	Test  -- Accu: 0.9961, Prec: 0.9923, Reca: 1.0000, Spec: 0.9922, F1Sc: 0.9961
	Average train Loss: 0.0055147
	Average valid Loss: 0.0850831
	Average test  Loss: 0.0321136
	training finished, time: 3.59 mins
【Epoch: 19】
	train set evaluation finished, time: 3.52 mins
	test set evaluation finished, time: 0.74 mins
	test set evaluation finished, time: 0.89 mins
	learning rate: group 0 : 3.125e-06
	       Train          |         Valid          |          Test       
	TP:   599, FP:     1  |  TP:   128, FP:     4  |  TP:   129, FP:     1
	FN:     0, TN:   598  |  FN:     0, TN:   124  |  FN:     0, TN:   128
	Train -- Accu: 0.9992, Prec: 0.9983, Reca: 1.0000, Spec: 0.9983, F1Sc: 0.9992
	Valid -- Accu: 0.9844, Prec: 0.9697, Reca: 1.0000, Spec: 0.9688, F1Sc: 0.9846
	Test  -- Accu: 0.9961, Prec: 0.9923, Reca: 1.0000, Spec: 0.9922, F1Sc: 0.9961
	Average train Loss: 0.0054361
	Average valid Loss: 0.0830987
	Average test  Loss: 0.0320347
	training finished, time: 3.60 mins
【Epoch: 20】
	train set evaluation finished, time: 3.51 mins
	test set evaluation finished, time: 0.73 mins
	test set evaluation finished, time: 0.88 mins
	learning rate: group 0 : 1.5625e-06
	       Train          |         Valid          |          Test       
	TP:   599, FP:     1  |  TP:   128, FP:     4  |  TP:   129, FP:     1
	FN:     0, TN:   598  |  FN:     0, TN:   124  |  FN:     0, TN:   128
	Train -- Accu: 0.9992, Prec: 0.9983, Reca: 1.0000, Spec: 0.9983, F1Sc: 0.9992
	Valid -- Accu: 0.9844, Prec: 0.9697, Reca: 1.0000, Spec: 0.9688, F1Sc: 0.9846
	Test  -- Accu: 0.9961, Prec: 0.9923, Reca: 1.0000, Spec: 0.9922, F1Sc: 0.9961
	Average train Loss: 0.0053936
	Average valid Loss: 0.0826255
	Average test  Loss: 0.0320543
	training finished, time: 3.58 mins
【Epoch: 21】
	train set evaluation finished, time: 3.51 mins
	test set evaluation finished, time: 0.74 mins
	test set evaluation finished, time: 0.88 mins
	learning rate: group 0 : 1.5625e-06
	       Train          |         Valid          |          Test       
	TP:   599, FP:     1  |  TP:   128, FP:     4  |  TP:   129, FP:     1
	FN:     0, TN:   598  |  FN:     0, TN:   124  |  FN:     0, TN:   128
	Train -- Accu: 0.9992, Prec: 0.9983, Reca: 1.0000, Spec: 0.9983, F1Sc: 0.9992
	Valid -- Accu: 0.9844, Prec: 0.9697, Reca: 1.0000, Spec: 0.9688, F1Sc: 0.9846
	Test  -- Accu: 0.9961, Prec: 0.9923, Reca: 1.0000, Spec: 0.9922, F1Sc: 0.9961
	Average train Loss: 0.0053748
	Average valid Loss: 0.0824995
	Average test  Loss: 0.0320672
	training finished, time: 3.61 mins
【Epoch: 22】
	train set evaluation finished, time: 3.54 mins
	test set evaluation finished, time: 0.74 mins
	test set evaluation finished, time: 0.88 mins
	learning rate: group 0 : 7.8125e-07
	       Train          |         Valid          |          Test       
	TP:   599, FP:     1  |  TP:   128, FP:     4  |  TP:   129, FP:     1
	FN:     0, TN:   598  |  FN:     0, TN:   124  |  FN:     0, TN:   128
	Train -- Accu: 0.9992, Prec: 0.9983, Reca: 1.0000, Spec: 0.9983, F1Sc: 0.9992
	Valid -- Accu: 0.9844, Prec: 0.9697, Reca: 1.0000, Spec: 0.9688, F1Sc: 0.9846
	Test  -- Accu: 0.9961, Prec: 0.9923, Reca: 1.0000, Spec: 0.9922, F1Sc: 0.9961
	Average train Loss: 0.0053571
	Average valid Loss: 0.0824009
	Average test  Loss: 0.0320852
	training finished, time: 3.57 mins
【Epoch: 23】
	train set evaluation finished, time: 3.52 mins
	test set evaluation finished, time: 0.75 mins
	test set evaluation finished, time: 0.89 mins
	learning rate: group 0 : 7.8125e-07
	       Train          |         Valid          |          Test       
	TP:   599, FP:     1  |  TP:   128, FP:     4  |  TP:   129, FP:     1
	FN:     0, TN:   598  |  FN:     0, TN:   124  |  FN:     0, TN:   128
	Train -- Accu: 0.9992, Prec: 0.9983, Reca: 1.0000, Spec: 0.9983, F1Sc: 0.9992
	Valid -- Accu: 0.9844, Prec: 0.9697, Reca: 1.0000, Spec: 0.9688, F1Sc: 0.9846
	Test  -- Accu: 0.9961, Prec: 0.9923, Reca: 1.0000, Spec: 0.9922, F1Sc: 0.9961
	Average train Loss: 0.0053494
	Average valid Loss: 0.0824459
	Average test  Loss: 0.0320962
	training finished, time: 3.60 mins
【Epoch: 24】
	train set evaluation finished, time: 3.52 mins
	test set evaluation finished, time: 0.75 mins
	test set evaluation finished, time: 0.88 mins
	learning rate: group 0 : 3.90625e-07
	       Train          |         Valid          |          Test       
	TP:   599, FP:     1  |  TP:   128, FP:     4  |  TP:   129, FP:     1
	FN:     0, TN:   598  |  FN:     0, TN:   124  |  FN:     0, TN:   128
	Train -- Accu: 0.9992, Prec: 0.9983, Reca: 1.0000, Spec: 0.9983, F1Sc: 0.9992
	Valid -- Accu: 0.9844, Prec: 0.9697, Reca: 1.0000, Spec: 0.9688, F1Sc: 0.9846
	Test  -- Accu: 0.9961, Prec: 0.9923, Reca: 1.0000, Spec: 0.9922, F1Sc: 0.9961
	Average train Loss: 0.0053416
	Average valid Loss: 0.0824641
	Average test  Loss: 0.0321078
	training finished, time: 3.59 mins
【Epoch: 25】
	train set evaluation finished, time: 3.55 mins
	test set evaluation finished, time: 0.74 mins
	test set evaluation finished, time: 0.88 mins
	learning rate: group 0 : 3.90625e-07
	       Train          |         Valid          |          Test       
	TP:   599, FP:     1  |  TP:   128, FP:     4  |  TP:   129, FP:     1
	FN:     0, TN:   598  |  FN:     0, TN:   124  |  FN:     0, TN:   128
	Train -- Accu: 0.9992, Prec: 0.9983, Reca: 1.0000, Spec: 0.9983, F1Sc: 0.9992
	Valid -- Accu: 0.9844, Prec: 0.9697, Reca: 1.0000, Spec: 0.9688, F1Sc: 0.9846
	Test  -- Accu: 0.9961, Prec: 0.9923, Reca: 1.0000, Spec: 0.9922, F1Sc: 0.9961
	Average train Loss: 0.0053380
	Average valid Loss: 0.0824991
	Average test  Loss: 0.0321130
	training finished, time: 3.61 mins
【Epoch: 26】
	train set evaluation finished, time: 3.53 mins
	test set evaluation finished, time: 0.74 mins
	test set evaluation finished, time: 0.89 mins
	learning rate: group 0 : 1.953125e-07
	       Train          |         Valid          |          Test       
	TP:   599, FP:     1  |  TP:   128, FP:     4  |  TP:   129, FP:     1
	FN:     0, TN:   598  |  FN:     0, TN:   124  |  FN:     0, TN:   128
	Train -- Accu: 0.9992, Prec: 0.9983, Reca: 1.0000, Spec: 0.9983, F1Sc: 0.9992
	Valid -- Accu: 0.9844, Prec: 0.9697, Reca: 1.0000, Spec: 0.9688, F1Sc: 0.9846
	Test  -- Accu: 0.9961, Prec: 0.9923, Reca: 1.0000, Spec: 0.9922, F1Sc: 0.9961
	Average train Loss: 0.0053346
	Average valid Loss: 0.0825257
	Average test  Loss: 0.0321208
	training finished, time: 3.59 mins
【Epoch: 27】
	train set evaluation finished, time: 3.52 mins
	test set evaluation finished, time: 0.74 mins
	test set evaluation finished, time: 0.88 mins
	learning rate: group 0 : 1.953125e-07
	       Train          |         Valid          |          Test       
	TP:   599, FP:     1  |  TP:   128, FP:     4  |  TP:   129, FP:     1
	FN:     0, TN:   598  |  FN:     0, TN:   124  |  FN:     0, TN:   128
	Train -- Accu: 0.9992, Prec: 0.9983, Reca: 1.0000, Spec: 0.9983, F1Sc: 0.9992
	Valid -- Accu: 0.9844, Prec: 0.9697, Reca: 1.0000, Spec: 0.9688, F1Sc: 0.9846
	Test  -- Accu: 0.9961, Prec: 0.9923, Reca: 1.0000, Spec: 0.9922, F1Sc: 0.9961
	Average train Loss: 0.0053328
	Average valid Loss: 0.0825411
	Average test  Loss: 0.0321230
	training finished, time: 3.57 mins
【Epoch: 28】
	train set evaluation finished, time: 3.53 mins
	test set evaluation finished, time: 0.75 mins
	test set evaluation finished, time: 0.88 mins
	learning rate: group 0 : 9.765625e-08
	       Train          |         Valid          |          Test       
	TP:   599, FP:     1  |  TP:   128, FP:     4  |  TP:   129, FP:     1
	FN:     0, TN:   598  |  FN:     0, TN:   124  |  FN:     0, TN:   128
	Train -- Accu: 0.9992, Prec: 0.9983, Reca: 1.0000, Spec: 0.9983, F1Sc: 0.9992
	Valid -- Accu: 0.9844, Prec: 0.9697, Reca: 1.0000, Spec: 0.9688, F1Sc: 0.9846
	Test  -- Accu: 0.9961, Prec: 0.9923, Reca: 1.0000, Spec: 0.9922, F1Sc: 0.9961
	Average train Loss: 0.0053311
	Average valid Loss: 0.0825539
	Average test  Loss: 0.0321266
	training finished, time: 3.57 mins
【Epoch: 29】
	train set evaluation finished, time: 3.51 mins
	test set evaluation finished, time: 0.74 mins
	test set evaluation finished, time: 0.88 mins
	learning rate: group 0 : 9.765625e-08
	       Train          |         Valid          |          Test       
	TP:   599, FP:     1  |  TP:   128, FP:     4  |  TP:   129, FP:     1
	FN:     0, TN:   598  |  FN:     0, TN:   124  |  FN:     0, TN:   128
	Train -- Accu: 0.9992, Prec: 0.9983, Reca: 1.0000, Spec: 0.9983, F1Sc: 0.9992
	Valid -- Accu: 0.9844, Prec: 0.9697, Reca: 1.0000, Spec: 0.9688, F1Sc: 0.9846
	Test  -- Accu: 0.9961, Prec: 0.9923, Reca: 1.0000, Spec: 0.9922, F1Sc: 0.9961
	Average train Loss: 0.0053300
	Average valid Loss: 0.0825513
	Average test  Loss: 0.0321272
	training finished, time: 3.61 mins
【Epoch: 30】
	train set evaluation finished, time: 3.55 mins
	test set evaluation finished, time: 0.75 mins
	test set evaluation finished, time: 0.88 mins
	learning rate: group 0 : 4.8828125e-08
	       Train          |         Valid          |          Test       
	TP:   599, FP:     1  |  TP:   128, FP:     4  |  TP:   129, FP:     1
	FN:     0, TN:   598  |  FN:     0, TN:   124  |  FN:     0, TN:   128
	Train -- Accu: 0.9992, Prec: 0.9983, Reca: 1.0000, Spec: 0.9983, F1Sc: 0.9992
	Valid -- Accu: 0.9844, Prec: 0.9697, Reca: 1.0000, Spec: 0.9688, F1Sc: 0.9846
	Test  -- Accu: 0.9961, Prec: 0.9923, Reca: 1.0000, Spec: 0.9922, F1Sc: 0.9961
	Average train Loss: 0.0053290
	Average valid Loss: 0.0825491
	Average test  Loss: 0.0321278
	training finished, time: 3.59 mins
【Epoch: 31】
	train set evaluation finished, time: 3.53 mins
	test set evaluation finished, time: 0.75 mins
	test set evaluation finished, time: 0.89 mins
	learning rate: group 0 : 4.8828125e-08
	       Train          |         Valid          |          Test       
	TP:   599, FP:     1  |  TP:   128, FP:     4  |  TP:   129, FP:     1
	FN:     0, TN:   598  |  FN:     0, TN:   124  |  FN:     0, TN:   128
	Train -- Accu: 0.9992, Prec: 0.9983, Reca: 1.0000, Spec: 0.9983, F1Sc: 0.9992
	Valid -- Accu: 0.9844, Prec: 0.9697, Reca: 1.0000, Spec: 0.9688, F1Sc: 0.9846
	Test  -- Accu: 0.9961, Prec: 0.9923, Reca: 1.0000, Spec: 0.9922, F1Sc: 0.9961
	Average train Loss: 0.0053282
	Average valid Loss: 0.0825334
	Average test  Loss: 0.0321274
	training finished, time: 3.61 mins
【Epoch: 32】
	train set evaluation finished, time: 3.53 mins
	test set evaluation finished, time: 0.75 mins
	test set evaluation finished, time: 0.90 mins
	learning rate: group 0 : 2.44140625e-08
	       Train          |         Valid          |          Test       
	TP:   599, FP:     1  |  TP:   128, FP:     4  |  TP:   129, FP:     1
	FN:     0, TN:   598  |  FN:     0, TN:   124  |  FN:     0, TN:   128
	Train -- Accu: 0.9992, Prec: 0.9983, Reca: 1.0000, Spec: 0.9983, F1Sc: 0.9992
	Valid -- Accu: 0.9844, Prec: 0.9697, Reca: 1.0000, Spec: 0.9688, F1Sc: 0.9846
	Test  -- Accu: 0.9961, Prec: 0.9923, Reca: 1.0000, Spec: 0.9922, F1Sc: 0.9961
	Average train Loss: 0.0053274
	Average valid Loss: 0.0825176
	Average test  Loss: 0.0321267
	training finished, time: 3.60 mins
【Epoch: 33】
	train set evaluation finished, time: 3.54 mins
	test set evaluation finished, time: 0.75 mins
	test set evaluation finished, time: 0.90 mins
	learning rate: group 0 : 2.44140625e-08
	       Train          |         Valid          |          Test       
	TP:   599, FP:     1  |  TP:   128, FP:     4  |  TP:   129, FP:     1
	FN:     0, TN:   598  |  FN:     0, TN:   124  |  FN:     0, TN:   128
	Train -- Accu: 0.9992, Prec: 0.9983, Reca: 1.0000, Spec: 0.9983, F1Sc: 0.9992
	Valid -- Accu: 0.9844, Prec: 0.9697, Reca: 1.0000, Spec: 0.9688, F1Sc: 0.9846
	Test  -- Accu: 0.9961, Prec: 0.9923, Reca: 1.0000, Spec: 0.9922, F1Sc: 0.9961
	Average train Loss: 0.0053268
	Average valid Loss: 0.0824965
	Average test  Loss: 0.0321257
	training finished, time: 3.61 mins
【Epoch: 34】
	train set evaluation finished, time: 3.56 mins
	test set evaluation finished, time: 0.75 mins
	test set evaluation finished, time: 0.87 mins
	learning rate: group 0 : 1.220703125e-08
	       Train          |         Valid          |          Test       
	TP:   599, FP:     1  |  TP:   128, FP:     4  |  TP:   129, FP:     1
	FN:     0, TN:   598  |  FN:     0, TN:   124  |  FN:     0, TN:   128
	Train -- Accu: 0.9992, Prec: 0.9983, Reca: 1.0000, Spec: 0.9983, F1Sc: 0.9992
	Valid -- Accu: 0.9844, Prec: 0.9697, Reca: 1.0000, Spec: 0.9688, F1Sc: 0.9846
	Test  -- Accu: 0.9961, Prec: 0.9923, Reca: 1.0000, Spec: 0.9922, F1Sc: 0.9961
	Average train Loss: 0.0053262
	Average valid Loss: 0.0824757
	Average test  Loss: 0.0321248
	training finished, time: 3.62 mins
【Epoch: 35】
	train set evaluation finished, time: 3.55 mins
	test set evaluation finished, time: 0.74 mins
	test set evaluation finished, time: 0.88 mins
	learning rate: group 0 : 1.220703125e-08
	       Train          |         Valid          |          Test       
	TP:   599, FP:     1  |  TP:   128, FP:     4  |  TP:   129, FP:     1
	FN:     0, TN:   598  |  FN:     0, TN:   124  |  FN:     0, TN:   128
	Train -- Accu: 0.9992, Prec: 0.9983, Reca: 1.0000, Spec: 0.9983, F1Sc: 0.9992
	Valid -- Accu: 0.9844, Prec: 0.9697, Reca: 1.0000, Spec: 0.9688, F1Sc: 0.9846
	Test  -- Accu: 0.9961, Prec: 0.9923, Reca: 1.0000, Spec: 0.9922, F1Sc: 0.9961
	Average train Loss: 0.0053258
	Average valid Loss: 0.0824557
	Average test  Loss: 0.0321237
	training finished, time: 3.61 mins
【Epoch: 36】
	train set evaluation finished, time: 3.55 mins
