
current time             : 2024-08-10 12:38:52
code path                : D:\Project\SmtCon\Classification\240806-SCcfg_graph\240806-SCcfg_graph-V10_6\SCcfg_graph_V10_6_main.py

Binary Classification model training.
*************Basic settings*************
config                   : {
    "logtest": false,
    "seed": 1000,
    "previous_dataset": false,
    "previous_dataset_path": "",
    "vul_ann": "Ree",
    "vul": "reentrancy",
    "dataset_name": "SmartBugs",
    "dataset_split": [
        0.7,
        0.15,
        0.15
    ],
    "previous_model": false,
    "previous_model_path": "",
    "max_saved_model": 10,
    "num_labels": 2,
    "num_GCN": 2,
    "d_node_feat": 1024,
    "d_node_reshape": 128,
    "d_output": 128,
    "batch_size": 8,
    "num_epochs": 50,
    "wight_pen": 0.05,
    "lr": 0.0001,
    "optimizer": {
        "weight_decay": 0.0001
    },
    "scheduler": {
        "factor": 0.5,
        "patience": 1,
        "verbose": true,
        "min_lr_rate": 1e-08
    },
    "criterion": {
        "alpha": [
            1,
            1
        ],
        "gamma": 0,
        "reduction": "sum"
    }
}
dataset dir              : D:\Project\SmtCon_dataset\SmartContract\SmartBugs\Phase4\Multimodal_Fusion__reentrancy_SCcfg_graph_ExprsNode

*********Model hyper-parameters*********
training device          : [device(type='cuda', index=0)]
optimizer                : Adam (
Parameter Group 0
    amsgrad: False
    betas: (0.9, 0.999)
    capturable: False
    eps: 1e-08
    foreach: None
    lr: 0.0001
    maximize: False
    weight_decay: 0.0001
)
loss function            : CrossEntropyLoss

************Model structure*************
Model(
  (linear_1): Linear(in_features=1024, out_features=128, bias=True)
  (multi_GCN_layer): ModuleList(
    (0): GCNConv(128, 128)
    (1): GCNConv(128, 128)
  )
  (linear_2): Linear(in_features=128, out_features=2, bias=True)
)
Trainable params         : 164,482
Non-trainable params     : 0
Total params             : 164,482

****************Training****************
【Epoch: 00】
	train set evaluation finished, time: 3.64 mins
	test set evaluation finished, time: 0.75 mins
	test set evaluation finished, time: 0.90 mins
	       Train          |         Valid          |          Test       
	TP:     0, FP:     0  |  TP:     0, FP:     0  |  TP:     0, FP:     0
	FN:   599, TN:   599  |  FN:   128, TN:   128  |  FN:   129, TN:   129
	Train -- Accu: 0.5000, Prec: 0.0000, Reca: 0.0000, Spec: 1.0000, F1Sc: 0.0000
	Valid -- Accu: 0.5000, Prec: 0.0000, Reca: 0.0000, Spec: 1.0000, F1Sc: 0.0000
	Test  -- Accu: 0.5000, Prec: 0.0000, Reca: 0.0000, Spec: 1.0000, F1Sc: 0.0000
	Average train Loss: 0.8769805
	Average valid Loss: 0.8764236
	Average test  Loss: 0.8870286
	training finished, time: 3.63 mins
【Epoch: 01】
	train set evaluation finished, time: 3.59 mins
	test set evaluation finished, time: 0.76 mins
	test set evaluation finished, time: 0.90 mins
	       Train          |         Valid          |          Test       
	TP:   599, FP:    27  |  TP:   128, FP:    10  |  TP:   129, FP:     7
	FN:     0, TN:   572  |  FN:     0, TN:   118  |  FN:     0, TN:   122
	Train -- Accu: 0.9775, Prec: 0.9569, Reca: 1.0000, Spec: 0.9549, F1Sc: 0.9780
	Valid -- Accu: 0.9609, Prec: 0.9275, Reca: 1.0000, Spec: 0.9219, F1Sc: 0.9624
	Test  -- Accu: 0.9729, Prec: 0.9485, Reca: 1.0000, Spec: 0.9457, F1Sc: 0.9736
	Average train Loss: 0.0867211
	Average valid Loss: 0.1374732
	Average test  Loss: 0.0923359
	training finished, time: 3.62 mins
【Epoch: 02】
	train set evaluation finished, time: 3.65 mins
	test set evaluation finished, time: 0.78 mins
	test set evaluation finished, time: 0.97 mins
	       Train          |         Valid          |          Test       
	TP:   599, FP:    11  |  TP:   128, FP:     6  |  TP:   129, FP:     3
	FN:     0, TN:   588  |  FN:     0, TN:   122  |  FN:     0, TN:   126
	Train -- Accu: 0.9908, Prec: 0.9820, Reca: 1.0000, Spec: 0.9816, F1Sc: 0.9909
	Valid -- Accu: 0.9766, Prec: 0.9552, Reca: 1.0000, Spec: 0.9531, F1Sc: 0.9771
	Test  -- Accu: 0.9884, Prec: 0.9773, Reca: 1.0000, Spec: 0.9767, F1Sc: 0.9885
	Average train Loss: 0.0499983
	Average valid Loss: 0.1153622
	Average test  Loss: 0.0473476
	training finished, time: 3.77 mins
【Epoch: 03】
	train set evaluation finished, time: 3.84 mins
	test set evaluation finished, time: 0.79 mins
	test set evaluation finished, time: 1.01 mins
	       Train          |         Valid          |          Test       
	TP:   599, FP:    10  |  TP:   128, FP:     6  |  TP:   129, FP:     3
	FN:     0, TN:   589  |  FN:     0, TN:   122  |  FN:     0, TN:   126
	Train -- Accu: 0.9917, Prec: 0.9836, Reca: 1.0000, Spec: 0.9833, F1Sc: 0.9917
	Valid -- Accu: 0.9766, Prec: 0.9552, Reca: 1.0000, Spec: 0.9531, F1Sc: 0.9771
	Test  -- Accu: 0.9884, Prec: 0.9773, Reca: 1.0000, Spec: 0.9767, F1Sc: 0.9885
	Average train Loss: 0.0382533
	Average valid Loss: 0.1139669
	Average test  Loss: 0.0435081
	training finished, time: 3.71 mins
【Epoch: 04】
	train set evaluation finished, time: 3.81 mins
	test set evaluation finished, time: 0.80 mins
	test set evaluation finished, time: 0.95 mins
	       Train          |         Valid          |          Test       
	TP:   599, FP:     7  |  TP:   128, FP:     6  |  TP:   129, FP:     2
	FN:     0, TN:   592  |  FN:     0, TN:   122  |  FN:     0, TN:   127
	Train -- Accu: 0.9942, Prec: 0.9884, Reca: 1.0000, Spec: 0.9883, F1Sc: 0.9942
	Valid -- Accu: 0.9766, Prec: 0.9552, Reca: 1.0000, Spec: 0.9531, F1Sc: 0.9771
	Test  -- Accu: 0.9922, Prec: 0.9847, Reca: 1.0000, Spec: 0.9845, F1Sc: 0.9923
	Average train Loss: 0.0247219
	Average valid Loss: 0.1064485
	Average test  Loss: 0.0336762
	training finished, time: 3.68 mins
【Epoch: 05】
	train set evaluation finished, time: 3.90 mins
	test set evaluation finished, time: 0.88 mins
	test set evaluation finished, time: 1.02 mins
	       Train          |         Valid          |          Test       
	TP:   599, FP:     7  |  TP:   128, FP:     6  |  TP:   129, FP:     3
	FN:     0, TN:   592  |  FN:     0, TN:   122  |  FN:     0, TN:   126
	Train -- Accu: 0.9942, Prec: 0.9884, Reca: 1.0000, Spec: 0.9883, F1Sc: 0.9942
	Valid -- Accu: 0.9766, Prec: 0.9552, Reca: 1.0000, Spec: 0.9531, F1Sc: 0.9771
	Test  -- Accu: 0.9884, Prec: 0.9773, Reca: 1.0000, Spec: 0.9767, F1Sc: 0.9885
	Average train Loss: 0.0240509
	Average valid Loss: 0.1170765
	Average test  Loss: 0.0395992
	training finished, time: 3.78 mins
【Epoch: 06】
	train set evaluation finished, time: 4.02 mins
	test set evaluation finished, time: 0.91 mins
	test set evaluation finished, time: 1.09 mins
	       Train          |         Valid          |          Test       
	TP:   599, FP:     6  |  TP:   128, FP:     6  |  TP:   129, FP:     3
	FN:     0, TN:   593  |  FN:     0, TN:   122  |  FN:     0, TN:   126
	Train -- Accu: 0.9950, Prec: 0.9901, Reca: 1.0000, Spec: 0.9900, F1Sc: 0.9950
	Valid -- Accu: 0.9766, Prec: 0.9552, Reca: 1.0000, Spec: 0.9531, F1Sc: 0.9771
	Test  -- Accu: 0.9884, Prec: 0.9773, Reca: 1.0000, Spec: 0.9767, F1Sc: 0.9885
	Average train Loss: 0.0282964
	Average valid Loss: 0.1283049
	Average test  Loss: 0.0487021
	training finished, time: 3.78 mins
【Epoch: 07】
	train set evaluation finished, time: 3.90 mins
	test set evaluation finished, time: 0.81 mins
	test set evaluation finished, time: 1.00 mins
	       Train          |         Valid          |          Test       
	TP:   598, FP:     2  |  TP:   128, FP:     4  |  TP:   127, FP:     1
	FN:     1, TN:   597  |  FN:     0, TN:   124  |  FN:     2, TN:   128
	Train -- Accu: 0.9975, Prec: 0.9967, Reca: 0.9983, Spec: 0.9967, F1Sc: 0.9975
	Valid -- Accu: 0.9844, Prec: 0.9697, Reca: 1.0000, Spec: 0.9688, F1Sc: 0.9846
	Test  -- Accu: 0.9884, Prec: 0.9922, Reca: 0.9845, Spec: 0.9922, F1Sc: 0.9883
	Average train Loss: 0.0153620
	Average valid Loss: 0.0842844
	Average test  Loss: 0.0379280
	training finished, time: 3.71 mins
【Epoch: 08】
	train set evaluation finished, time: 3.77 mins
	test set evaluation finished, time: 0.79 mins
	test set evaluation finished, time: 0.97 mins
	       Train          |         Valid          |          Test       
	TP:   598, FP:     1  |  TP:   128, FP:     4  |  TP:   127, FP:     1
	FN:     1, TN:   598  |  FN:     0, TN:   124  |  FN:     2, TN:   128
	Train -- Accu: 0.9983, Prec: 0.9983, Reca: 0.9983, Spec: 0.9983, F1Sc: 0.9983
	Valid -- Accu: 0.9844, Prec: 0.9697, Reca: 1.0000, Spec: 0.9688, F1Sc: 0.9846
	Test  -- Accu: 0.9884, Prec: 0.9922, Reca: 0.9845, Spec: 0.9922, F1Sc: 0.9883
	Average train Loss: 0.0151523
	Average valid Loss: 0.0824761
	Average test  Loss: 0.0425333
	training finished, time: 3.66 mins
【Epoch: 09】
	train set evaluation finished, time: 3.79 mins
	test set evaluation finished, time: 0.86 mins
	test set evaluation finished, time: 1.04 mins
	       Train          |         Valid          |          Test       
	TP:   598, FP:     1  |  TP:   128, FP:     4  |  TP:   127, FP:     1
	FN:     1, TN:   598  |  FN:     0, TN:   124  |  FN:     2, TN:   128
	Train -- Accu: 0.9983, Prec: 0.9983, Reca: 0.9983, Spec: 0.9983, F1Sc: 0.9983
	Valid -- Accu: 0.9844, Prec: 0.9697, Reca: 1.0000, Spec: 0.9688, F1Sc: 0.9846
	Test  -- Accu: 0.9884, Prec: 0.9922, Reca: 0.9845, Spec: 0.9922, F1Sc: 0.9883
	Average train Loss: 0.0141329
	Average valid Loss: 0.0830682
	Average test  Loss: 0.0451312
	training finished, time: 3.75 mins
【Epoch: 10】
	train set evaluation finished, time: 4.17 mins
	test set evaluation finished, time: 0.89 mins
	test set evaluation finished, time: 1.04 mins
	       Train          |         Valid          |          Test       
	TP:   598, FP:     2  |  TP:   128, FP:     4  |  TP:   127, FP:     1
	FN:     1, TN:   597  |  FN:     0, TN:   124  |  FN:     2, TN:   128
	Train -- Accu: 0.9975, Prec: 0.9967, Reca: 0.9983, Spec: 0.9967, F1Sc: 0.9975
	Valid -- Accu: 0.9844, Prec: 0.9697, Reca: 1.0000, Spec: 0.9688, F1Sc: 0.9846
	Test  -- Accu: 0.9884, Prec: 0.9922, Reca: 0.9845, Spec: 0.9922, F1Sc: 0.9883
	Average train Loss: 0.0132166
	Average valid Loss: 0.0883199
	Average test  Loss: 0.0473828
	training finished, time: 3.67 mins
【Epoch: 11】
	train set evaluation finished, time: 3.95 mins
	test set evaluation finished, time: 0.86 mins
	test set evaluation finished, time: 1.06 mins
	       Train          |         Valid          |          Test       
	TP:   599, FP:     2  |  TP:   128, FP:     6  |  TP:   128, FP:     1
	FN:     0, TN:   597  |  FN:     0, TN:   122  |  FN:     1, TN:   128
	Train -- Accu: 0.9983, Prec: 0.9967, Reca: 1.0000, Spec: 0.9967, F1Sc: 0.9983
	Valid -- Accu: 0.9766, Prec: 0.9552, Reca: 1.0000, Spec: 0.9531, F1Sc: 0.9771
	Test  -- Accu: 0.9922, Prec: 0.9922, Reca: 0.9922, Spec: 0.9922, F1Sc: 0.9922
	Average train Loss: 0.0073549
	Average valid Loss: 0.1253943
	Average test  Loss: 0.0389139
	training finished, time: 3.97 mins
【Epoch: 12】
	train set evaluation finished, time: 3.99 mins
	test set evaluation finished, time: 0.80 mins
	test set evaluation finished, time: 0.96 mins
	       Train          |         Valid          |          Test       
	TP:   599, FP:     2  |  TP:   128, FP:     6  |  TP:   128, FP:     1
	FN:     0, TN:   597  |  FN:     0, TN:   122  |  FN:     1, TN:   128
	Train -- Accu: 0.9983, Prec: 0.9967, Reca: 1.0000, Spec: 0.9967, F1Sc: 0.9983
	Valid -- Accu: 0.9766, Prec: 0.9552, Reca: 1.0000, Spec: 0.9531, F1Sc: 0.9771
	Test  -- Accu: 0.9922, Prec: 0.9922, Reca: 0.9922, Spec: 0.9922, F1Sc: 0.9922
	Average train Loss: 0.0070504
	Average valid Loss: 0.1261221
	Average test  Loss: 0.0401170
	training finished, time: 3.72 mins
【Epoch: 13】
	train set evaluation finished, time: 3.94 mins
	test set evaluation finished, time: 0.82 mins
	test set evaluation finished, time: 1.05 mins
	       Train          |         Valid          |          Test       
	TP:   599, FP:     1  |  TP:   128, FP:     6  |  TP:   129, FP:     1
	FN:     0, TN:   598  |  FN:     0, TN:   122  |  FN:     0, TN:   128
	Train -- Accu: 0.9992, Prec: 0.9983, Reca: 1.0000, Spec: 0.9983, F1Sc: 0.9992
	Valid -- Accu: 0.9766, Prec: 0.9552, Reca: 1.0000, Spec: 0.9531, F1Sc: 0.9771
	Test  -- Accu: 0.9961, Prec: 0.9923, Reca: 1.0000, Spec: 0.9922, F1Sc: 0.9961
	Average train Loss: 0.0061915
	Average valid Loss: 0.1269165
	Average test  Loss: 0.0397245
	training finished, time: 3.88 mins
【Epoch: 14】
	train set evaluation finished, time: 3.87 mins
	test set evaluation finished, time: 0.79 mins
	test set evaluation finished, time: 0.96 mins
	       Train          |         Valid          |          Test       
	TP:   599, FP:     1  |  TP:   128, FP:     6  |  TP:   129, FP:     1
	FN:     0, TN:   598  |  FN:     0, TN:   122  |  FN:     0, TN:   128
	Train -- Accu: 0.9992, Prec: 0.9983, Reca: 1.0000, Spec: 0.9983, F1Sc: 0.9992
	Valid -- Accu: 0.9766, Prec: 0.9552, Reca: 1.0000, Spec: 0.9531, F1Sc: 0.9771
	Test  -- Accu: 0.9961, Prec: 0.9923, Reca: 1.0000, Spec: 0.9922, F1Sc: 0.9961
	Average train Loss: 0.0059916
	Average valid Loss: 0.1281803
	Average test  Loss: 0.0404146
	training finished, time: 3.74 mins
【Epoch: 15】
	train set evaluation finished, time: 3.89 mins
	test set evaluation finished, time: 0.81 mins
	test set evaluation finished, time: 0.99 mins
	       Train          |         Valid          |          Test       
	TP:   599, FP:     1  |  TP:   128, FP:     6  |  TP:   129, FP:     1
	FN:     0, TN:   598  |  FN:     0, TN:   122  |  FN:     0, TN:   128
	Train -- Accu: 0.9992, Prec: 0.9983, Reca: 1.0000, Spec: 0.9983, F1Sc: 0.9992
	Valid -- Accu: 0.9766, Prec: 0.9552, Reca: 1.0000, Spec: 0.9531, F1Sc: 0.9771
	Test  -- Accu: 0.9961, Prec: 0.9923, Reca: 1.0000, Spec: 0.9922, F1Sc: 0.9961
	Average train Loss: 0.0057997
	Average valid Loss: 0.1284857
	Average test  Loss: 0.0405291
	training finished, time: 3.71 mins
【Epoch: 16】
	train set evaluation finished, time: 3.86 mins
	test set evaluation finished, time: 0.79 mins
	test set evaluation finished, time: 0.94 mins
	       Train          |         Valid          |          Test       
	TP:   599, FP:     1  |  TP:   128, FP:     6  |  TP:   129, FP:     2
	FN:     0, TN:   598  |  FN:     0, TN:   122  |  FN:     0, TN:   127
	Train -- Accu: 0.9992, Prec: 0.9983, Reca: 1.0000, Spec: 0.9983, F1Sc: 0.9992
	Valid -- Accu: 0.9766, Prec: 0.9552, Reca: 1.0000, Spec: 0.9531, F1Sc: 0.9771
	Test  -- Accu: 0.9922, Prec: 0.9847, Reca: 1.0000, Spec: 0.9845, F1Sc: 0.9923
	Average train Loss: 0.0056813
	Average valid Loss: 0.1289816
	Average test  Loss: 0.0408337
	training finished, time: 3.73 mins
【Epoch: 17】
	train set evaluation finished, time: 3.99 mins
	test set evaluation finished, time: 0.85 mins
	test set evaluation finished, time: 1.01 mins
	       Train          |         Valid          |          Test       
	TP:   599, FP:     1  |  TP:   128, FP:     6  |  TP:   128, FP:     1
	FN:     0, TN:   598  |  FN:     0, TN:   122  |  FN:     1, TN:   128
	Train -- Accu: 0.9992, Prec: 0.9983, Reca: 1.0000, Spec: 0.9983, F1Sc: 0.9992
	Valid -- Accu: 0.9766, Prec: 0.9552, Reca: 1.0000, Spec: 0.9531, F1Sc: 0.9771
	Test  -- Accu: 0.9922, Prec: 0.9922, Reca: 0.9922, Spec: 0.9922, F1Sc: 0.9922
	Average train Loss: 0.0055304
	Average valid Loss: 0.1259411
	Average test  Loss: 0.0408796
	training finished, time: 3.67 mins
【Epoch: 18】
	train set evaluation finished, time: 4.04 mins
	test set evaluation finished, time: 0.91 mins
	test set evaluation finished, time: 1.05 mins
	       Train          |         Valid          |          Test       
	TP:   599, FP:     1  |  TP:   128, FP:     6  |  TP:   128, FP:     1
	FN:     0, TN:   598  |  FN:     0, TN:   122  |  FN:     1, TN:   128
	Train -- Accu: 0.9992, Prec: 0.9983, Reca: 1.0000, Spec: 0.9983, F1Sc: 0.9992
	Valid -- Accu: 0.9766, Prec: 0.9552, Reca: 1.0000, Spec: 0.9531, F1Sc: 0.9771
	Test  -- Accu: 0.9922, Prec: 0.9922, Reca: 0.9922, Spec: 0.9922, F1Sc: 0.9922
	Average train Loss: 0.0054883
	Average valid Loss: 0.1262315
	Average test  Loss: 0.0410410
	training finished, time: 4.03 mins
【Epoch: 19】
	train set evaluation finished, time: 3.98 mins
	test set evaluation finished, time: 0.86 mins
	test set evaluation finished, time: 1.04 mins
	       Train          |         Valid          |          Test       
	TP:   599, FP:     1  |  TP:   128, FP:     6  |  TP:   128, FP:     1
	FN:     0, TN:   598  |  FN:     0, TN:   122  |  FN:     1, TN:   128
	Train -- Accu: 0.9992, Prec: 0.9983, Reca: 1.0000, Spec: 0.9983, F1Sc: 0.9992
	Valid -- Accu: 0.9766, Prec: 0.9552, Reca: 1.0000, Spec: 0.9531, F1Sc: 0.9771
	Test  -- Accu: 0.9922, Prec: 0.9922, Reca: 0.9922, Spec: 0.9922, F1Sc: 0.9922
	Average train Loss: 0.0054379
	Average valid Loss: 0.1246838
	Average test  Loss: 0.0411032
	training finished, time: 3.69 mins
【Epoch: 20】
	train set evaluation finished, time: 3.81 mins
	test set evaluation finished, time: 0.78 mins
	test set evaluation finished, time: 1.05 mins
	       Train          |         Valid          |          Test       
	TP:   599, FP:     1  |  TP:   128, FP:     6  |  TP:   128, FP:     1
	FN:     0, TN:   598  |  FN:     0, TN:   122  |  FN:     1, TN:   128
	Train -- Accu: 0.9992, Prec: 0.9983, Reca: 1.0000, Spec: 0.9983, F1Sc: 0.9992
	Valid -- Accu: 0.9766, Prec: 0.9552, Reca: 1.0000, Spec: 0.9531, F1Sc: 0.9771
	Test  -- Accu: 0.9922, Prec: 0.9922, Reca: 0.9922, Spec: 0.9922, F1Sc: 0.9922
	Average train Loss: 0.0054152
	Average valid Loss: 0.1245923
	Average test  Loss: 0.0411935
	training finished, time: 3.72 mins
【Epoch: 21】
	train set evaluation finished, time: 3.85 mins
	test set evaluation finished, time: 0.79 mins
	test set evaluation finished, time: 1.05 mins
	       Train          |         Valid          |          Test       
	TP:   599, FP:     1  |  TP:   128, FP:     6  |  TP:   128, FP:     1
	FN:     0, TN:   598  |  FN:     0, TN:   122  |  FN:     1, TN:   128
	Train -- Accu: 0.9992, Prec: 0.9983, Reca: 1.0000, Spec: 0.9983, F1Sc: 0.9992
	Valid -- Accu: 0.9766, Prec: 0.9552, Reca: 1.0000, Spec: 0.9531, F1Sc: 0.9771
	Test  -- Accu: 0.9922, Prec: 0.9922, Reca: 0.9922, Spec: 0.9922, F1Sc: 0.9922
	Average train Loss: 0.0053998
	Average valid Loss: 0.1241446
	Average test  Loss: 0.0412320
	training finished, time: 3.62 mins
【Epoch: 22】
	train set evaluation finished, time: 3.90 mins
	test set evaluation finished, time: 0.87 mins
	test set evaluation finished, time: 1.06 mins
	       Train          |         Valid          |          Test       
	TP:   599, FP:     1  |  TP:   128, FP:     6  |  TP:   128, FP:     1
	FN:     0, TN:   598  |  FN:     0, TN:   122  |  FN:     1, TN:   128
	Train -- Accu: 0.9992, Prec: 0.9983, Reca: 1.0000, Spec: 0.9983, F1Sc: 0.9992
	Valid -- Accu: 0.9766, Prec: 0.9552, Reca: 1.0000, Spec: 0.9531, F1Sc: 0.9771
	Test  -- Accu: 0.9922, Prec: 0.9922, Reca: 0.9922, Spec: 0.9922, F1Sc: 0.9922
	Average train Loss: 0.0053885
	Average valid Loss: 0.1239965
	Average test  Loss: 0.0412746
	training finished, time: 3.68 mins
【Epoch: 23】
	train set evaluation finished, time: 3.82 mins
	test set evaluation finished, time: 0.88 mins
	test set evaluation finished, time: 1.08 mins
	       Train          |         Valid          |          Test       
	TP:   599, FP:     1  |  TP:   128, FP:     6  |  TP:   128, FP:     1
	FN:     0, TN:   598  |  FN:     0, TN:   122  |  FN:     1, TN:   128
	Train -- Accu: 0.9992, Prec: 0.9983, Reca: 1.0000, Spec: 0.9983, F1Sc: 0.9992
	Valid -- Accu: 0.9766, Prec: 0.9552, Reca: 1.0000, Spec: 0.9531, F1Sc: 0.9771
	Test  -- Accu: 0.9922, Prec: 0.9922, Reca: 0.9922, Spec: 0.9922, F1Sc: 0.9922
	Average train Loss: 0.0053821
	Average valid Loss: 0.1238435
	Average test  Loss: 0.0412908
	training finished, time: 3.82 mins
【Epoch: 24】
	train set evaluation finished, time: 4.13 mins
	test set evaluation finished, time: 0.82 mins
	test set evaluation finished, time: 0.96 mins
	       Train          |         Valid          |          Test       
	TP:   599, FP:     1  |  TP:   128, FP:     6  |  TP:   128, FP:     1
	FN:     0, TN:   598  |  FN:     0, TN:   122  |  FN:     1, TN:   128
	Train -- Accu: 0.9992, Prec: 0.9983, Reca: 1.0000, Spec: 0.9983, F1Sc: 0.9992
	Valid -- Accu: 0.9766, Prec: 0.9552, Reca: 1.0000, Spec: 0.9531, F1Sc: 0.9771
	Test  -- Accu: 0.9922, Prec: 0.9922, Reca: 0.9922, Spec: 0.9922, F1Sc: 0.9922
	Average train Loss: 0.0053772
	Average valid Loss: 0.1237772
	Average test  Loss: 0.0413112
	training finished, time: 3.66 mins
【Epoch: 25】
	train set evaluation finished, time: 4.00 mins
	test set evaluation finished, time: 0.81 mins
	test set evaluation finished, time: 1.00 mins
	       Train          |         Valid          |          Test       
	TP:   599, FP:     1  |  TP:   128, FP:     6  |  TP:   128, FP:     1
	FN:     0, TN:   598  |  FN:     0, TN:   122  |  FN:     1, TN:   128
	Train -- Accu: 0.9992, Prec: 0.9983, Reca: 1.0000, Spec: 0.9983, F1Sc: 0.9992
	Valid -- Accu: 0.9766, Prec: 0.9552, Reca: 1.0000, Spec: 0.9531, F1Sc: 0.9771
	Test  -- Accu: 0.9922, Prec: 0.9922, Reca: 0.9922, Spec: 0.9922, F1Sc: 0.9922
	Average train Loss: 0.0053744
	Average valid Loss: 0.1237128
	Average test  Loss: 0.0413193
	training finished, time: 3.72 mins
【Epoch: 26】
	train set evaluation finished, time: 3.89 mins
	test set evaluation finished, time: 0.84 mins
	test set evaluation finished, time: 0.99 mins
	       Train          |         Valid          |          Test       
	TP:   599, FP:     1  |  TP:   128, FP:     6  |  TP:   128, FP:     1
	FN:     0, TN:   598  |  FN:     0, TN:   122  |  FN:     1, TN:   128
	Train -- Accu: 0.9992, Prec: 0.9983, Reca: 1.0000, Spec: 0.9983, F1Sc: 0.9992
	Valid -- Accu: 0.9766, Prec: 0.9552, Reca: 1.0000, Spec: 0.9531, F1Sc: 0.9771
	Test  -- Accu: 0.9922, Prec: 0.9922, Reca: 0.9922, Spec: 0.9922, F1Sc: 0.9922
	Average train Loss: 0.0053718
	Average valid Loss: 0.1236629
	Average test  Loss: 0.0413254
	training finished, time: 3.82 mins
【Epoch: 27】
	train set evaluation finished, time: 3.94 mins
	test set evaluation finished, time: 0.81 mins
	test set evaluation finished, time: 1.06 mins
	       Train          |         Valid          |          Test       
	TP:   599, FP:     1  |  TP:   128, FP:     6  |  TP:   128, FP:     1
	FN:     0, TN:   598  |  FN:     0, TN:   122  |  FN:     1, TN:   128
	Train -- Accu: 0.9992, Prec: 0.9983, Reca: 1.0000, Spec: 0.9983, F1Sc: 0.9992
	Valid -- Accu: 0.9766, Prec: 0.9552, Reca: 1.0000, Spec: 0.9531, F1Sc: 0.9771
	Test  -- Accu: 0.9922, Prec: 0.9922, Reca: 0.9922, Spec: 0.9922, F1Sc: 0.9922
	Average train Loss: 0.0053702
	Average valid Loss: 0.1236080
	Average test  Loss: 0.0413279
	training finished, time: 4.03 mins
【Epoch: 28】
	train set evaluation finished, time: 3.92 mins
	test set evaluation finished, time: 0.85 mins
	test set evaluation finished, time: 1.02 mins
	       Train          |         Valid          |          Test       
	TP:   599, FP:     1  |  TP:   128, FP:     6  |  TP:   128, FP:     1
	FN:     0, TN:   598  |  FN:     0, TN:   122  |  FN:     1, TN:   128
	Train -- Accu: 0.9992, Prec: 0.9983, Reca: 1.0000, Spec: 0.9983, F1Sc: 0.9992
	Valid -- Accu: 0.9766, Prec: 0.9552, Reca: 1.0000, Spec: 0.9531, F1Sc: 0.9771
	Test  -- Accu: 0.9922, Prec: 0.9922, Reca: 0.9922, Spec: 0.9922, F1Sc: 0.9922
	Average train Loss: 0.0053687
	Average valid Loss: 0.1235597
	Average test  Loss: 0.0413304
	training finished, time: 3.80 mins
【Epoch: 29】
	train set evaluation finished, time: 4.08 mins
	test set evaluation finished, time: 0.92 mins
	test set evaluation finished, time: 1.06 mins
	       Train          |         Valid          |          Test       
	TP:   599, FP:     1  |  TP:   128, FP:     6  |  TP:   128, FP:     1
	FN:     0, TN:   598  |  FN:     0, TN:   122  |  FN:     1, TN:   128
	Train -- Accu: 0.9992, Prec: 0.9983, Reca: 1.0000, Spec: 0.9983, F1Sc: 0.9992
	Valid -- Accu: 0.9766, Prec: 0.9552, Reca: 1.0000, Spec: 0.9531, F1Sc: 0.9771
	Test  -- Accu: 0.9922, Prec: 0.9922, Reca: 0.9922, Spec: 0.9922, F1Sc: 0.9922
	Average train Loss: 0.0053676
	Average valid Loss: 0.1235036
	Average test  Loss: 0.0413290
	training finished, time: 3.73 mins
【Epoch: 30】
	train set evaluation finished, time: 3.93 mins
	test set evaluation finished, time: 0.86 mins
	test set evaluation finished, time: 1.09 mins
	       Train          |         Valid          |          Test       
	TP:   599, FP:     1  |  TP:   128, FP:     6  |  TP:   128, FP:     1
	FN:     0, TN:   598  |  FN:     0, TN:   122  |  FN:     1, TN:   128
	Train -- Accu: 0.9992, Prec: 0.9983, Reca: 1.0000, Spec: 0.9983, F1Sc: 0.9992
	Valid -- Accu: 0.9766, Prec: 0.9552, Reca: 1.0000, Spec: 0.9531, F1Sc: 0.9771
	Test  -- Accu: 0.9922, Prec: 0.9922, Reca: 0.9922, Spec: 0.9922, F1Sc: 0.9922
	Average train Loss: 0.0053665
	Average valid Loss: 0.1234491
	Average test  Loss: 0.0413282
	training finished, time: 3.91 mins
【Epoch: 31】
	train set evaluation finished, time: 3.87 mins
	test set evaluation finished, time: 0.89 mins
	test set evaluation finished, time: 1.03 mins
	       Train          |         Valid          |          Test       
	TP:   599, FP:     1  |  TP:   128, FP:     6  |  TP:   128, FP:     1
	FN:     0, TN:   598  |  FN:     0, TN:   122  |  FN:     1, TN:   128
	Train -- Accu: 0.9992, Prec: 0.9983, Reca: 1.0000, Spec: 0.9983, F1Sc: 0.9992
	Valid -- Accu: 0.9766, Prec: 0.9552, Reca: 1.0000, Spec: 0.9531, F1Sc: 0.9771
	Test  -- Accu: 0.9922, Prec: 0.9922, Reca: 0.9922, Spec: 0.9922, F1Sc: 0.9922
	Average train Loss: 0.0053658
	Average valid Loss: 0.1234016
	Average test  Loss: 0.0413263
	training finished, time: 3.87 mins
【Epoch: 32】
