
current time             : 2024-08-13 12:33:49
code path                : D:\Project\SmtCon\Classification\240806-SCcfg_graph\240813-SCcfg_graph-V10_7\SCcfg_graph_V10_7_main.py

Binary Classification model training.
*************Basic settings*************
config                   : {
    "logtest": false,
    "seed": 1000,
    "previous_dataset": false,
    "previous_dataset_path": "",
    "vul_ann": "Ree",
    "vul": "reentrancy",
    "dataset_name": "SmartBugs",
    "dataset_split": [
        0.7,
        0.15,
        0.15
    ],
    "previous_model": false,
    "previous_model_path": "",
    "max_saved_model": 10,
    "num_labels": 2,
    "num_GAT": 3,
    "d_node_feat": 1024,
    "d_node_reshape": 128,
    "d_output": 128,
    "batch_size": 8,
    "num_epochs": 50,
    "wight_pen": 0.05,
    "lr": 0.0001,
    "optimizer": {
        "weight_decay": 0.0001
    },
    "scheduler": {
        "factor": 0.5,
        "patience": 1,
        "verbose": true,
        "min_lr_rate": 1e-08
    },
    "criterion": {
        "alpha": [
            1,
            1
        ],
        "gamma": 0,
        "reduction": "sum"
    }
}
dataset dir              : D:\Project\SmtCon_dataset\SmartContract\SmartBugs\Phase4\Multimodal_Fusion__reentrancy_SCcfg_graph_ExprsNode

*********Model hyper-parameters*********
training device          : [device(type='cuda', index=0)]
optimizer                : Adam (
Parameter Group 0
    amsgrad: False
    betas: (0.9, 0.999)
    capturable: False
    eps: 1e-08
    foreach: None
    lr: 0.0001
    maximize: False
    weight_decay: 0.0001
)
loss function            : CrossEntropyLoss

************Model structure*************
Model(
  (linear_1): Linear(in_features=1024, out_features=128, bias=True)
  (multi_GAT_layer): ModuleList(
    (0): GATConv(128, 128, heads=1)
    (1): GATConv(128, 128, heads=1)
    (2): GATConv(128, 128, heads=1)
  )
  (linear_2): Linear(in_features=128, out_features=2, bias=True)
)
Trainable params         : 181,762
Non-trainable params     : 0
Total params             : 181,762

****************Training****************
【Epoch: 00】
	train set evaluation finished, time: 3.98 mins
	test set evaluation finished, time: 0.81 mins
	test set evaluation finished, time: 0.97 mins
	learning rate: group 0 : 0.0001
	       Train          |         Valid          |          Test       
	TP:     0, FP:     0  |  TP:     0, FP:     0  |  TP:     0, FP:     0
	FN:   599, TN:   599  |  FN:   128, TN:   128  |  FN:   129, TN:   129
	Train -- Accu: 0.5000, Prec: 0.0000, Reca: 0.0000, Spec: 1.0000, F1Sc: 0.0000
	Valid -- Accu: 0.5000, Prec: 0.0000, Reca: 0.0000, Spec: 1.0000, F1Sc: 0.0000
	Test  -- Accu: 0.5000, Prec: 0.0000, Reca: 0.0000, Spec: 1.0000, F1Sc: 0.0000
	Average train Loss: 0.7216139
	Average valid Loss: 0.7201331
	Average test  Loss: 0.7204425
	training finished, time: 3.83 mins
【Epoch: 01】
	train set evaluation finished, time: 3.96 mins
	test set evaluation finished, time: 0.86 mins
	test set evaluation finished, time: 1.09 mins
	learning rate: group 0 : 0.0001
	       Train          |         Valid          |          Test       
	TP:   599, FP:    21  |  TP:   128, FP:     6  |  TP:   129, FP:     7
	FN:     0, TN:   578  |  FN:     0, TN:   122  |  FN:     0, TN:   122
	Train -- Accu: 0.9825, Prec: 0.9661, Reca: 1.0000, Spec: 0.9649, F1Sc: 0.9828
	Valid -- Accu: 0.9766, Prec: 0.9552, Reca: 1.0000, Spec: 0.9531, F1Sc: 0.9771
	Test  -- Accu: 0.9729, Prec: 0.9485, Reca: 1.0000, Spec: 0.9457, F1Sc: 0.9736
	Average train Loss: 0.0640689
	Average valid Loss: 0.0948797
	Average test  Loss: 0.0586948
	training finished, time: 3.91 mins
【Epoch: 02】
	train set evaluation finished, time: 4.36 mins
	test set evaluation finished, time: 0.90 mins
	test set evaluation finished, time: 1.06 mins
	learning rate: group 0 : 0.0001
	       Train          |         Valid          |          Test       
	TP:   599, FP:    10  |  TP:   128, FP:     5  |  TP:   129, FP:     1
	FN:     0, TN:   589  |  FN:     0, TN:   123  |  FN:     0, TN:   128
	Train -- Accu: 0.9917, Prec: 0.9836, Reca: 1.0000, Spec: 0.9833, F1Sc: 0.9917
	Valid -- Accu: 0.9805, Prec: 0.9624, Reca: 1.0000, Spec: 0.9609, F1Sc: 0.9808
	Test  -- Accu: 0.9961, Prec: 0.9923, Reca: 1.0000, Spec: 0.9922, F1Sc: 0.9961
	Average train Loss: 0.0378505
	Average valid Loss: 0.0760996
	Average test  Loss: 0.0230971
	training finished, time: 4.01 mins
【Epoch: 03】
	train set evaluation finished, time: 4.06 mins
	test set evaluation finished, time: 0.87 mins
	test set evaluation finished, time: 1.01 mins
	learning rate: group 0 : 0.0001
	       Train          |         Valid          |          Test       
	TP:   599, FP:     9  |  TP:   128, FP:     4  |  TP:   129, FP:     1
	FN:     0, TN:   590  |  FN:     0, TN:   124  |  FN:     0, TN:   128
	Train -- Accu: 0.9925, Prec: 0.9852, Reca: 1.0000, Spec: 0.9850, F1Sc: 0.9925
	Valid -- Accu: 0.9844, Prec: 0.9697, Reca: 1.0000, Spec: 0.9688, F1Sc: 0.9846
	Test  -- Accu: 0.9961, Prec: 0.9923, Reca: 1.0000, Spec: 0.9922, F1Sc: 0.9961
	Average train Loss: 0.0309243
	Average valid Loss: 0.0729906
	Average test  Loss: 0.0219556
	training finished, time: 3.92 mins
【Epoch: 04】
	train set evaluation finished, time: 4.03 mins
	test set evaluation finished, time: 0.81 mins
	test set evaluation finished, time: 0.96 mins
	learning rate: group 0 : 0.0001
	       Train          |         Valid          |          Test       
	TP:   599, FP:     7  |  TP:   128, FP:     4  |  TP:   129, FP:     1
	FN:     0, TN:   592  |  FN:     0, TN:   124  |  FN:     0, TN:   128
	Train -- Accu: 0.9942, Prec: 0.9884, Reca: 1.0000, Spec: 0.9883, F1Sc: 0.9942
	Valid -- Accu: 0.9844, Prec: 0.9697, Reca: 1.0000, Spec: 0.9688, F1Sc: 0.9846
	Test  -- Accu: 0.9961, Prec: 0.9923, Reca: 1.0000, Spec: 0.9922, F1Sc: 0.9961
	Average train Loss: 0.0238790
	Average valid Loss: 0.0698823
	Average test  Loss: 0.0224523
	training finished, time: 3.83 mins
【Epoch: 05】
	train set evaluation finished, time: 3.85 mins
	test set evaluation finished, time: 0.80 mins
	test set evaluation finished, time: 1.03 mins
	learning rate: group 0 : 0.0001
	       Train          |         Valid          |          Test       
	TP:   599, FP:     4  |  TP:   128, FP:     4  |  TP:   129, FP:     1
	FN:     0, TN:   595  |  FN:     0, TN:   124  |  FN:     0, TN:   128
	Train -- Accu: 0.9967, Prec: 0.9934, Reca: 1.0000, Spec: 0.9933, F1Sc: 0.9967
	Valid -- Accu: 0.9844, Prec: 0.9697, Reca: 1.0000, Spec: 0.9688, F1Sc: 0.9846
	Test  -- Accu: 0.9961, Prec: 0.9923, Reca: 1.0000, Spec: 0.9922, F1Sc: 0.9961
	Average train Loss: 0.0196567
	Average valid Loss: 0.0810534
	Average test  Loss: 0.0209307
	training finished, time: 3.86 mins
【Epoch: 06】
	train set evaluation finished, time: 4.01 mins
	test set evaluation finished, time: 0.86 mins
	test set evaluation finished, time: 1.01 mins
	learning rate: group 0 : 0.0001
	       Train          |         Valid          |          Test       
	TP:   599, FP:     3  |  TP:   128, FP:     4  |  TP:   129, FP:     1
	FN:     0, TN:   596  |  FN:     0, TN:   124  |  FN:     0, TN:   128
	Train -- Accu: 0.9975, Prec: 0.9950, Reca: 1.0000, Spec: 0.9950, F1Sc: 0.9975
	Valid -- Accu: 0.9844, Prec: 0.9697, Reca: 1.0000, Spec: 0.9688, F1Sc: 0.9846
	Test  -- Accu: 0.9961, Prec: 0.9923, Reca: 1.0000, Spec: 0.9922, F1Sc: 0.9961
	Average train Loss: 0.0189213
	Average valid Loss: 0.0688204
	Average test  Loss: 0.0244023
	training finished, time: 3.74 mins
【Epoch: 07】
	train set evaluation finished, time: 3.83 mins
	test set evaluation finished, time: 0.83 mins
	test set evaluation finished, time: 0.97 mins
	learning rate: group 0 : 0.0001
	       Train          |         Valid          |          Test       
	TP:   596, FP:     3  |  TP:   128, FP:     4  |  TP:   128, FP:     1
	FN:     3, TN:   596  |  FN:     0, TN:   124  |  FN:     1, TN:   128
	Train -- Accu: 0.9950, Prec: 0.9950, Reca: 0.9950, Spec: 0.9950, F1Sc: 0.9950
	Valid -- Accu: 0.9844, Prec: 0.9697, Reca: 1.0000, Spec: 0.9688, F1Sc: 0.9846
	Test  -- Accu: 0.9922, Prec: 0.9922, Reca: 0.9922, Spec: 0.9922, F1Sc: 0.9922
	Average train Loss: 0.0187656
	Average valid Loss: 0.0671611
	Average test  Loss: 0.0268550
	training finished, time: 3.92 mins
【Epoch: 08】
	train set evaluation finished, time: 4.04 mins
	test set evaluation finished, time: 0.89 mins
	test set evaluation finished, time: 1.09 mins
	learning rate: group 0 : 0.0001
	       Train          |         Valid          |          Test       
	TP:   598, FP:     3  |  TP:   128, FP:     4  |  TP:   128, FP:     1
	FN:     1, TN:   596  |  FN:     0, TN:   124  |  FN:     1, TN:   128
	Train -- Accu: 0.9967, Prec: 0.9950, Reca: 0.9983, Spec: 0.9950, F1Sc: 0.9967
	Valid -- Accu: 0.9844, Prec: 0.9697, Reca: 1.0000, Spec: 0.9688, F1Sc: 0.9846
	Test  -- Accu: 0.9922, Prec: 0.9922, Reca: 0.9922, Spec: 0.9922, F1Sc: 0.9922
	Average train Loss: 0.0147181
	Average valid Loss: 0.0719845
	Average test  Loss: 0.0262919
	training finished, time: 3.96 mins
【Epoch: 09】
	train set evaluation finished, time: 4.11 mins
	test set evaluation finished, time: 0.90 mins
	test set evaluation finished, time: 1.05 mins
	learning rate: group 0 : 5e-05
	       Train          |         Valid          |          Test       
	TP:   598, FP:     3  |  TP:   128, FP:     4  |  TP:   127, FP:     1
	FN:     1, TN:   596  |  FN:     0, TN:   124  |  FN:     2, TN:   128
	Train -- Accu: 0.9967, Prec: 0.9950, Reca: 0.9983, Spec: 0.9950, F1Sc: 0.9967
	Valid -- Accu: 0.9844, Prec: 0.9697, Reca: 1.0000, Spec: 0.9688, F1Sc: 0.9846
	Test  -- Accu: 0.9884, Prec: 0.9922, Reca: 0.9845, Spec: 0.9922, F1Sc: 0.9883
	Average train Loss: 0.0155327
	Average valid Loss: 0.0796254
	Average test  Loss: 0.0299900
	training finished, time: 4.07 mins
【Epoch: 10】
	train set evaluation finished, time: 3.92 mins
	test set evaluation finished, time: 0.84 mins
	test set evaluation finished, time: 1.08 mins
	learning rate: group 0 : 5e-05
	       Train          |         Valid          |          Test       
	TP:   599, FP:     3  |  TP:   128, FP:     4  |  TP:   128, FP:     1
	FN:     0, TN:   596  |  FN:     0, TN:   124  |  FN:     1, TN:   128
	Train -- Accu: 0.9975, Prec: 0.9950, Reca: 1.0000, Spec: 0.9950, F1Sc: 0.9975
	Valid -- Accu: 0.9844, Prec: 0.9697, Reca: 1.0000, Spec: 0.9688, F1Sc: 0.9846
	Test  -- Accu: 0.9922, Prec: 0.9922, Reca: 0.9922, Spec: 0.9922, F1Sc: 0.9922
	Average train Loss: 0.0123428
	Average valid Loss: 0.0943712
	Average test  Loss: 0.0284314
	training finished, time: 3.69 mins
【Epoch: 11】
	train set evaluation finished, time: 3.86 mins
	test set evaluation finished, time: 0.84 mins
	test set evaluation finished, time: 1.11 mins
	learning rate: group 0 : 2.5e-05
	       Train          |         Valid          |          Test       
	TP:   599, FP:     3  |  TP:   128, FP:     5  |  TP:   129, FP:     1
	FN:     0, TN:   596  |  FN:     0, TN:   123  |  FN:     0, TN:   128
	Train -- Accu: 0.9975, Prec: 0.9950, Reca: 1.0000, Spec: 0.9950, F1Sc: 0.9975
	Valid -- Accu: 0.9805, Prec: 0.9624, Reca: 1.0000, Spec: 0.9609, F1Sc: 0.9808
	Test  -- Accu: 0.9961, Prec: 0.9923, Reca: 1.0000, Spec: 0.9922, F1Sc: 0.9961
	Average train Loss: 0.0113017
	Average valid Loss: 0.0974576
	Average test  Loss: 0.0286314
	training finished, time: 4.00 mins
【Epoch: 12】
	train set evaluation finished, time: 4.39 mins
	test set evaluation finished, time: 0.93 mins
	test set evaluation finished, time: 1.11 mins
	learning rate: group 0 : 2.5e-05
	       Train          |         Valid          |          Test       
	TP:   599, FP:     3  |  TP:   128, FP:     6  |  TP:   129, FP:     1
	FN:     0, TN:   596  |  FN:     0, TN:   122  |  FN:     0, TN:   128
	Train -- Accu: 0.9975, Prec: 0.9950, Reca: 1.0000, Spec: 0.9950, F1Sc: 0.9975
	Valid -- Accu: 0.9766, Prec: 0.9552, Reca: 1.0000, Spec: 0.9531, F1Sc: 0.9771
	Test  -- Accu: 0.9961, Prec: 0.9923, Reca: 1.0000, Spec: 0.9922, F1Sc: 0.9961
	Average train Loss: 0.0098777
	Average valid Loss: 0.1067378
	Average test  Loss: 0.0263424
	training finished, time: 4.19 mins
【Epoch: 13】
	train set evaluation finished, time: 4.22 mins
	test set evaluation finished, time: 0.93 mins
	test set evaluation finished, time: 1.11 mins
	learning rate: group 0 : 1.25e-05
	       Train          |         Valid          |          Test       
	TP:   599, FP:     2  |  TP:   128, FP:     6  |  TP:   129, FP:     1
	FN:     0, TN:   597  |  FN:     0, TN:   122  |  FN:     0, TN:   128
	Train -- Accu: 0.9983, Prec: 0.9967, Reca: 1.0000, Spec: 0.9967, F1Sc: 0.9983
	Valid -- Accu: 0.9766, Prec: 0.9552, Reca: 1.0000, Spec: 0.9531, F1Sc: 0.9771
	Test  -- Accu: 0.9961, Prec: 0.9923, Reca: 1.0000, Spec: 0.9922, F1Sc: 0.9961
	Average train Loss: 0.0094827
	Average valid Loss: 0.1091980
	Average test  Loss: 0.0264338
	training finished, time: 3.96 mins
【Epoch: 14】
	train set evaluation finished, time: 4.00 mins
	test set evaluation finished, time: 0.80 mins
	test set evaluation finished, time: 1.03 mins
	learning rate: group 0 : 1.25e-05
	       Train          |         Valid          |          Test       
	TP:   599, FP:     2  |  TP:   128, FP:     6  |  TP:   129, FP:     1
	FN:     0, TN:   597  |  FN:     0, TN:   122  |  FN:     0, TN:   128
	Train -- Accu: 0.9983, Prec: 0.9967, Reca: 1.0000, Spec: 0.9967, F1Sc: 0.9983
	Valid -- Accu: 0.9766, Prec: 0.9552, Reca: 1.0000, Spec: 0.9531, F1Sc: 0.9771
	Test  -- Accu: 0.9961, Prec: 0.9923, Reca: 1.0000, Spec: 0.9922, F1Sc: 0.9961
	Average train Loss: 0.0087900
	Average valid Loss: 0.1069808
	Average test  Loss: 0.0255642
	training finished, time: 3.79 mins
【Epoch: 15】
	train set evaluation finished, time: 4.04 mins
	test set evaluation finished, time: 0.82 mins
	test set evaluation finished, time: 0.93 mins
	learning rate: group 0 : 6.25e-06
	       Train          |         Valid          |          Test       
	TP:   599, FP:     2  |  TP:   128, FP:     6  |  TP:   129, FP:     1
	FN:     0, TN:   597  |  FN:     0, TN:   122  |  FN:     0, TN:   128
	Train -- Accu: 0.9983, Prec: 0.9967, Reca: 1.0000, Spec: 0.9967, F1Sc: 0.9983
	Valid -- Accu: 0.9766, Prec: 0.9552, Reca: 1.0000, Spec: 0.9531, F1Sc: 0.9771
	Test  -- Accu: 0.9961, Prec: 0.9923, Reca: 1.0000, Spec: 0.9922, F1Sc: 0.9961
	Average train Loss: 0.0083069
	Average valid Loss: 0.1071581
	Average test  Loss: 0.0260731
	training finished, time: 3.78 mins
【Epoch: 16】
	train set evaluation finished, time: 4.16 mins
	test set evaluation finished, time: 0.92 mins
	test set evaluation finished, time: 1.10 mins
	learning rate: group 0 : 6.25e-06
	       Train          |         Valid          |          Test       
	TP:   599, FP:     2  |  TP:   128, FP:     6  |  TP:   129, FP:     1
	FN:     0, TN:   597  |  FN:     0, TN:   122  |  FN:     0, TN:   128
	Train -- Accu: 0.9983, Prec: 0.9967, Reca: 1.0000, Spec: 0.9967, F1Sc: 0.9983
	Valid -- Accu: 0.9766, Prec: 0.9552, Reca: 1.0000, Spec: 0.9531, F1Sc: 0.9771
	Test  -- Accu: 0.9961, Prec: 0.9923, Reca: 1.0000, Spec: 0.9922, F1Sc: 0.9961
	Average train Loss: 0.0077663
	Average valid Loss: 0.0985887
	Average test  Loss: 0.0261372
	training finished, time: 4.18 mins
【Epoch: 17】
	train set evaluation finished, time: 3.92 mins
	test set evaluation finished, time: 0.87 mins
	test set evaluation finished, time: 1.09 mins
	learning rate: group 0 : 3.125e-06
	       Train          |         Valid          |          Test       
	TP:   599, FP:     2  |  TP:   128, FP:     6  |  TP:   129, FP:     1
	FN:     0, TN:   597  |  FN:     0, TN:   122  |  FN:     0, TN:   128
	Train -- Accu: 0.9983, Prec: 0.9967, Reca: 1.0000, Spec: 0.9967, F1Sc: 0.9983
	Valid -- Accu: 0.9766, Prec: 0.9552, Reca: 1.0000, Spec: 0.9531, F1Sc: 0.9771
	Test  -- Accu: 0.9961, Prec: 0.9923, Reca: 1.0000, Spec: 0.9922, F1Sc: 0.9961
	Average train Loss: 0.0076131
	Average valid Loss: 0.0987468
	Average test  Loss: 0.0262612
	training finished, time: 3.74 mins
【Epoch: 18】
	train set evaluation finished, time: 4.17 mins
	test set evaluation finished, time: 0.85 mins
	test set evaluation finished, time: 1.04 mins
	learning rate: group 0 : 3.125e-06
	       Train          |         Valid          |          Test       
	TP:   599, FP:     2  |  TP:   128, FP:     6  |  TP:   129, FP:     1
	FN:     0, TN:   597  |  FN:     0, TN:   122  |  FN:     0, TN:   128
	Train -- Accu: 0.9983, Prec: 0.9967, Reca: 1.0000, Spec: 0.9967, F1Sc: 0.9983
	Valid -- Accu: 0.9766, Prec: 0.9552, Reca: 1.0000, Spec: 0.9531, F1Sc: 0.9771
	Test  -- Accu: 0.9961, Prec: 0.9923, Reca: 1.0000, Spec: 0.9922, F1Sc: 0.9961
	Average train Loss: 0.0074949
	Average valid Loss: 0.0965018
	Average test  Loss: 0.0265234
	training finished, time: 3.83 mins
【Epoch: 19】
	train set evaluation finished, time: 3.91 mins
	test set evaluation finished, time: 0.79 mins
	test set evaluation finished, time: 0.97 mins
	learning rate: group 0 : 1.5625e-06
	       Train          |         Valid          |          Test       
	TP:   599, FP:     2  |  TP:   128, FP:     6  |  TP:   129, FP:     1
	FN:     0, TN:   597  |  FN:     0, TN:   122  |  FN:     0, TN:   128
	Train -- Accu: 0.9983, Prec: 0.9967, Reca: 1.0000, Spec: 0.9967, F1Sc: 0.9983
	Valid -- Accu: 0.9766, Prec: 0.9552, Reca: 1.0000, Spec: 0.9531, F1Sc: 0.9771
	Test  -- Accu: 0.9961, Prec: 0.9923, Reca: 1.0000, Spec: 0.9922, F1Sc: 0.9961
	Average train Loss: 0.0074172
	Average valid Loss: 0.0961988
	Average test  Loss: 0.0267107
	training finished, time: 3.87 mins
【Epoch: 20】
	train set evaluation finished, time: 3.85 mins
	test set evaluation finished, time: 0.80 mins
	test set evaluation finished, time: 1.00 mins
	learning rate: group 0 : 1.5625e-06
	       Train          |         Valid          |          Test       
	TP:   599, FP:     2  |  TP:   128, FP:     6  |  TP:   129, FP:     1
	FN:     0, TN:   597  |  FN:     0, TN:   122  |  FN:     0, TN:   128
	Train -- Accu: 0.9983, Prec: 0.9967, Reca: 1.0000, Spec: 0.9967, F1Sc: 0.9983
	Valid -- Accu: 0.9766, Prec: 0.9552, Reca: 1.0000, Spec: 0.9531, F1Sc: 0.9771
	Test  -- Accu: 0.9961, Prec: 0.9923, Reca: 1.0000, Spec: 0.9922, F1Sc: 0.9961
	Average train Loss: 0.0073744
	Average valid Loss: 0.0961826
	Average test  Loss: 0.0267636
	training finished, time: 3.92 mins
【Epoch: 21】
	train set evaluation finished, time: 4.05 mins
	test set evaluation finished, time: 0.86 mins
	test set evaluation finished, time: 1.04 mins
	learning rate: group 0 : 7.8125e-07
	       Train          |         Valid          |          Test       
	TP:   599, FP:     2  |  TP:   128, FP:     6  |  TP:   129, FP:     1
	FN:     0, TN:   597  |  FN:     0, TN:   122  |  FN:     0, TN:   128
	Train -- Accu: 0.9983, Prec: 0.9967, Reca: 1.0000, Spec: 0.9967, F1Sc: 0.9983
	Valid -- Accu: 0.9766, Prec: 0.9552, Reca: 1.0000, Spec: 0.9531, F1Sc: 0.9771
	Test  -- Accu: 0.9961, Prec: 0.9923, Reca: 1.0000, Spec: 0.9922, F1Sc: 0.9961
	Average train Loss: 0.0073342
	Average valid Loss: 0.0962472
	Average test  Loss: 0.0268096
	training finished, time: 4.13 mins
【Epoch: 22】
	train set evaluation finished, time: 4.02 mins
	test set evaluation finished, time: 0.89 mins
	test set evaluation finished, time: 1.07 mins
	learning rate: group 0 : 7.8125e-07
	       Train          |         Valid          |          Test       
	TP:   599, FP:     2  |  TP:   128, FP:     6  |  TP:   129, FP:     1
	FN:     0, TN:   597  |  FN:     0, TN:   122  |  FN:     0, TN:   128
	Train -- Accu: 0.9983, Prec: 0.9967, Reca: 1.0000, Spec: 0.9967, F1Sc: 0.9983
	Valid -- Accu: 0.9766, Prec: 0.9552, Reca: 1.0000, Spec: 0.9531, F1Sc: 0.9771
	Test  -- Accu: 0.9961, Prec: 0.9923, Reca: 1.0000, Spec: 0.9922, F1Sc: 0.9961
	Average train Loss: 0.0073151
	Average valid Loss: 0.0963454
	Average test  Loss: 0.0268526
	training finished, time: 3.86 mins
【Epoch: 23】
	train set evaluation finished, time: 3.99 mins
	test set evaluation finished, time: 0.87 mins
	test set evaluation finished, time: 1.05 mins
	learning rate: group 0 : 3.90625e-07
	       Train          |         Valid          |          Test       
	TP:   599, FP:     2  |  TP:   128, FP:     6  |  TP:   129, FP:     1
	FN:     0, TN:   597  |  FN:     0, TN:   122  |  FN:     0, TN:   128
	Train -- Accu: 0.9983, Prec: 0.9967, Reca: 1.0000, Spec: 0.9967, F1Sc: 0.9983
	Valid -- Accu: 0.9766, Prec: 0.9552, Reca: 1.0000, Spec: 0.9531, F1Sc: 0.9771
	Test  -- Accu: 0.9961, Prec: 0.9923, Reca: 1.0000, Spec: 0.9922, F1Sc: 0.9961
	Average train Loss: 0.0072966
	Average valid Loss: 0.0965121
	Average test  Loss: 0.0268552
	training finished, time: 3.92 mins
【Epoch: 24】
	train set evaluation finished, time: 4.23 mins
	test set evaluation finished, time: 0.86 mins
	test set evaluation finished, time: 1.03 mins
	learning rate: group 0 : 3.90625e-07
	       Train          |         Valid          |          Test       
	TP:   599, FP:     2  |  TP:   128, FP:     6  |  TP:   129, FP:     1
	FN:     0, TN:   597  |  FN:     0, TN:   122  |  FN:     0, TN:   128
	Train -- Accu: 0.9983, Prec: 0.9967, Reca: 1.0000, Spec: 0.9967, F1Sc: 0.9983
	Valid -- Accu: 0.9766, Prec: 0.9552, Reca: 1.0000, Spec: 0.9531, F1Sc: 0.9771
	Test  -- Accu: 0.9961, Prec: 0.9923, Reca: 1.0000, Spec: 0.9922, F1Sc: 0.9961
	Average train Loss: 0.0072876
	Average valid Loss: 0.0965769
	Average test  Loss: 0.0268657
	training finished, time: 3.89 mins
【Epoch: 25】
