
current time             : 2024-08-12 14:36:37
code path                : F:\Project\SmtCon\Classification\240806-SCcfg_graph\240812-SCcfg_graph-V12_29\SCcfg_graph_V12_29_main.py

Binary Classification model training.
*************Basic settings*************
config                   : {
    "logtest": false,
    "seed": 1000,
    "previous_dataset": false,
    "previous_dataset_path": "",
    "vul_ann": "Tim",
    "vul": "time_manipulation",
    "dataset_name": "SmartBugs",
    "dataset_split": [
        0.7,
        0.15,
        0.15
    ],
    "previous_model": false,
    "previous_model_path": "",
    "max_saved_model": 10,
    "num_labels": 2,
    "d_node_feat": 640,
    "d_node_reshape": 128,
    "d_output": 128,
    "batch_size": 8,
    "num_epochs": 50,
    "wight_pen": 0.05,
    "lr": 0.0001,
    "optimizer": {
        "weight_decay": 0.0001
    },
    "scheduler": {
        "factor": 0.5,
        "patience": 1,
        "verbose": true,
        "min_lr_rate": 1e-08
    },
    "criterion": {
        "alpha": [
            1,
            1
        ],
        "gamma": 0,
        "reduction": "sum"
    }
}
dataset dir              : F:\Project\SmtCon_dataset\SmartContract\SmartBugs_mini_Tim\Phase4\Multimodal_Fusion__time_manipulation_SCcfg_Stat_graph_StatmNode

*********Model hyper-parameters*********
training device          : [device(type='cuda', index=0)]
optimizer                : Adam (
Parameter Group 0
    amsgrad: False
    betas: (0.9, 0.999)
    capturable: False
    eps: 1e-08
    foreach: None
    lr: 0.0001
    maximize: False
    weight_decay: 0.0001

Parameter Group 1
    amsgrad: False
    betas: (0.9, 0.999)
    capturable: False
    eps: 1e-08
    foreach: None
    lr: 0.001
    maximize: False
    weight_decay: 0.0001
)
loss function            : CrossEntropyLoss

************Model structure*************
Model(
  (linear_1): Linear(in_features=640, out_features=128, bias=True)
  (ihgnn): IHGNN(
    (customtanh): CustomTanh()
    (linear): Linear(in_features=128, out_features=128, bias=True)
  )
  (linear_2): Linear(in_features=128, out_features=2, bias=True)
)
Trainable params         : 98,819
Non-trainable params     : 0
Total params             : 98,819

****************Training****************
【Epoch: 00】
	train set evaluation finished, time: 0.74 mins
	test set evaluation finished, time: 0.17 mins
	test set evaluation finished, time: 0.14 mins
	learning rate: group 0 : 0.0001
	learning rate: group 1 : 0.001
	alpha: 0.9734
	alpha_list: [0.9734029769897461]
	       Train          |         Valid          |          Test       
	TP:   537, FP:   576  |  TP:   116, FP:   120  |  TP:   108, FP:   124
	FN:    62, TN:    23  |  FN:    12, TN:     8  |  FN:    21, TN:     5
	Train -- Accu: 0.4674, Prec: 0.4825, Reca: 0.8965, Spec: 0.0384, F1Sc: 0.6273
	Valid -- Accu: 0.4844, Prec: 0.4915, Reca: 0.9062, Spec: 0.0625, F1Sc: 0.6374
	Test  -- Accu: 0.4380, Prec: 0.4655, Reca: 0.8372, Spec: 0.0388, F1Sc: 0.5983
	Average train Loss: 1.2873640, d_loss: 11.8964343
	Average valid Loss: 1.2565176, d_loss: 11.2986231
	Average test  Loss: 1.3337741, d_loss: 12.8487749
	training finished, time: 0.91 mins
【Epoch: 01】
	train set evaluation finished, time: 1.01 mins
	test set evaluation finished, time: 0.22 mins
	test set evaluation finished, time: 0.14 mins
	learning rate: group 0 : 0.0001
	learning rate: group 1 : 0.001
	alpha: 0.9149
	alpha_list: [0.9734029769897461, 0.9148987531661987]
	       Train          |         Valid          |          Test       
	TP:   485, FP:   116  |  TP:    98, FP:    21  |  TP:    96, FP:    37
	FN:   114, TN:   483  |  FN:    30, TN:   107  |  FN:    33, TN:    92
	Train -- Accu: 0.8080, Prec: 0.8070, Reca: 0.8097, Spec: 0.8063, F1Sc: 0.8083
	Valid -- Accu: 0.8008, Prec: 0.8235, Reca: 0.7656, Spec: 0.8359, F1Sc: 0.7935
	Test  -- Accu: 0.7287, Prec: 0.7218, Reca: 0.7442, Spec: 0.7132, F1Sc: 0.7328
	Average train Loss: 0.6481646, d_loss: 0.4425054
	Average valid Loss: 0.6545750, d_loss: 0.4429182
	Average test  Loss: 0.6570054, d_loss: 0.4977914
	training finished, time: 1.06 mins
【Epoch: 02】
	train set evaluation finished, time: 1.05 mins
	test set evaluation finished, time: 0.27 mins
	test set evaluation finished, time: 0.20 mins
	learning rate: group 0 : 0.0001
	learning rate: group 1 : 0.001
	alpha: 0.6717
	alpha_list: [0.9734029769897461, 0.9148987531661987, 0.6716926693916321]
	       Train          |         Valid          |          Test       
	TP:   398, FP:    51  |  TP:    69, FP:    14  |  TP:    79, FP:    21
	FN:   201, TN:   548  |  FN:    59, TN:   114  |  FN:    50, TN:   108
	Train -- Accu: 0.7896, Prec: 0.8864, Reca: 0.6644, Spec: 0.9149, F1Sc: 0.7595
	Valid -- Accu: 0.7148, Prec: 0.8313, Reca: 0.5391, Spec: 0.8906, F1Sc: 0.6540
	Test  -- Accu: 0.7248, Prec: 0.7900, Reca: 0.6124, Spec: 0.8372, F1Sc: 0.6900
	Average train Loss: 0.4895766, d_loss: 0.3873854
	Average valid Loss: 0.5217102, d_loss: 0.3778398
	Average test  Loss: 0.5252067, d_loss: 0.4125442
	training finished, time: 1.04 mins
【Epoch: 03】
	train set evaluation finished, time: 0.93 mins
	test set evaluation finished, time: 0.24 mins
	test set evaluation finished, time: 0.18 mins
	learning rate: group 0 : 0.0001
	learning rate: group 1 : 0.001
	alpha: 0.4962
	alpha_list: [0.9734029769897461, 0.9148987531661987, 0.6716926693916321, 0.496234267950058]
	       Train          |         Valid          |          Test       
	TP:   478, FP:    51  |  TP:    92, FP:    15  |  TP:   100, FP:    23
	FN:   121, TN:   548  |  FN:    36, TN:   113  |  FN:    29, TN:   106
	Train -- Accu: 0.8564, Prec: 0.9036, Reca: 0.7980, Spec: 0.9149, F1Sc: 0.8475
	Valid -- Accu: 0.8008, Prec: 0.8598, Reca: 0.7188, Spec: 0.8828, F1Sc: 0.7830
	Test  -- Accu: 0.7984, Prec: 0.8130, Reca: 0.7752, Spec: 0.8217, F1Sc: 0.7937
	Average train Loss: 0.3825834, d_loss: 0.3865522
	Average valid Loss: 0.4334758, d_loss: 0.3758925
	Average test  Loss: 0.4372746, d_loss: 0.4039272
	training finished, time: 0.96 mins
【Epoch: 04】
	train set evaluation finished, time: 0.92 mins
	test set evaluation finished, time: 0.24 mins
	test set evaluation finished, time: 0.18 mins
	learning rate: group 0 : 0.0001
	learning rate: group 1 : 0.001
	alpha: 0.4062
	alpha_list: [0.9734029769897461, 0.9148987531661987, 0.6716926693916321, 0.496234267950058, 0.4062046408653259]
	       Train          |         Valid          |          Test       
	TP:   528, FP:    44  |  TP:   105, FP:    13  |  TP:   110, FP:    22
	FN:    71, TN:   555  |  FN:    23, TN:   115  |  FN:    19, TN:   107
	Train -- Accu: 0.9040, Prec: 0.9231, Reca: 0.8815, Spec: 0.9265, F1Sc: 0.9018
	Valid -- Accu: 0.8594, Prec: 0.8898, Reca: 0.8203, Spec: 0.8984, F1Sc: 0.8537
	Test  -- Accu: 0.8411, Prec: 0.8333, Reca: 0.8527, Spec: 0.8295, F1Sc: 0.8429
	Average train Loss: 0.3154577, d_loss: 0.4252619
	Average valid Loss: 0.3789832, d_loss: 0.4166266
	Average test  Loss: 0.3921676, d_loss: 0.4446412
	training finished, time: 0.95 mins
【Epoch: 05】
	train set evaluation finished, time: 0.93 mins
	test set evaluation finished, time: 0.24 mins
	test set evaluation finished, time: 0.18 mins
	learning rate: group 0 : 0.0001
	learning rate: group 1 : 0.001
	alpha: 0.3658
	alpha_list: [0.9734029769897461, 0.9148987531661987, 0.6716926693916321, 0.496234267950058, 0.4062046408653259, 0.3657625913619995]
	       Train          |         Valid          |          Test       
	TP:   546, FP:    41  |  TP:   109, FP:    15  |  TP:   112, FP:    20
	FN:    53, TN:   558  |  FN:    19, TN:   113  |  FN:    17, TN:   109
	Train -- Accu: 0.9215, Prec: 0.9302, Reca: 0.9115, Spec: 0.9316, F1Sc: 0.9207
	Valid -- Accu: 0.8672, Prec: 0.8790, Reca: 0.8516, Spec: 0.8828, F1Sc: 0.8651
	Test  -- Accu: 0.8566, Prec: 0.8485, Reca: 0.8682, Spec: 0.8450, F1Sc: 0.8582
	Average train Loss: 0.2700817, d_loss: 0.4807811
	Average valid Loss: 0.3440311, d_loss: 0.4730964
	Average test  Loss: 0.3646403, d_loss: 0.5040591
	training finished, time: 0.95 mins
【Epoch: 06】
	train set evaluation finished, time: 0.93 mins
	test set evaluation finished, time: 0.24 mins
	test set evaluation finished, time: 0.18 mins
	learning rate: group 0 : 0.0001
	learning rate: group 1 : 0.001
	alpha: 0.3423
	alpha_list: [0.9734029769897461, 0.9148987531661987, 0.6716926693916321, 0.496234267950058, 0.4062046408653259, 0.3657625913619995, 0.3422577977180481]
	       Train          |         Valid          |          Test       
	TP:   559, FP:    37  |  TP:   113, FP:    15  |  TP:   113, FP:    19
	FN:    40, TN:   562  |  FN:    15, TN:   113  |  FN:    16, TN:   110
	Train -- Accu: 0.9357, Prec: 0.9379, Reca: 0.9332, Spec: 0.9382, F1Sc: 0.9356
	Valid -- Accu: 0.8828, Prec: 0.8828, Reca: 0.8828, Spec: 0.8828, F1Sc: 0.8828
	Test  -- Accu: 0.8643, Prec: 0.8561, Reca: 0.8760, Spec: 0.8527, F1Sc: 0.8659
	Average train Loss: 0.2383376, d_loss: 0.5523297
	Average valid Loss: 0.3249425, d_loss: 0.5474344
	Average test  Loss: 0.3502948, d_loss: 0.5807238
	training finished, time: 0.95 mins
【Epoch: 07】
	train set evaluation finished, time: 0.92 mins
	test set evaluation finished, time: 0.24 mins
	test set evaluation finished, time: 0.18 mins
	learning rate: group 0 : 0.0001
	learning rate: group 1 : 0.001
	alpha: 0.3239
	alpha_list: [0.9734029769897461, 0.9148987531661987, 0.6716926693916321, 0.496234267950058, 0.4062046408653259, 0.3657625913619995, 0.3422577977180481, 0.32389140129089355]
	       Train          |         Valid          |          Test       
	TP:   568, FP:    31  |  TP:   114, FP:    18  |  TP:   116, FP:    19
	FN:    31, TN:   568  |  FN:    14, TN:   110  |  FN:    13, TN:   110
	Train -- Accu: 0.9482, Prec: 0.9482, Reca: 0.9482, Spec: 0.9482, F1Sc: 0.9482
	Valid -- Accu: 0.8750, Prec: 0.8636, Reca: 0.8906, Spec: 0.8594, F1Sc: 0.8769
	Test  -- Accu: 0.8760, Prec: 0.8593, Reca: 0.8992, Spec: 0.8527, F1Sc: 0.8788
	Average train Loss: 0.2123209, d_loss: 0.5974104
	Average valid Loss: 0.3106597, d_loss: 0.5937531
	Average test  Loss: 0.3423385, d_loss: 0.6328162
	training finished, time: 0.96 mins
【Epoch: 08】
	train set evaluation finished, time: 1.17 mins
	test set evaluation finished, time: 0.31 mins
	test set evaluation finished, time: 0.23 mins
	learning rate: group 0 : 0.0001
	learning rate: group 1 : 0.001
	alpha: 0.3084
	alpha_list: [0.9734029769897461, 0.9148987531661987, 0.6716926693916321, 0.496234267950058, 0.4062046408653259, 0.3657625913619995, 0.3422577977180481, 0.32389140129089355, 0.30843329429626465]
	       Train          |         Valid          |          Test       
	TP:   577, FP:    30  |  TP:   117, FP:    18  |  TP:   116, FP:    20
	FN:    22, TN:   569  |  FN:    11, TN:   110  |  FN:    13, TN:   109
	Train -- Accu: 0.9566, Prec: 0.9506, Reca: 0.9633, Spec: 0.9499, F1Sc: 0.9569
	Valid -- Accu: 0.8867, Prec: 0.8667, Reca: 0.9141, Spec: 0.8594, F1Sc: 0.8897
	Test  -- Accu: 0.8721, Prec: 0.8529, Reca: 0.8992, Spec: 0.8450, F1Sc: 0.8755
	Average train Loss: 0.1890861, d_loss: 0.6031616
	Average valid Loss: 0.2997593, d_loss: 0.5986243
	Average test  Loss: 0.3339935, d_loss: 0.6392724
	training finished, time: 1.26 mins
【Epoch: 09】
	train set evaluation finished, time: 1.22 mins
	test set evaluation finished, time: 0.32 mins
	test set evaluation finished, time: 0.24 mins
	learning rate: group 0 : 0.0001
	learning rate: group 1 : 0.001
	alpha: 0.2914
	alpha_list: [0.9734029769897461, 0.9148987531661987, 0.6716926693916321, 0.496234267950058, 0.4062046408653259, 0.3657625913619995, 0.3422577977180481, 0.32389140129089355, 0.30843329429626465, 0.2913717031478882]
	       Train          |         Valid          |          Test       
	TP:   584, FP:    23  |  TP:   117, FP:    16  |  TP:   116, FP:    20
	FN:    15, TN:   576  |  FN:    11, TN:   112  |  FN:    13, TN:   109
	Train -- Accu: 0.9683, Prec: 0.9621, Reca: 0.9750, Spec: 0.9616, F1Sc: 0.9685
	Valid -- Accu: 0.8945, Prec: 0.8797, Reca: 0.9141, Spec: 0.8750, F1Sc: 0.8966
	Test  -- Accu: 0.8721, Prec: 0.8529, Reca: 0.8992, Spec: 0.8450, F1Sc: 0.8755
	Average train Loss: 0.1721410, d_loss: 0.6531722
	Average valid Loss: 0.2929908, d_loss: 0.6517419
	Average test  Loss: 0.3312309, d_loss: 0.6938765
	training finished, time: 1.27 mins
【Epoch: 10】
	train set evaluation finished, time: 1.22 mins
	test set evaluation finished, time: 0.32 mins
	test set evaluation finished, time: 0.24 mins
	learning rate: group 0 : 0.0001
	learning rate: group 1 : 0.001
	alpha: 0.2721
	alpha_list: [0.9734029769897461, 0.9148987531661987, 0.6716926693916321, 0.496234267950058, 0.4062046408653259, 0.3657625913619995, 0.3422577977180481, 0.32389140129089355, 0.30843329429626465, 0.2913717031478882, 0.2720675468444824]
	       Train          |         Valid          |          Test       
	TP:   587, FP:    18  |  TP:   119, FP:    16  |  TP:   117, FP:    20
	FN:    12, TN:   581  |  FN:     9, TN:   112  |  FN:    12, TN:   109
	Train -- Accu: 0.9750, Prec: 0.9702, Reca: 0.9800, Spec: 0.9699, F1Sc: 0.9751
	Valid -- Accu: 0.9023, Prec: 0.8815, Reca: 0.9297, Spec: 0.8750, F1Sc: 0.9049
	Test  -- Accu: 0.8760, Prec: 0.8540, Reca: 0.9070, Spec: 0.8450, F1Sc: 0.8797
	Average train Loss: 0.1540802, d_loss: 0.6580237
	Average valid Loss: 0.2866358, d_loss: 0.6593079
	Average test  Loss: 0.3282751, d_loss: 0.7000871
	training finished, time: 1.14 mins
【Epoch: 11】
	train set evaluation finished, time: 0.92 mins
	test set evaluation finished, time: 0.24 mins
	test set evaluation finished, time: 0.18 mins
	learning rate: group 0 : 0.0001
	learning rate: group 1 : 0.001
	alpha: 0.2583
	alpha_list: [0.9734029769897461, 0.9148987531661987, 0.6716926693916321, 0.496234267950058, 0.4062046408653259, 0.3657625913619995, 0.3422577977180481, 0.32389140129089355, 0.30843329429626465, 0.2913717031478882, 0.2720675468444824, 0.258328914642334]
	       Train          |         Valid          |          Test       
	TP:   589, FP:    13  |  TP:   119, FP:    16  |  TP:   116, FP:    20
	FN:    10, TN:   586  |  FN:     9, TN:   112  |  FN:    13, TN:   109
	Train -- Accu: 0.9808, Prec: 0.9784, Reca: 0.9833, Spec: 0.9783, F1Sc: 0.9808
	Valid -- Accu: 0.9023, Prec: 0.8815, Reca: 0.9297, Spec: 0.8750, F1Sc: 0.9049
	Test  -- Accu: 0.8721, Prec: 0.8529, Reca: 0.8992, Spec: 0.8450, F1Sc: 0.8755
	Average train Loss: 0.1363834, d_loss: 0.6284962
	Average valid Loss: 0.2805685, d_loss: 0.6325037
	Average test  Loss: 0.3243049, d_loss: 0.6710846
	training finished, time: 0.96 mins
【Epoch: 12】
	train set evaluation finished, time: 0.94 mins
	test set evaluation finished, time: 0.24 mins
	test set evaluation finished, time: 0.18 mins
	learning rate: group 0 : 0.0001
	learning rate: group 1 : 0.001
	alpha: 0.2411
	alpha_list: [0.9734029769897461, 0.9148987531661987, 0.6716926693916321, 0.496234267950058, 0.4062046408653259, 0.3657625913619995, 0.3422577977180481, 0.32389140129089355, 0.30843329429626465, 0.2913717031478882, 0.2720675468444824, 0.258328914642334, 0.24106499552726746]
	       Train          |         Valid          |          Test       
	TP:   594, FP:    10  |  TP:   119, FP:    16  |  TP:   116, FP:    21
	FN:     5, TN:   589  |  FN:     9, TN:   112  |  FN:    13, TN:   108
	Train -- Accu: 0.9875, Prec: 0.9834, Reca: 0.9917, Spec: 0.9833, F1Sc: 0.9875
	Valid -- Accu: 0.9023, Prec: 0.8815, Reca: 0.9297, Spec: 0.8750, F1Sc: 0.9049
	Test  -- Accu: 0.8682, Prec: 0.8467, Reca: 0.8992, Spec: 0.8372, F1Sc: 0.8722
	Average train Loss: 0.1238985, d_loss: 0.6685759
	Average valid Loss: 0.2784737, d_loss: 0.6710081
	Average test  Loss: 0.3270900, d_loss: 0.7100862
	training finished, time: 0.95 mins
【Epoch: 13】
	train set evaluation finished, time: 0.93 mins
	test set evaluation finished, time: 0.24 mins
	test set evaluation finished, time: 0.18 mins
	learning rate: group 0 : 0.0001
	learning rate: group 1 : 0.001
	alpha: 0.2234
	alpha_list: [0.9734029769897461, 0.9148987531661987, 0.6716926693916321, 0.496234267950058, 0.4062046408653259, 0.3657625913619995, 0.3422577977180481, 0.32389140129089355, 0.30843329429626465, 0.2913717031478882, 0.2720675468444824, 0.258328914642334, 0.24106499552726746, 0.2233814299106598]
	       Train          |         Valid          |          Test       
	TP:   597, FP:    10  |  TP:   120, FP:    17  |  TP:   116, FP:    21
	FN:     2, TN:   589  |  FN:     8, TN:   111  |  FN:    13, TN:   108
	Train -- Accu: 0.9900, Prec: 0.9835, Reca: 0.9967, Spec: 0.9833, F1Sc: 0.9900
	Valid -- Accu: 0.9023, Prec: 0.8759, Reca: 0.9375, Spec: 0.8672, F1Sc: 0.9057
	Test  -- Accu: 0.8682, Prec: 0.8467, Reca: 0.8992, Spec: 0.8372, F1Sc: 0.8722
	Average train Loss: 0.1091033, d_loss: 0.6182729
	Average valid Loss: 0.2747626, d_loss: 0.6221081
	Average test  Loss: 0.3248854, d_loss: 0.6590878
	training finished, time: 0.96 mins
【Epoch: 14】
	train set evaluation finished, time: 0.96 mins
	test set evaluation finished, time: 0.25 mins
	test set evaluation finished, time: 0.19 mins
	learning rate: group 0 : 0.0001
	learning rate: group 1 : 0.001
	alpha: 0.2107
	alpha_list: [0.9734029769897461, 0.9148987531661987, 0.6716926693916321, 0.496234267950058, 0.4062046408653259, 0.3657625913619995, 0.3422577977180481, 0.32389140129089355, 0.30843329429626465, 0.2913717031478882, 0.2720675468444824, 0.258328914642334, 0.24106499552726746, 0.2233814299106598, 0.2106955647468567]
	       Train          |         Valid          |          Test       
	TP:   598, FP:     6  |  TP:   120, FP:    18  |  TP:   117, FP:    20
	FN:     1, TN:   593  |  FN:     8, TN:   110  |  FN:    12, TN:   109
	Train -- Accu: 0.9942, Prec: 0.9901, Reca: 0.9983, Spec: 0.9900, F1Sc: 0.9942
	Valid -- Accu: 0.8984, Prec: 0.8696, Reca: 0.9375, Spec: 0.8594, F1Sc: 0.9023
	Test  -- Accu: 0.8760, Prec: 0.8540, Reca: 0.9070, Spec: 0.8450, F1Sc: 0.8797
	Average train Loss: 0.0987224, d_loss: 0.6140692
	Average valid Loss: 0.2744991, d_loss: 0.6170556
	Average test  Loss: 0.3284355, d_loss: 0.6550598
	training finished, time: 0.97 mins
【Epoch: 15】
	train set evaluation finished, time: 0.94 mins
	test set evaluation finished, time: 0.24 mins
	test set evaluation finished, time: 0.18 mins
	learning rate: group 0 : 0.0001
	learning rate: group 1 : 0.001
	alpha: 0.1947
	alpha_list: [0.9734029769897461, 0.9148987531661987, 0.6716926693916321, 0.496234267950058, 0.4062046408653259, 0.3657625913619995, 0.3422577977180481, 0.32389140129089355, 0.30843329429626465, 0.2913717031478882, 0.2720675468444824, 0.258328914642334, 0.24106499552726746, 0.2233814299106598, 0.2106955647468567, 0.19469046592712402]
	       Train          |         Valid          |          Test       
	TP:   598, FP:     6  |  TP:   122, FP:    18  |  TP:   121, FP:    22
	FN:     1, TN:   593  |  FN:     6, TN:   110  |  FN:     8, TN:   107
	Train -- Accu: 0.9942, Prec: 0.9901, Reca: 0.9983, Spec: 0.9900, F1Sc: 0.9942
	Valid -- Accu: 0.9062, Prec: 0.8714, Reca: 0.9531, Spec: 0.8594, F1Sc: 0.9104
	Test  -- Accu: 0.8837, Prec: 0.8462, Reca: 0.9380, Spec: 0.8295, F1Sc: 0.8897
	Average train Loss: 0.0895558, d_loss: 0.6158857
	Average valid Loss: 0.2743014, d_loss: 0.6212904
	Average test  Loss: 0.3316355, d_loss: 0.6558085
	training finished, time: 0.96 mins
【Epoch: 16】
	train set evaluation finished, time: 0.93 mins
	test set evaluation finished, time: 0.25 mins
	test set evaluation finished, time: 0.19 mins
	learning rate: group 0 : 0.0001
	learning rate: group 1 : 0.001
	alpha: 0.1799
	alpha_list: [0.9734029769897461, 0.9148987531661987, 0.6716926693916321, 0.496234267950058, 0.4062046408653259, 0.3657625913619995, 0.3422577977180481, 0.32389140129089355, 0.30843329429626465, 0.2913717031478882, 0.2720675468444824, 0.258328914642334, 0.24106499552726746, 0.2233814299106598, 0.2106955647468567, 0.19469046592712402, 0.17985525727272034]
	       Train          |         Valid          |          Test       
	TP:   598, FP:     4  |  TP:   121, FP:    18  |  TP:   120, FP:    22
	FN:     1, TN:   595  |  FN:     7, TN:   110  |  FN:     9, TN:   107
	Train -- Accu: 0.9958, Prec: 0.9934, Reca: 0.9983, Spec: 0.9933, F1Sc: 0.9958
	Valid -- Accu: 0.9023, Prec: 0.8705, Reca: 0.9453, Spec: 0.8594, F1Sc: 0.9064
	Test  -- Accu: 0.8798, Prec: 0.8451, Reca: 0.9302, Spec: 0.8295, F1Sc: 0.8856
	Average train Loss: 0.0802830, d_loss: 0.5987489
	Average valid Loss: 0.2754283, d_loss: 0.6004887
	Average test  Loss: 0.3346484, d_loss: 0.6343362
	training finished, time: 0.96 mins
【Epoch: 17】
	train set evaluation finished, time: 0.92 mins
	test set evaluation finished, time: 0.24 mins
	test set evaluation finished, time: 0.18 mins
	learning rate: group 0 : 5e-05
	learning rate: group 1 : 0.0005
	alpha: 0.1666
	alpha_list: [0.9734029769897461, 0.9148987531661987, 0.6716926693916321, 0.496234267950058, 0.4062046408653259, 0.3657625913619995, 0.3422577977180481, 0.32389140129089355, 0.30843329429626465, 0.2913717031478882, 0.2720675468444824, 0.258328914642334, 0.24106499552726746, 0.2233814299106598, 0.2106955647468567, 0.19469046592712402, 0.17985525727272034, 0.1666187345981598]
	       Train          |         Valid          |          Test       
	TP:   598, FP:     2  |  TP:   120, FP:    18  |  TP:   118, FP:    22
	FN:     1, TN:   597  |  FN:     8, TN:   110  |  FN:    11, TN:   107
	Train -- Accu: 0.9975, Prec: 0.9967, Reca: 0.9983, Spec: 0.9967, F1Sc: 0.9975
	Valid -- Accu: 0.8984, Prec: 0.8696, Reca: 0.9375, Spec: 0.8594, F1Sc: 0.9023
	Test  -- Accu: 0.8721, Prec: 0.8429, Reca: 0.9147, Spec: 0.8295, F1Sc: 0.8773
	Average train Loss: 0.0723765, d_loss: 0.5836998
	Average valid Loss: 0.2772268, d_loss: 0.5851508
	Average test  Loss: 0.3367190, d_loss: 0.6178539
	training finished, time: 0.96 mins
【Epoch: 18】
	train set evaluation finished, time: 0.93 mins
	test set evaluation finished, time: 0.24 mins
	test set evaluation finished, time: 0.19 mins
	learning rate: group 0 : 5e-05
	learning rate: group 1 : 0.0005
	alpha: 0.1505
	alpha_list: [0.9734029769897461, 0.9148987531661987, 0.6716926693916321, 0.496234267950058, 0.4062046408653259, 0.3657625913619995, 0.3422577977180481, 0.32389140129089355, 0.30843329429626465, 0.2913717031478882, 0.2720675468444824, 0.258328914642334, 0.24106499552726746, 0.2233814299106598, 0.2106955647468567, 0.19469046592712402, 0.17985525727272034, 0.1666187345981598, 0.1505332887172699]
	       Train          |         Valid          |          Test       
	TP:   598, FP:     1  |  TP:   120, FP:    14  |  TP:   115, FP:    21
	FN:     1, TN:   598  |  FN:     8, TN:   114  |  FN:    14, TN:   108
	Train -- Accu: 0.9983, Prec: 0.9983, Reca: 0.9983, Spec: 0.9983, F1Sc: 0.9983
	Valid -- Accu: 0.9141, Prec: 0.8955, Reca: 0.9375, Spec: 0.8906, F1Sc: 0.9160
	Test  -- Accu: 0.8643, Prec: 0.8456, Reca: 0.8915, Spec: 0.8372, F1Sc: 0.8679
	Average train Loss: 0.0652666, d_loss: 0.5571722
	Average valid Loss: 0.2691422, d_loss: 0.5538376
	Average test  Loss: 0.3326822, d_loss: 0.5858579
	training finished, time: 1.18 mins
【Epoch: 19】
	train set evaluation finished, time: 1.22 mins
	test set evaluation finished, time: 0.32 mins
	test set evaluation finished, time: 0.24 mins
	learning rate: group 0 : 5e-05
	learning rate: group 1 : 0.0005
	alpha: 0.1398
	alpha_list: [0.9734029769897461, 0.9148987531661987, 0.6716926693916321, 0.496234267950058, 0.4062046408653259, 0.3657625913619995, 0.3422577977180481, 0.32389140129089355, 0.30843329429626465, 0.2913717031478882, 0.2720675468444824, 0.258328914642334, 0.24106499552726746, 0.2233814299106598, 0.2106955647468567, 0.19469046592712402, 0.17985525727272034, 0.1666187345981598, 0.1505332887172699, 0.13976770639419556]
	       Train          |         Valid          |          Test       
	TP:   598, FP:     0  |  TP:   119, FP:    13  |  TP:   115, FP:    20
	FN:     1, TN:   599  |  FN:     9, TN:   115  |  FN:    14, TN:   109
	Train -- Accu: 0.9992, Prec: 1.0000, Reca: 0.9983, Spec: 1.0000, F1Sc: 0.9992
	Valid -- Accu: 0.9141, Prec: 0.9015, Reca: 0.9297, Spec: 0.8984, F1Sc: 0.9154
	Test  -- Accu: 0.8682, Prec: 0.8519, Reca: 0.8915, Spec: 0.8450, F1Sc: 0.8712
	Average train Loss: 0.0613463, d_loss: 0.5475643
	Average valid Loss: 0.2705268, d_loss: 0.5451892
	Average test  Loss: 0.3348973, d_loss: 0.5738386
	training finished, time: 1.27 mins
【Epoch: 20】
	train set evaluation finished, time: 1.22 mins
	test set evaluation finished, time: 0.32 mins
	test set evaluation finished, time: 0.24 mins
	learning rate: group 0 : 2.5e-05
	learning rate: group 1 : 0.00025
	alpha: 0.1301
	alpha_list: [0.9734029769897461, 0.9148987531661987, 0.6716926693916321, 0.496234267950058, 0.4062046408653259, 0.3657625913619995, 0.3422577977180481, 0.32389140129089355, 0.30843329429626465, 0.2913717031478882, 0.2720675468444824, 0.258328914642334, 0.24106499552726746, 0.2233814299106598, 0.2106955647468567, 0.19469046592712402, 0.17985525727272034, 0.1666187345981598, 0.1505332887172699, 0.13976770639419556, 0.1301003396511078]
	       Train          |         Valid          |          Test       
	TP:   599, FP:     0  |  TP:   119, FP:    13  |  TP:   115, FP:    20
	FN:     0, TN:   599  |  FN:     9, TN:   115  |  FN:    14, TN:   109
	Train -- Accu: 1.0000, Prec: 1.0000, Reca: 1.0000, Spec: 1.0000, F1Sc: 1.0000
	Valid -- Accu: 0.9141, Prec: 0.9015, Reca: 0.9297, Spec: 0.8984, F1Sc: 0.9154
	Test  -- Accu: 0.8682, Prec: 0.8519, Reca: 0.8915, Spec: 0.8450, F1Sc: 0.8712
	Average train Loss: 0.0577210, d_loss: 0.5370560
	Average valid Loss: 0.2710694, d_loss: 0.5351916
	Average test  Loss: 0.3352863, d_loss: 0.5622747
	training finished, time: 1.27 mins
【Epoch: 21】
	train set evaluation finished, time: 1.22 mins
	test set evaluation finished, time: 0.32 mins
	test set evaluation finished, time: 0.23 mins
	learning rate: group 0 : 2.5e-05
	learning rate: group 1 : 0.00025
	alpha: 0.1225
	alpha_list: [0.9734029769897461, 0.9148987531661987, 0.6716926693916321, 0.496234267950058, 0.4062046408653259, 0.3657625913619995, 0.3422577977180481, 0.32389140129089355, 0.30843329429626465, 0.2913717031478882, 0.2720675468444824, 0.258328914642334, 0.24106499552726746, 0.2233814299106598, 0.2106955647468567, 0.19469046592712402, 0.17985525727272034, 0.1666187345981598, 0.1505332887172699, 0.13976770639419556, 0.1301003396511078, 0.12250357866287231]
	       Train          |         Valid          |          Test       
	TP:   599, FP:     0  |  TP:   119, FP:    13  |  TP:   115, FP:    19
	FN:     0, TN:   599  |  FN:     9, TN:   115  |  FN:    14, TN:   110
	Train -- Accu: 1.0000, Prec: 1.0000, Reca: 1.0000, Spec: 1.0000, F1Sc: 1.0000
	Valid -- Accu: 0.9141, Prec: 0.9015, Reca: 0.9297, Spec: 0.8984, F1Sc: 0.9154
	Test  -- Accu: 0.8721, Prec: 0.8582, Reca: 0.8915, Spec: 0.8527, F1Sc: 0.8745
	Average train Loss: 0.0548716, d_loss: 0.5230535
	Average valid Loss: 0.2707824, d_loss: 0.5202667
	Average test  Loss: 0.3345725, d_loss: 0.5466038
	training finished, time: 1.28 mins
【Epoch: 22】
	train set evaluation finished, time: 1.23 mins
	test set evaluation finished, time: 0.32 mins
	test set evaluation finished, time: 0.24 mins
	learning rate: group 0 : 1.25e-05
	learning rate: group 1 : 0.000125
	alpha: 0.1166
	alpha_list: [0.9734029769897461, 0.9148987531661987, 0.6716926693916321, 0.496234267950058, 0.4062046408653259, 0.3657625913619995, 0.3422577977180481, 0.32389140129089355, 0.30843329429626465, 0.2913717031478882, 0.2720675468444824, 0.258328914642334, 0.24106499552726746, 0.2233814299106598, 0.2106955647468567, 0.19469046592712402, 0.17985525727272034, 0.1666187345981598, 0.1505332887172699, 0.13976770639419556, 0.1301003396511078, 0.12250357866287231, 0.11656448245048523]
	       Train          |         Valid          |          Test       
	TP:   599, FP:     0  |  TP:   119, FP:    13  |  TP:   115, FP:    19
	FN:     0, TN:   599  |  FN:     9, TN:   115  |  FN:    14, TN:   110
	Train -- Accu: 1.0000, Prec: 1.0000, Reca: 1.0000, Spec: 1.0000, F1Sc: 1.0000
	Valid -- Accu: 0.9141, Prec: 0.9015, Reca: 0.9297, Spec: 0.8984, F1Sc: 0.9154
	Test  -- Accu: 0.8721, Prec: 0.8582, Reca: 0.8915, Spec: 0.8527, F1Sc: 0.8745
	Average train Loss: 0.0529633, d_loss: 0.5156035
	Average valid Loss: 0.2715117, d_loss: 0.5129262
	Average test  Loss: 0.3346357, d_loss: 0.5382559
	training finished, time: 1.27 mins
【Epoch: 23】
	train set evaluation finished, time: 1.22 mins
	test set evaluation finished, time: 0.32 mins
	test set evaluation finished, time: 0.24 mins
	learning rate: group 0 : 1.25e-05
	learning rate: group 1 : 0.000125
	alpha: 0.1130
	alpha_list: [0.9734029769897461, 0.9148987531661987, 0.6716926693916321, 0.496234267950058, 0.4062046408653259, 0.3657625913619995, 0.3422577977180481, 0.32389140129089355, 0.30843329429626465, 0.2913717031478882, 0.2720675468444824, 0.258328914642334, 0.24106499552726746, 0.2233814299106598, 0.2106955647468567, 0.19469046592712402, 0.17985525727272034, 0.1666187345981598, 0.1505332887172699, 0.13976770639419556, 0.1301003396511078, 0.12250357866287231, 0.11656448245048523, 0.11298009753227234]
	       Train          |         Valid          |          Test       
	TP:   599, FP:     0  |  TP:   120, FP:    13  |  TP:   117, FP:    19
	FN:     0, TN:   599  |  FN:     8, TN:   115  |  FN:    12, TN:   110
	Train -- Accu: 1.0000, Prec: 1.0000, Reca: 1.0000, Spec: 1.0000, F1Sc: 1.0000
	Valid -- Accu: 0.9180, Prec: 0.9023, Reca: 0.9375, Spec: 0.8984, F1Sc: 0.9195
	Test  -- Accu: 0.8798, Prec: 0.8603, Reca: 0.9070, Spec: 0.8527, F1Sc: 0.8830
	Average train Loss: 0.0510335, d_loss: 0.5023990
	Average valid Loss: 0.2724919, d_loss: 0.5022979
	Average test  Loss: 0.3366534, d_loss: 0.5241743
	training finished, time: 1.27 mins
【Epoch: 24】
	train set evaluation finished, time: 1.21 mins
	test set evaluation finished, time: 0.32 mins
	test set evaluation finished, time: 0.23 mins
	learning rate: group 0 : 6.25e-06
	learning rate: group 1 : 6.25e-05
	alpha: 0.1098
	alpha_list: [0.9734029769897461, 0.9148987531661987, 0.6716926693916321, 0.496234267950058, 0.4062046408653259, 0.3657625913619995, 0.3422577977180481, 0.32389140129089355, 0.30843329429626465, 0.2913717031478882, 0.2720675468444824, 0.258328914642334, 0.24106499552726746, 0.2233814299106598, 0.2106955647468567, 0.19469046592712402, 0.17985525727272034, 0.1666187345981598, 0.1505332887172699, 0.13976770639419556, 0.1301003396511078, 0.12250357866287231, 0.11656448245048523, 0.11298009753227234, 0.10977476835250854]
	       Train          |         Valid          |          Test       
	TP:   599, FP:     0  |  TP:   120, FP:    13  |  TP:   117, FP:    19
	FN:     0, TN:   599  |  FN:     8, TN:   115  |  FN:    12, TN:   110
	Train -- Accu: 1.0000, Prec: 1.0000, Reca: 1.0000, Spec: 1.0000, F1Sc: 1.0000
	Valid -- Accu: 0.9180, Prec: 0.9023, Reca: 0.9375, Spec: 0.8984, F1Sc: 0.9195
	Test  -- Accu: 0.8798, Prec: 0.8603, Reca: 0.9070, Spec: 0.8527, F1Sc: 0.8830
	Average train Loss: 0.0499799, d_loss: 0.4981594
	Average valid Loss: 0.2725372, d_loss: 0.4980835
	Average test  Loss: 0.3368252, d_loss: 0.5198124
	training finished, time: 1.27 mins
【Epoch: 25】
	train set evaluation finished, time: 1.22 mins
	test set evaluation finished, time: 0.32 mins
	test set evaluation finished, time: 0.24 mins
	learning rate: group 0 : 6.25e-06
	learning rate: group 1 : 6.25e-05
	alpha: 0.1079
	alpha_list: [0.9734029769897461, 0.9148987531661987, 0.6716926693916321, 0.496234267950058, 0.4062046408653259, 0.3657625913619995, 0.3422577977180481, 0.32389140129089355, 0.30843329429626465, 0.2913717031478882, 0.2720675468444824, 0.258328914642334, 0.24106499552726746, 0.2233814299106598, 0.2106955647468567, 0.19469046592712402, 0.17985525727272034, 0.1666187345981598, 0.1505332887172699, 0.13976770639419556, 0.1301003396511078, 0.12250357866287231, 0.11656448245048523, 0.11298009753227234, 0.10977476835250854, 0.10787492990493774]
	       Train          |         Valid          |          Test       
	TP:   599, FP:     0  |  TP:   119, FP:    13  |  TP:   117, FP:    19
	FN:     0, TN:   599  |  FN:     9, TN:   115  |  FN:    12, TN:   110
	Train -- Accu: 1.0000, Prec: 1.0000, Reca: 1.0000, Spec: 1.0000, F1Sc: 1.0000
	Valid -- Accu: 0.9141, Prec: 0.9015, Reca: 0.9297, Spec: 0.8984, F1Sc: 0.9154
	Test  -- Accu: 0.8798, Prec: 0.8603, Reca: 0.9070, Spec: 0.8527, F1Sc: 0.8830
	Average train Loss: 0.0493423, d_loss: 0.4954151
	Average valid Loss: 0.2726934, d_loss: 0.4957993
	Average test  Loss: 0.3369222, d_loss: 0.5165424
	training finished, time: 1.27 mins
【Epoch: 26】
	train set evaluation finished, time: 1.22 mins
	test set evaluation finished, time: 0.32 mins
	test set evaluation finished, time: 0.24 mins
	learning rate: group 0 : 3.125e-06
	learning rate: group 1 : 3.125e-05
	alpha: 0.1061
	alpha_list: [0.9734029769897461, 0.9148987531661987, 0.6716926693916321, 0.496234267950058, 0.4062046408653259, 0.3657625913619995, 0.3422577977180481, 0.32389140129089355, 0.30843329429626465, 0.2913717031478882, 0.2720675468444824, 0.258328914642334, 0.24106499552726746, 0.2233814299106598, 0.2106955647468567, 0.19469046592712402, 0.17985525727272034, 0.1666187345981598, 0.1505332887172699, 0.13976770639419556, 0.1301003396511078, 0.12250357866287231, 0.11656448245048523, 0.11298009753227234, 0.10977476835250854, 0.10787492990493774, 0.10609114170074463]
	       Train          |         Valid          |          Test       
	TP:   599, FP:     0  |  TP:   119, FP:    13  |  TP:   117, FP:    19
	FN:     0, TN:   599  |  FN:     9, TN:   115  |  FN:    12, TN:   110
	Train -- Accu: 1.0000, Prec: 1.0000, Reca: 1.0000, Spec: 1.0000, F1Sc: 1.0000
	Valid -- Accu: 0.9141, Prec: 0.9015, Reca: 0.9297, Spec: 0.8984, F1Sc: 0.9154
	Test  -- Accu: 0.8798, Prec: 0.8603, Reca: 0.9070, Spec: 0.8527, F1Sc: 0.8830
	Average train Loss: 0.0487935, d_loss: 0.4928666
	Average valid Loss: 0.2728354, d_loss: 0.4933134
	Average test  Loss: 0.3372812, d_loss: 0.5138527
	training finished, time: 1.28 mins
【Epoch: 27】
	train set evaluation finished, time: 1.22 mins
	test set evaluation finished, time: 0.31 mins
	test set evaluation finished, time: 0.24 mins
	learning rate: group 0 : 3.125e-06
	learning rate: group 1 : 3.125e-05
	alpha: 0.1051
	alpha_list: [0.9734029769897461, 0.9148987531661987, 0.6716926693916321, 0.496234267950058, 0.4062046408653259, 0.3657625913619995, 0.3422577977180481, 0.32389140129089355, 0.30843329429626465, 0.2913717031478882, 0.2720675468444824, 0.258328914642334, 0.24106499552726746, 0.2233814299106598, 0.2106955647468567, 0.19469046592712402, 0.17985525727272034, 0.1666187345981598, 0.1505332887172699, 0.13976770639419556, 0.1301003396511078, 0.12250357866287231, 0.11656448245048523, 0.11298009753227234, 0.10977476835250854, 0.10787492990493774, 0.10609114170074463, 0.10511621832847595]
	       Train          |         Valid          |          Test       
	TP:   599, FP:     0  |  TP:   119, FP:    13  |  TP:   117, FP:    19
	FN:     0, TN:   599  |  FN:     9, TN:   115  |  FN:    12, TN:   110
	Train -- Accu: 1.0000, Prec: 1.0000, Reca: 1.0000, Spec: 1.0000, F1Sc: 1.0000
	Valid -- Accu: 0.9141, Prec: 0.9015, Reca: 0.9297, Spec: 0.8984, F1Sc: 0.9154
	Test  -- Accu: 0.8798, Prec: 0.8603, Reca: 0.9070, Spec: 0.8527, F1Sc: 0.8830
	Average train Loss: 0.0485597, d_loss: 0.4920181
	Average valid Loss: 0.2727371, d_loss: 0.4914444
	Average test  Loss: 0.3369015, d_loss: 0.5126775
	training finished, time: 1.28 mins
【Epoch: 28】
	train set evaluation finished, time: 1.24 mins
	test set evaluation finished, time: 0.32 mins
	test set evaluation finished, time: 0.24 mins
	learning rate: group 0 : 1.5625e-06
	learning rate: group 1 : 1.5625e-05
	alpha: 0.1042
	alpha_list: [0.9734029769897461, 0.9148987531661987, 0.6716926693916321, 0.496234267950058, 0.4062046408653259, 0.3657625913619995, 0.3422577977180481, 0.32389140129089355, 0.30843329429626465, 0.2913717031478882, 0.2720675468444824, 0.258328914642334, 0.24106499552726746, 0.2233814299106598, 0.2106955647468567, 0.19469046592712402, 0.17985525727272034, 0.1666187345981598, 0.1505332887172699, 0.13976770639419556, 0.1301003396511078, 0.12250357866287231, 0.11656448245048523, 0.11298009753227234, 0.10977476835250854, 0.10787492990493774, 0.10609114170074463, 0.10511621832847595, 0.10420581698417664]
	       Train          |         Valid          |          Test       
	TP:   599, FP:     0  |  TP:   119, FP:    13  |  TP:   117, FP:    19
	FN:     0, TN:   599  |  FN:     9, TN:   115  |  FN:    12, TN:   110
	Train -- Accu: 1.0000, Prec: 1.0000, Reca: 1.0000, Spec: 1.0000, F1Sc: 1.0000
	Valid -- Accu: 0.9141, Prec: 0.9015, Reca: 0.9297, Spec: 0.8984, F1Sc: 0.9154
	Test  -- Accu: 0.8798, Prec: 0.8603, Reca: 0.9070, Spec: 0.8527, F1Sc: 0.8830
	Average train Loss: 0.0482770, d_loss: 0.4907102
	Average valid Loss: 0.2728454, d_loss: 0.4901784
	Average test  Loss: 0.3371320, d_loss: 0.5113220
	training finished, time: 1.27 mins
【Epoch: 29】
	train set evaluation finished, time: 1.23 mins
	test set evaluation finished, time: 0.32 mins
	test set evaluation finished, time: 0.24 mins
	learning rate: group 0 : 1.5625e-06
	learning rate: group 1 : 1.5625e-05
	alpha: 0.1037
	alpha_list: [0.9734029769897461, 0.9148987531661987, 0.6716926693916321, 0.496234267950058, 0.4062046408653259, 0.3657625913619995, 0.3422577977180481, 0.32389140129089355, 0.30843329429626465, 0.2913717031478882, 0.2720675468444824, 0.258328914642334, 0.24106499552726746, 0.2233814299106598, 0.2106955647468567, 0.19469046592712402, 0.17985525727272034, 0.1666187345981598, 0.1505332887172699, 0.13976770639419556, 0.1301003396511078, 0.12250357866287231, 0.11656448245048523, 0.11298009753227234, 0.10977476835250854, 0.10787492990493774, 0.10609114170074463, 0.10511621832847595, 0.10420581698417664, 0.10370728373527527]
	       Train          |         Valid          |          Test       
	TP:   599, FP:     0  |  TP:   119, FP:    13  |  TP:   117, FP:    19
	FN:     0, TN:   599  |  FN:     9, TN:   115  |  FN:    12, TN:   110
	Train -- Accu: 1.0000, Prec: 1.0000, Reca: 1.0000, Spec: 1.0000, F1Sc: 1.0000
	Valid -- Accu: 0.9141, Prec: 0.9015, Reca: 0.9297, Spec: 0.8984, F1Sc: 0.9154
	Test  -- Accu: 0.8798, Prec: 0.8603, Reca: 0.9070, Spec: 0.8527, F1Sc: 0.8830
	Average train Loss: 0.0480906, d_loss: 0.4896577
	Average valid Loss: 0.2729547, d_loss: 0.4885982
	Average test  Loss: 0.3375250, d_loss: 0.5100749
	training finished, time: 1.24 mins
【Epoch: 30】
	train set evaluation finished, time: 1.15 mins
	test set evaluation finished, time: 0.32 mins
	test set evaluation finished, time: 0.24 mins
	learning rate: group 0 : 7.8125e-07
	learning rate: group 1 : 7.8125e-06
	alpha: 0.1032
	alpha_list: [0.9734029769897461, 0.9148987531661987, 0.6716926693916321, 0.496234267950058, 0.4062046408653259, 0.3657625913619995, 0.3422577977180481, 0.32389140129089355, 0.30843329429626465, 0.2913717031478882, 0.2720675468444824, 0.258328914642334, 0.24106499552726746, 0.2233814299106598, 0.2106955647468567, 0.19469046592712402, 0.17985525727272034, 0.1666187345981598, 0.1505332887172699, 0.13976770639419556, 0.1301003396511078, 0.12250357866287231, 0.11656448245048523, 0.11298009753227234, 0.10977476835250854, 0.10787492990493774, 0.10609114170074463, 0.10511621832847595, 0.10420581698417664, 0.10370728373527527, 0.10322490334510803]
	       Train          |         Valid          |          Test       
	TP:   599, FP:     0  |  TP:   119, FP:    13  |  TP:   117, FP:    19
	FN:     0, TN:   599  |  FN:     9, TN:   115  |  FN:    12, TN:   110
	Train -- Accu: 1.0000, Prec: 1.0000, Reca: 1.0000, Spec: 1.0000, F1Sc: 1.0000
	Valid -- Accu: 0.9141, Prec: 0.9015, Reca: 0.9297, Spec: 0.8984, F1Sc: 0.9154
	Test  -- Accu: 0.8798, Prec: 0.8603, Reca: 0.9070, Spec: 0.8527, F1Sc: 0.8830
	Average train Loss: 0.0479468, d_loss: 0.4889864
	Average valid Loss: 0.2730214, d_loss: 0.4879253
	Average test  Loss: 0.3376981, d_loss: 0.5093655
	training finished, time: 1.29 mins
【Epoch: 31】
	train set evaluation finished, time: 1.23 mins
	test set evaluation finished, time: 0.31 mins
	test set evaluation finished, time: 0.24 mins
	learning rate: group 0 : 7.8125e-07
	learning rate: group 1 : 7.8125e-06
	alpha: 0.1030
	alpha_list: [0.9734029769897461, 0.9148987531661987, 0.6716926693916321, 0.496234267950058, 0.4062046408653259, 0.3657625913619995, 0.3422577977180481, 0.32389140129089355, 0.30843329429626465, 0.2913717031478882, 0.2720675468444824, 0.258328914642334, 0.24106499552726746, 0.2233814299106598, 0.2106955647468567, 0.19469046592712402, 0.17985525727272034, 0.1666187345981598, 0.1505332887172699, 0.13976770639419556, 0.1301003396511078, 0.12250357866287231, 0.11656448245048523, 0.11298009753227234, 0.10977476835250854, 0.10787492990493774, 0.10609114170074463, 0.10511621832847595, 0.10420581698417664, 0.10370728373527527, 0.10322490334510803, 0.10298693180084229]
	       Train          |         Valid          |          Test       
	TP:   599, FP:     0  |  TP:   119, FP:    13  |  TP:   117, FP:    19
	FN:     0, TN:   599  |  FN:     9, TN:   115  |  FN:    12, TN:   110
	Train -- Accu: 1.0000, Prec: 1.0000, Reca: 1.0000, Spec: 1.0000, F1Sc: 1.0000
	Valid -- Accu: 0.9141, Prec: 0.9015, Reca: 0.9297, Spec: 0.8984, F1Sc: 0.9154
	Test  -- Accu: 0.8798, Prec: 0.8603, Reca: 0.9070, Spec: 0.8527, F1Sc: 0.8830
	Average train Loss: 0.0478183, d_loss: 0.4881861
	Average valid Loss: 0.2731756, d_loss: 0.4871341
	Average test  Loss: 0.3382415, d_loss: 0.5085204
	training finished, time: 1.21 mins
【Epoch: 32】
	train set evaluation finished, time: 0.92 mins
	test set evaluation finished, time: 0.24 mins
	test set evaluation finished, time: 0.18 mins
	learning rate: group 0 : 3.90625e-07
	learning rate: group 1 : 3.90625e-06
	alpha: 0.1027
	alpha_list: [0.9734029769897461, 0.9148987531661987, 0.6716926693916321, 0.496234267950058, 0.4062046408653259, 0.3657625913619995, 0.3422577977180481, 0.32389140129089355, 0.30843329429626465, 0.2913717031478882, 0.2720675468444824, 0.258328914642334, 0.24106499552726746, 0.2233814299106598, 0.2106955647468567, 0.19469046592712402, 0.17985525727272034, 0.1666187345981598, 0.1505332887172699, 0.13976770639419556, 0.1301003396511078, 0.12250357866287231, 0.11656448245048523, 0.11298009753227234, 0.10977476835250854, 0.10787492990493774, 0.10609114170074463, 0.10511621832847595, 0.10420581698417664, 0.10370728373527527, 0.10322490334510803, 0.10298693180084229, 0.10273861885070801]
	       Train          |         Valid          |          Test       
	TP:   599, FP:     0  |  TP:   119, FP:    13  |  TP:   117, FP:    19
	FN:     0, TN:   599  |  FN:     9, TN:   115  |  FN:    12, TN:   110
	Train -- Accu: 1.0000, Prec: 1.0000, Reca: 1.0000, Spec: 1.0000, F1Sc: 1.0000
	Valid -- Accu: 0.9141, Prec: 0.9015, Reca: 0.9297, Spec: 0.8984, F1Sc: 0.9154
	Test  -- Accu: 0.8798, Prec: 0.8603, Reca: 0.9070, Spec: 0.8527, F1Sc: 0.8830
	Average train Loss: 0.0477448, d_loss: 0.4878139
	Average valid Loss: 0.2732301, d_loss: 0.4867428
	Average test  Loss: 0.3383557, d_loss: 0.5081282
	training finished, time: 0.95 mins
【Epoch: 33】
	train set evaluation finished, time: 0.92 mins
	test set evaluation finished, time: 0.24 mins
	test set evaluation finished, time: 0.18 mins
	learning rate: group 0 : 3.90625e-07
	learning rate: group 1 : 3.90625e-06
	alpha: 0.1026
	alpha_list: [0.9734029769897461, 0.9148987531661987, 0.6716926693916321, 0.496234267950058, 0.4062046408653259, 0.3657625913619995, 0.3422577977180481, 0.32389140129089355, 0.30843329429626465, 0.2913717031478882, 0.2720675468444824, 0.258328914642334, 0.24106499552726746, 0.2233814299106598, 0.2106955647468567, 0.19469046592712402, 0.17985525727272034, 0.1666187345981598, 0.1505332887172699, 0.13976770639419556, 0.1301003396511078, 0.12250357866287231, 0.11656448245048523, 0.11298009753227234, 0.10977476835250854, 0.10787492990493774, 0.10609114170074463, 0.10511621832847595, 0.10420581698417664, 0.10370728373527527, 0.10322490334510803, 0.10298693180084229, 0.10273861885070801, 0.10261675715446472]
	       Train          |         Valid          |          Test       
	TP:   599, FP:     0  |  TP:   119, FP:    13  |  TP:   117, FP:    19
	FN:     0, TN:   599  |  FN:     9, TN:   115  |  FN:    12, TN:   110
	Train -- Accu: 1.0000, Prec: 1.0000, Reca: 1.0000, Spec: 1.0000, F1Sc: 1.0000
	Valid -- Accu: 0.9141, Prec: 0.9015, Reca: 0.9297, Spec: 0.8984, F1Sc: 0.9154
	Test  -- Accu: 0.8798, Prec: 0.8603, Reca: 0.9070, Spec: 0.8527, F1Sc: 0.8830
	Average train Loss: 0.0476822, d_loss: 0.4873574
	Average valid Loss: 0.2733561, d_loss: 0.4864196
	Average test  Loss: 0.3387495, d_loss: 0.5076591
	training finished, time: 0.96 mins
【Epoch: 34】
	train set evaluation finished, time: 0.92 mins
	test set evaluation finished, time: 0.24 mins
	test set evaluation finished, time: 0.18 mins
	learning rate: group 0 : 1.953125e-07
	learning rate: group 1 : 1.953125e-06
	alpha: 0.1025
	alpha_list: [0.9734029769897461, 0.9148987531661987, 0.6716926693916321, 0.496234267950058, 0.4062046408653259, 0.3657625913619995, 0.3422577977180481, 0.32389140129089355, 0.30843329429626465, 0.2913717031478882, 0.2720675468444824, 0.258328914642334, 0.24106499552726746, 0.2233814299106598, 0.2106955647468567, 0.19469046592712402, 0.17985525727272034, 0.1666187345981598, 0.1505332887172699, 0.13976770639419556, 0.1301003396511078, 0.12250357866287231, 0.11656448245048523, 0.11298009753227234, 0.10977476835250854, 0.10787492990493774, 0.10609114170074463, 0.10511621832847595, 0.10420581698417664, 0.10370728373527527, 0.10322490334510803, 0.10298693180084229, 0.10273861885070801, 0.10261675715446472, 0.10249212384223938]
	       Train          |         Valid          |          Test       
	TP:   599, FP:     0  |  TP:   119, FP:    13  |  TP:   117, FP:    19
	FN:     0, TN:   599  |  FN:     9, TN:   115  |  FN:    12, TN:   110
	Train -- Accu: 1.0000, Prec: 1.0000, Reca: 1.0000, Spec: 1.0000, F1Sc: 1.0000
	Valid -- Accu: 0.9141, Prec: 0.9015, Reca: 0.9297, Spec: 0.8984, F1Sc: 0.9154
	Test  -- Accu: 0.8798, Prec: 0.8603, Reca: 0.9070, Spec: 0.8527, F1Sc: 0.8830
	Average train Loss: 0.0476426, d_loss: 0.4871280
	Average valid Loss: 0.2734061, d_loss: 0.4861978
	Average test  Loss: 0.3388718, d_loss: 0.5074179
	training finished, time: 0.95 mins
【Epoch: 35】
	train set evaluation finished, time: 0.93 mins
	test set evaluation finished, time: 0.24 mins
	test set evaluation finished, time: 0.18 mins
	learning rate: group 0 : 1.953125e-07
	learning rate: group 1 : 1.953125e-06
	alpha: 0.1024
	alpha_list: [0.9734029769897461, 0.9148987531661987, 0.6716926693916321, 0.496234267950058, 0.4062046408653259, 0.3657625913619995, 0.3422577977180481, 0.32389140129089355, 0.30843329429626465, 0.2913717031478882, 0.2720675468444824, 0.258328914642334, 0.24106499552726746, 0.2233814299106598, 0.2106955647468567, 0.19469046592712402, 0.17985525727272034, 0.1666187345981598, 0.1505332887172699, 0.13976770639419556, 0.1301003396511078, 0.12250357866287231, 0.11656448245048523, 0.11298009753227234, 0.10977476835250854, 0.10787492990493774, 0.10609114170074463, 0.10511621832847595, 0.10420581698417664, 0.10370728373527527, 0.10322490334510803, 0.10298693180084229, 0.10273861885070801, 0.10261675715446472, 0.10249212384223938, 0.10243096947669983]
	       Train          |         Valid          |          Test       
	TP:   599, FP:     0  |  TP:   119, FP:    13  |  TP:   117, FP:    19
	FN:     0, TN:   599  |  FN:     9, TN:   115  |  FN:    12, TN:   110
	Train -- Accu: 1.0000, Prec: 1.0000, Reca: 1.0000, Spec: 1.0000, F1Sc: 1.0000
	Valid -- Accu: 0.9141, Prec: 0.9015, Reca: 0.9297, Spec: 0.8984, F1Sc: 0.9154
	Test  -- Accu: 0.8798, Prec: 0.8603, Reca: 0.9070, Spec: 0.8527, F1Sc: 0.8830
	Average train Loss: 0.0476168, d_loss: 0.4869250
	Average valid Loss: 0.2734783, d_loss: 0.4860729
	Average test  Loss: 0.3390657, d_loss: 0.5072125
	training finished, time: 0.94 mins
【Epoch: 36】
	train set evaluation finished, time: 0.92 mins
	test set evaluation finished, time: 0.24 mins
	test set evaluation finished, time: 0.18 mins
	learning rate: group 0 : 9.765625e-08
	learning rate: group 1 : 9.765625e-07
	alpha: 0.1024
	alpha_list: [0.9734029769897461, 0.9148987531661987, 0.6716926693916321, 0.496234267950058, 0.4062046408653259, 0.3657625913619995, 0.3422577977180481, 0.32389140129089355, 0.30843329429626465, 0.2913717031478882, 0.2720675468444824, 0.258328914642334, 0.24106499552726746, 0.2233814299106598, 0.2106955647468567, 0.19469046592712402, 0.17985525727272034, 0.1666187345981598, 0.1505332887172699, 0.13976770639419556, 0.1301003396511078, 0.12250357866287231, 0.11656448245048523, 0.11298009753227234, 0.10977476835250854, 0.10787492990493774, 0.10609114170074463, 0.10511621832847595, 0.10420581698417664, 0.10370728373527527, 0.10322490334510803, 0.10298693180084229, 0.10273861885070801, 0.10261675715446472, 0.10249212384223938, 0.10243096947669983, 0.10236912965774536]
	       Train          |         Valid          |          Test       
	TP:   599, FP:     0  |  TP:   119, FP:    13  |  TP:   117, FP:    19
	FN:     0, TN:   599  |  FN:     9, TN:   115  |  FN:    12, TN:   110
	Train -- Accu: 1.0000, Prec: 1.0000, Reca: 1.0000, Spec: 1.0000, F1Sc: 1.0000
	Valid -- Accu: 0.9141, Prec: 0.9015, Reca: 0.9297, Spec: 0.8984, F1Sc: 0.9154
	Test  -- Accu: 0.8798, Prec: 0.8603, Reca: 0.9070, Spec: 0.8527, F1Sc: 0.8830
	Average train Loss: 0.0475964, d_loss: 0.4867863
	Average valid Loss: 0.2735195, d_loss: 0.4859635
	Average test  Loss: 0.3391677, d_loss: 0.5070713
	training finished, time: 1.15 mins
【Epoch: 37】
	train set evaluation finished, time: 1.22 mins
	test set evaluation finished, time: 0.32 mins
	test set evaluation finished, time: 0.24 mins
	learning rate: group 0 : 9.765625e-08
	learning rate: group 1 : 9.765625e-07
	alpha: 0.1023
	alpha_list: [0.9734029769897461, 0.9148987531661987, 0.6716926693916321, 0.496234267950058, 0.4062046408653259, 0.3657625913619995, 0.3422577977180481, 0.32389140129089355, 0.30843329429626465, 0.2913717031478882, 0.2720675468444824, 0.258328914642334, 0.24106499552726746, 0.2233814299106598, 0.2106955647468567, 0.19469046592712402, 0.17985525727272034, 0.1666187345981598, 0.1505332887172699, 0.13976770639419556, 0.1301003396511078, 0.12250357866287231, 0.11656448245048523, 0.11298009753227234, 0.10977476835250854, 0.10787492990493774, 0.10609114170074463, 0.10511621832847595, 0.10420581698417664, 0.10370728373527527, 0.10322490334510803, 0.10298693180084229, 0.10273861885070801, 0.10261675715446472, 0.10249212384223938, 0.10243096947669983, 0.10236912965774536, 0.10233795642852783]
	       Train          |         Valid          |          Test       
	TP:   599, FP:     0  |  TP:   119, FP:    13  |  TP:   117, FP:    19
	FN:     0, TN:   599  |  FN:     9, TN:   115  |  FN:    12, TN:   110
	Train -- Accu: 1.0000, Prec: 1.0000, Reca: 1.0000, Spec: 1.0000, F1Sc: 1.0000
	Valid -- Accu: 0.9141, Prec: 0.9015, Reca: 0.9297, Spec: 0.8984, F1Sc: 0.9154
	Test  -- Accu: 0.8798, Prec: 0.8603, Reca: 0.9070, Spec: 0.8527, F1Sc: 0.8830
	Average train Loss: 0.0475853, d_loss: 0.4866954
	Average valid Loss: 0.2735538, d_loss: 0.4859079
	Average test  Loss: 0.3392550, d_loss: 0.5069803
	training finished, time: 1.28 mins
【Epoch: 38】
	train set evaluation finished, time: 1.23 mins
	test set evaluation finished, time: 0.32 mins
	test set evaluation finished, time: 0.23 mins
	learning rate: group 0 : 4.8828125e-08
	learning rate: group 1 : 4.8828125e-07
	alpha: 0.1023
	alpha_list: [0.9734029769897461, 0.9148987531661987, 0.6716926693916321, 0.496234267950058, 0.4062046408653259, 0.3657625913619995, 0.3422577977180481, 0.32389140129089355, 0.30843329429626465, 0.2913717031478882, 0.2720675468444824, 0.258328914642334, 0.24106499552726746, 0.2233814299106598, 0.2106955647468567, 0.19469046592712402, 0.17985525727272034, 0.1666187345981598, 0.1505332887172699, 0.13976770639419556, 0.1301003396511078, 0.12250357866287231, 0.11656448245048523, 0.11298009753227234, 0.10977476835250854, 0.10787492990493774, 0.10609114170074463, 0.10511621832847595, 0.10420581698417664, 0.10370728373527527, 0.10322490334510803, 0.10298693180084229, 0.10273861885070801, 0.10261675715446472, 0.10249212384223938, 0.10243096947669983, 0.10236912965774536, 0.10233795642852783, 0.10230660438537598]
	       Train          |         Valid          |          Test       
	TP:   599, FP:     0  |  TP:   119, FP:    13  |  TP:   117, FP:    19
	FN:     0, TN:   599  |  FN:     9, TN:   115  |  FN:    12, TN:   110
	Train -- Accu: 1.0000, Prec: 1.0000, Reca: 1.0000, Spec: 1.0000, F1Sc: 1.0000
	Valid -- Accu: 0.9141, Prec: 0.9015, Reca: 0.9297, Spec: 0.8984, F1Sc: 0.9154
	Test  -- Accu: 0.8798, Prec: 0.8603, Reca: 0.9070, Spec: 0.8527, F1Sc: 0.8830
	Average train Loss: 0.0475753, d_loss: 0.4866180
	Average valid Loss: 0.2735803, d_loss: 0.4858510
	Average test  Loss: 0.3393195, d_loss: 0.5069017
	training finished, time: 1.27 mins
【Epoch: 39】
	train set evaluation finished, time: 1.24 mins
	test set evaluation finished, time: 0.32 mins
	test set evaluation finished, time: 0.24 mins
	learning rate: group 0 : 4.8828125e-08
	learning rate: group 1 : 4.8828125e-07
	alpha: 0.1023
	alpha_list: [0.9734029769897461, 0.9148987531661987, 0.6716926693916321, 0.496234267950058, 0.4062046408653259, 0.3657625913619995, 0.3422577977180481, 0.32389140129089355, 0.30843329429626465, 0.2913717031478882, 0.2720675468444824, 0.258328914642334, 0.24106499552726746, 0.2233814299106598, 0.2106955647468567, 0.19469046592712402, 0.17985525727272034, 0.1666187345981598, 0.1505332887172699, 0.13976770639419556, 0.1301003396511078, 0.12250357866287231, 0.11656448245048523, 0.11298009753227234, 0.10977476835250854, 0.10787492990493774, 0.10609114170074463, 0.10511621832847595, 0.10420581698417664, 0.10370728373527527, 0.10322490334510803, 0.10298693180084229, 0.10273861885070801, 0.10261675715446472, 0.10249212384223938, 0.10243096947669983, 0.10236912965774536, 0.10233795642852783, 0.10230660438537598, 0.10229113698005676]
	       Train          |         Valid          |          Test       
	TP:   599, FP:     0  |  TP:   119, FP:    13  |  TP:   117, FP:    19
	FN:     0, TN:   599  |  FN:     9, TN:   115  |  FN:    12, TN:   110
	Train -- Accu: 1.0000, Prec: 1.0000, Reca: 1.0000, Spec: 1.0000, F1Sc: 1.0000
	Valid -- Accu: 0.9141, Prec: 0.9015, Reca: 0.9297, Spec: 0.8984, F1Sc: 0.9154
	Test  -- Accu: 0.8798, Prec: 0.8603, Reca: 0.9070, Spec: 0.8527, F1Sc: 0.8830
	Average train Loss: 0.0475701, d_loss: 0.4865758
	Average valid Loss: 0.2735962, d_loss: 0.4858254
	Average test  Loss: 0.3393593, d_loss: 0.5068596
	training finished, time: 1.28 mins
【Epoch: 40】
	train set evaluation finished, time: 1.22 mins
	test set evaluation finished, time: 0.31 mins
	test set evaluation finished, time: 0.23 mins
	learning rate: group 0 : 2.44140625e-08
	learning rate: group 1 : 2.44140625e-07
	alpha: 0.1023
	alpha_list: [0.9734029769897461, 0.9148987531661987, 0.6716926693916321, 0.496234267950058, 0.4062046408653259, 0.3657625913619995, 0.3422577977180481, 0.32389140129089355, 0.30843329429626465, 0.2913717031478882, 0.2720675468444824, 0.258328914642334, 0.24106499552726746, 0.2233814299106598, 0.2106955647468567, 0.19469046592712402, 0.17985525727272034, 0.1666187345981598, 0.1505332887172699, 0.13976770639419556, 0.1301003396511078, 0.12250357866287231, 0.11656448245048523, 0.11298009753227234, 0.10977476835250854, 0.10787492990493774, 0.10609114170074463, 0.10511621832847595, 0.10420581698417664, 0.10370728373527527, 0.10322490334510803, 0.10298693180084229, 0.10273861885070801, 0.10261675715446472, 0.10249212384223938, 0.10243096947669983, 0.10236912965774536, 0.10233795642852783, 0.10230660438537598, 0.10229113698005676, 0.10227581858634949]
	       Train          |         Valid          |          Test       
	TP:   599, FP:     0  |  TP:   119, FP:    13  |  TP:   117, FP:    19
	FN:     0, TN:   599  |  FN:     9, TN:   115  |  FN:    12, TN:   110
	Train -- Accu: 1.0000, Prec: 1.0000, Reca: 1.0000, Spec: 1.0000, F1Sc: 1.0000
	Valid -- Accu: 0.9141, Prec: 0.9015, Reca: 0.9297, Spec: 0.8984, F1Sc: 0.9154
	Test  -- Accu: 0.8798, Prec: 0.8603, Reca: 0.9070, Spec: 0.8527, F1Sc: 0.8830
	Average train Loss: 0.0475652, d_loss: 0.4865375
	Average valid Loss: 0.2736105, d_loss: 0.4858002
	Average test  Loss: 0.3393933, d_loss: 0.5068211
	training finished, time: 1.28 mins
【Epoch: 41】
	train set evaluation finished, time: 1.23 mins
	test set evaluation finished, time: 0.32 mins
	test set evaluation finished, time: 0.24 mins
	learning rate: group 0 : 2.44140625e-08
	learning rate: group 1 : 2.44140625e-07
	alpha: 0.1023
	alpha_list: [0.9734029769897461, 0.9148987531661987, 0.6716926693916321, 0.496234267950058, 0.4062046408653259, 0.3657625913619995, 0.3422577977180481, 0.32389140129089355, 0.30843329429626465, 0.2913717031478882, 0.2720675468444824, 0.258328914642334, 0.24106499552726746, 0.2233814299106598, 0.2106955647468567, 0.19469046592712402, 0.17985525727272034, 0.1666187345981598, 0.1505332887172699, 0.13976770639419556, 0.1301003396511078, 0.12250357866287231, 0.11656448245048523, 0.11298009753227234, 0.10977476835250854, 0.10787492990493774, 0.10609114170074463, 0.10511621832847595, 0.10420581698417664, 0.10370728373527527, 0.10322490334510803, 0.10298693180084229, 0.10273861885070801, 0.10261675715446472, 0.10249212384223938, 0.10243096947669983, 0.10236912965774536, 0.10233795642852783, 0.10230660438537598, 0.10229113698005676, 0.10227581858634949, 0.10226750373840332]
	       Train          |         Valid          |          Test       
	TP:   599, FP:     0  |  TP:   119, FP:    13  |  TP:   117, FP:    19
	FN:     0, TN:   599  |  FN:     9, TN:   115  |  FN:    12, TN:   110
	Train -- Accu: 1.0000, Prec: 1.0000, Reca: 1.0000, Spec: 1.0000, F1Sc: 1.0000
	Valid -- Accu: 0.9141, Prec: 0.9015, Reca: 0.9297, Spec: 0.8984, F1Sc: 0.9154
	Test  -- Accu: 0.8798, Prec: 0.8603, Reca: 0.9070, Spec: 0.8527, F1Sc: 0.8830
	Average train Loss: 0.0475627, d_loss: 0.4865167
	Average valid Loss: 0.2736181, d_loss: 0.4857872
	Average test  Loss: 0.3394119, d_loss: 0.5068003
	training finished, time: 1.27 mins
【Epoch: 42】
	train set evaluation finished, time: 1.23 mins
	test set evaluation finished, time: 0.32 mins
	test set evaluation finished, time: 0.24 mins
	learning rate: group 0 : 1.220703125e-08
	learning rate: group 1 : 1.220703125e-07
	alpha: 0.1023
	alpha_list: [0.9734029769897461, 0.9148987531661987, 0.6716926693916321, 0.496234267950058, 0.4062046408653259, 0.3657625913619995, 0.3422577977180481, 0.32389140129089355, 0.30843329429626465, 0.2913717031478882, 0.2720675468444824, 0.258328914642334, 0.24106499552726746, 0.2233814299106598, 0.2106955647468567, 0.19469046592712402, 0.17985525727272034, 0.1666187345981598, 0.1505332887172699, 0.13976770639419556, 0.1301003396511078, 0.12250357866287231, 0.11656448245048523, 0.11298009753227234, 0.10977476835250854, 0.10787492990493774, 0.10609114170074463, 0.10511621832847595, 0.10420581698417664, 0.10370728373527527, 0.10322490334510803, 0.10298693180084229, 0.10273861885070801, 0.10261675715446472, 0.10249212384223938, 0.10243096947669983, 0.10236912965774536, 0.10233795642852783, 0.10230660438537598, 0.10229113698005676, 0.10227581858634949, 0.10226750373840332, 0.10225898027420044]
	       Train          |         Valid          |          Test       
	TP:   599, FP:     0  |  TP:   119, FP:    13  |  TP:   117, FP:    19
	FN:     0, TN:   599  |  FN:     9, TN:   115  |  FN:    12, TN:   110
	Train -- Accu: 1.0000, Prec: 1.0000, Reca: 1.0000, Spec: 1.0000, F1Sc: 1.0000
	Valid -- Accu: 0.9141, Prec: 0.9015, Reca: 0.9297, Spec: 0.8984, F1Sc: 0.9154
	Test  -- Accu: 0.8798, Prec: 0.8603, Reca: 0.9070, Spec: 0.8527, F1Sc: 0.8830
	Average train Loss: 0.0475603, d_loss: 0.4864965
	Average valid Loss: 0.2736251, d_loss: 0.4857745
	Average test  Loss: 0.3394287, d_loss: 0.5067803
	training finished, time: 1.28 mins
【Epoch: 43】
	train set evaluation finished, time: 1.23 mins
	test set evaluation finished, time: 0.32 mins
	test set evaluation finished, time: 0.24 mins
	learning rate: group 0 : 1.220703125e-08
	learning rate: group 1 : 1.220703125e-07
	alpha: 0.1023
	alpha_list: [0.9734029769897461, 0.9148987531661987, 0.6716926693916321, 0.496234267950058, 0.4062046408653259, 0.3657625913619995, 0.3422577977180481, 0.32389140129089355, 0.30843329429626465, 0.2913717031478882, 0.2720675468444824, 0.258328914642334, 0.24106499552726746, 0.2233814299106598, 0.2106955647468567, 0.19469046592712402, 0.17985525727272034, 0.1666187345981598, 0.1505332887172699, 0.13976770639419556, 0.1301003396511078, 0.12250357866287231, 0.11656448245048523, 0.11298009753227234, 0.10977476835250854, 0.10787492990493774, 0.10609114170074463, 0.10511621832847595, 0.10420581698417664, 0.10370728373527527, 0.10322490334510803, 0.10298693180084229, 0.10273861885070801, 0.10261675715446472, 0.10249212384223938, 0.10243096947669983, 0.10236912965774536, 0.10233795642852783, 0.10230660438537598, 0.10229113698005676, 0.10227581858634949, 0.10226750373840332, 0.10225898027420044, 0.10225659608840942]
	       Train          |         Valid          |          Test       
	TP:   599, FP:     0  |  TP:   119, FP:    13  |  TP:   117, FP:    19
	FN:     0, TN:   599  |  FN:     9, TN:   115  |  FN:    12, TN:   110
	Train -- Accu: 1.0000, Prec: 1.0000, Reca: 1.0000, Spec: 1.0000, F1Sc: 1.0000
	Valid -- Accu: 0.9141, Prec: 0.9015, Reca: 0.9297, Spec: 0.8984, F1Sc: 0.9154
	Test  -- Accu: 0.8798, Prec: 0.8603, Reca: 0.9070, Spec: 0.8527, F1Sc: 0.8830
	Average train Loss: 0.0475593, d_loss: 0.4864883
	Average valid Loss: 0.2736282, d_loss: 0.4857696
	Average test  Loss: 0.3394362, d_loss: 0.5067722
	training finished, time: 1.28 mins
【Epoch: 44】
	train set evaluation finished, time: 1.22 mins
	test set evaluation finished, time: 0.31 mins
	test set evaluation finished, time: 0.23 mins
	learning rate: group 0 : 1.220703125e-08
	learning rate: group 1 : 6.103515625e-08
	alpha: 0.1023
	alpha_list: [0.9734029769897461, 0.9148987531661987, 0.6716926693916321, 0.496234267950058, 0.4062046408653259, 0.3657625913619995, 0.3422577977180481, 0.32389140129089355, 0.30843329429626465, 0.2913717031478882, 0.2720675468444824, 0.258328914642334, 0.24106499552726746, 0.2233814299106598, 0.2106955647468567, 0.19469046592712402, 0.17985525727272034, 0.1666187345981598, 0.1505332887172699, 0.13976770639419556, 0.1301003396511078, 0.12250357866287231, 0.11656448245048523, 0.11298009753227234, 0.10977476835250854, 0.10787492990493774, 0.10609114170074463, 0.10511621832847595, 0.10420581698417664, 0.10370728373527527, 0.10322490334510803, 0.10298693180084229, 0.10273861885070801, 0.10261675715446472, 0.10249212384223938, 0.10243096947669983, 0.10236912965774536, 0.10233795642852783, 0.10230660438537598, 0.10229113698005676, 0.10227581858634949, 0.10226750373840332, 0.10225898027420044, 0.10225659608840942, 0.10225415229797363]
	       Train          |         Valid          |          Test       
	TP:   599, FP:     0  |  TP:   119, FP:    13  |  TP:   117, FP:    19
	FN:     0, TN:   599  |  FN:     9, TN:   115  |  FN:    12, TN:   110
	Train -- Accu: 1.0000, Prec: 1.0000, Reca: 1.0000, Spec: 1.0000, F1Sc: 1.0000
	Valid -- Accu: 0.9141, Prec: 0.9015, Reca: 0.9297, Spec: 0.8984, F1Sc: 0.9154
	Test  -- Accu: 0.8798, Prec: 0.8603, Reca: 0.9070, Spec: 0.8527, F1Sc: 0.8830
	Average train Loss: 0.0475583, d_loss: 0.4864800
	Average valid Loss: 0.2736311, d_loss: 0.4857644
	Average test  Loss: 0.3394434, d_loss: 0.5067640
	training finished, time: 1.27 mins
【Epoch: 45】
	train set evaluation finished, time: 1.10 mins
	test set evaluation finished, time: 0.24 mins
	test set evaluation finished, time: 0.18 mins
	learning rate: group 0 : 1.220703125e-08
	learning rate: group 1 : 6.103515625e-08
	alpha: 0.1023
	alpha_list: [0.9734029769897461, 0.9148987531661987, 0.6716926693916321, 0.496234267950058, 0.4062046408653259, 0.3657625913619995, 0.3422577977180481, 0.32389140129089355, 0.30843329429626465, 0.2913717031478882, 0.2720675468444824, 0.258328914642334, 0.24106499552726746, 0.2233814299106598, 0.2106955647468567, 0.19469046592712402, 0.17985525727272034, 0.1666187345981598, 0.1505332887172699, 0.13976770639419556, 0.1301003396511078, 0.12250357866287231, 0.11656448245048523, 0.11298009753227234, 0.10977476835250854, 0.10787492990493774, 0.10609114170074463, 0.10511621832847595, 0.10420581698417664, 0.10370728373527527, 0.10322490334510803, 0.10298693180084229, 0.10273861885070801, 0.10261675715446472, 0.10249212384223938, 0.10243096947669983, 0.10236912965774536, 0.10233795642852783, 0.10230660438537598, 0.10229113698005676, 0.10227581858634949, 0.10226750373840332, 0.10225898027420044, 0.10225659608840942, 0.10225415229797363, 0.1022540032863617]
	       Train          |         Valid          |          Test       
	TP:   599, FP:     0  |  TP:   119, FP:    13  |  TP:   117, FP:    19
	FN:     0, TN:   599  |  FN:     9, TN:   115  |  FN:    12, TN:   110
	Train -- Accu: 1.0000, Prec: 1.0000, Reca: 1.0000, Spec: 1.0000, F1Sc: 1.0000
	Valid -- Accu: 0.9141, Prec: 0.9015, Reca: 0.9297, Spec: 0.8984, F1Sc: 0.9154
	Test  -- Accu: 0.8798, Prec: 0.8603, Reca: 0.9070, Spec: 0.8527, F1Sc: 0.8830
	Average train Loss: 0.0475573, d_loss: 0.4864730
	Average valid Loss: 0.2736339, d_loss: 0.4857603
	Average test  Loss: 0.3394503, d_loss: 0.5067574
	training finished, time: 0.95 mins
【Epoch: 46】
	train set evaluation finished, time: 0.93 mins
	test set evaluation finished, time: 0.24 mins
	test set evaluation finished, time: 0.18 mins
	learning rate: group 0 : 1.220703125e-08
	learning rate: group 1 : 3.0517578125e-08
	alpha: 0.1023
	alpha_list: [0.9734029769897461, 0.9148987531661987, 0.6716926693916321, 0.496234267950058, 0.4062046408653259, 0.3657625913619995, 0.3422577977180481, 0.32389140129089355, 0.30843329429626465, 0.2913717031478882, 0.2720675468444824, 0.258328914642334, 0.24106499552726746, 0.2233814299106598, 0.2106955647468567, 0.19469046592712402, 0.17985525727272034, 0.1666187345981598, 0.1505332887172699, 0.13976770639419556, 0.1301003396511078, 0.12250357866287231, 0.11656448245048523, 0.11298009753227234, 0.10977476835250854, 0.10787492990493774, 0.10609114170074463, 0.10511621832847595, 0.10420581698417664, 0.10370728373527527, 0.10322490334510803, 0.10298693180084229, 0.10273861885070801, 0.10261675715446472, 0.10249212384223938, 0.10243096947669983, 0.10236912965774536, 0.10233795642852783, 0.10230660438537598, 0.10229113698005676, 0.10227581858634949, 0.10226750373840332, 0.10225898027420044, 0.10225659608840942, 0.10225415229797363, 0.1022540032863617, 0.1022537350654602]
	       Train          |         Valid          |          Test       
	TP:   599, FP:     0  |  TP:   119, FP:    13  |  TP:   117, FP:    19
	FN:     0, TN:   599  |  FN:     9, TN:   115  |  FN:    12, TN:   110
	Train -- Accu: 1.0000, Prec: 1.0000, Reca: 1.0000, Spec: 1.0000, F1Sc: 1.0000
	Valid -- Accu: 0.9141, Prec: 0.9015, Reca: 0.9297, Spec: 0.8984, F1Sc: 0.9154
	Test  -- Accu: 0.8798, Prec: 0.8603, Reca: 0.9070, Spec: 0.8527, F1Sc: 0.8830
	Average train Loss: 0.0475564, d_loss: 0.4864660
	Average valid Loss: 0.2736366, d_loss: 0.4857558
	Average test  Loss: 0.3394568, d_loss: 0.5067506
	training finished, time: 0.95 mins
【Epoch: 47】
