
current time             : 2024-08-10 09:24:38
code path                : D:\Project\SmtCon\Classification\240806-SCcfg_graph\240806-SCcfg_graph-V10_6\SCcfg_graph_V10_6_main.py

Binary Classification model training.
*************Basic settings*************
config                   : {
    "logtest": false,
    "seed": 1000,
    "previous_dataset": false,
    "previous_dataset_path": "",
    "vul_ann": "Ree",
    "vul": "reentrancy",
    "dataset_name": "SmartBugs",
    "dataset_split": [
        0.7,
        0.15,
        0.15
    ],
    "previous_model": false,
    "previous_model_path": "",
    "max_saved_model": 10,
    "num_labels": 2,
    "num_GCN": 1,
    "d_node_feat": 1024,
    "d_node_reshape": 128,
    "d_output": 128,
    "batch_size": 8,
    "num_epochs": 50,
    "wight_pen": 0.05,
    "lr": 0.0001,
    "optimizer": {
        "weight_decay": 0.0001
    },
    "scheduler": {
        "factor": 0.5,
        "patience": 1,
        "verbose": true,
        "min_lr_rate": 1e-08
    },
    "criterion": {
        "alpha": [
            1,
            1
        ],
        "gamma": 0,
        "reduction": "sum"
    }
}
dataset dir              : D:\Project\SmtCon_dataset\SmartContract\SmartBugs\Phase4\Multimodal_Fusion__reentrancy_SCcfg_graph_ExprsNode

*********Model hyper-parameters*********
training device          : [device(type='cuda', index=0)]
optimizer                : Adam (
Parameter Group 0
    amsgrad: False
    betas: (0.9, 0.999)
    capturable: False
    eps: 1e-08
    foreach: None
    lr: 0.0001
    maximize: False
    weight_decay: 0.0001
)
loss function            : CrossEntropyLoss

************Model structure*************
Model(
  (linear_1): Linear(in_features=1024, out_features=128, bias=True)
  (multi_GCN_layer): ModuleList(
    (0): GCNConv(128, 128)
  )
  (linear_2): Linear(in_features=128, out_features=2, bias=True)
)
Trainable params         : 147,970
Non-trainable params     : 0
Total params             : 147,970

****************Training****************
【Epoch: 00】
	train set evaluation finished, time: 3.61 mins
	test set evaluation finished, time: 0.74 mins
	test set evaluation finished, time: 0.87 mins
	       Train          |         Valid          |          Test       
	TP:   599, FP:   599  |  TP:   128, FP:   128  |  TP:   129, FP:   129
	FN:     0, TN:     0  |  FN:     0, TN:     0  |  FN:     0, TN:     0
	Train -- Accu: 0.5000, Prec: 0.5000, Reca: 1.0000, Spec: 0.0000, F1Sc: 0.6667
	Valid -- Accu: 0.5000, Prec: 0.5000, Reca: 1.0000, Spec: 0.0000, F1Sc: 0.6667
	Test  -- Accu: 0.5000, Prec: 0.5000, Reca: 1.0000, Spec: 0.0000, F1Sc: 0.6667
	Average train Loss: 0.8059782
	Average valid Loss: 0.8002101
	Average test  Loss: 0.8197328
	training finished, time: 3.57 mins
【Epoch: 01】
	train set evaluation finished, time: 3.57 mins
	test set evaluation finished, time: 0.76 mins
	test set evaluation finished, time: 0.90 mins
	       Train          |         Valid          |          Test       
	TP:   599, FP:    26  |  TP:   128, FP:     8  |  TP:   129, FP:     7
	FN:     0, TN:   573  |  FN:     0, TN:   120  |  FN:     0, TN:   122
	Train -- Accu: 0.9783, Prec: 0.9584, Reca: 1.0000, Spec: 0.9566, F1Sc: 0.9788
	Valid -- Accu: 0.9688, Prec: 0.9412, Reca: 1.0000, Spec: 0.9375, F1Sc: 0.9697
	Test  -- Accu: 0.9729, Prec: 0.9485, Reca: 1.0000, Spec: 0.9457, F1Sc: 0.9736
	Average train Loss: 0.0812215
	Average valid Loss: 0.1198853
	Average test  Loss: 0.0835971
	training finished, time: 3.61 mins
【Epoch: 02】
	train set evaluation finished, time: 3.59 mins
	test set evaluation finished, time: 0.77 mins
	test set evaluation finished, time: 0.90 mins
	       Train          |         Valid          |          Test       
	TP:   599, FP:    10  |  TP:   128, FP:     6  |  TP:   129, FP:     3
	FN:     0, TN:   589  |  FN:     0, TN:   122  |  FN:     0, TN:   126
	Train -- Accu: 0.9917, Prec: 0.9836, Reca: 1.0000, Spec: 0.9833, F1Sc: 0.9917
	Valid -- Accu: 0.9766, Prec: 0.9552, Reca: 1.0000, Spec: 0.9531, F1Sc: 0.9771
	Test  -- Accu: 0.9884, Prec: 0.9773, Reca: 1.0000, Spec: 0.9767, F1Sc: 0.9885
	Average train Loss: 0.0481091
	Average valid Loss: 0.0991485
	Average test  Loss: 0.0431521
	training finished, time: 3.61 mins
【Epoch: 03】
	train set evaluation finished, time: 3.58 mins
	test set evaluation finished, time: 0.76 mins
	test set evaluation finished, time: 0.91 mins
	       Train          |         Valid          |          Test       
	TP:   599, FP:    10  |  TP:   128, FP:     6  |  TP:   129, FP:     2
	FN:     0, TN:   589  |  FN:     0, TN:   122  |  FN:     0, TN:   127
	Train -- Accu: 0.9917, Prec: 0.9836, Reca: 1.0000, Spec: 0.9833, F1Sc: 0.9917
	Valid -- Accu: 0.9766, Prec: 0.9552, Reca: 1.0000, Spec: 0.9531, F1Sc: 0.9771
	Test  -- Accu: 0.9922, Prec: 0.9847, Reca: 1.0000, Spec: 0.9845, F1Sc: 0.9923
	Average train Loss: 0.0313143
	Average valid Loss: 0.0915304
	Average test  Loss: 0.0331032
	training finished, time: 3.60 mins
【Epoch: 04】
	train set evaluation finished, time: 3.58 mins
	test set evaluation finished, time: 0.76 mins
	test set evaluation finished, time: 0.90 mins
	       Train          |         Valid          |          Test       
	TP:   599, FP:     7  |  TP:   128, FP:     6  |  TP:   129, FP:     2
	FN:     0, TN:   592  |  FN:     0, TN:   122  |  FN:     0, TN:   127
	Train -- Accu: 0.9942, Prec: 0.9884, Reca: 1.0000, Spec: 0.9883, F1Sc: 0.9942
	Valid -- Accu: 0.9766, Prec: 0.9552, Reca: 1.0000, Spec: 0.9531, F1Sc: 0.9771
	Test  -- Accu: 0.9922, Prec: 0.9847, Reca: 1.0000, Spec: 0.9845, F1Sc: 0.9923
	Average train Loss: 0.0232819
	Average valid Loss: 0.0940183
	Average test  Loss: 0.0302454
	training finished, time: 3.63 mins
【Epoch: 05】
	train set evaluation finished, time: 3.59 mins
	test set evaluation finished, time: 0.75 mins
	test set evaluation finished, time: 0.89 mins
	       Train          |         Valid          |          Test       
	TP:   599, FP:     5  |  TP:   128, FP:     6  |  TP:   129, FP:     2
	FN:     0, TN:   594  |  FN:     0, TN:   122  |  FN:     0, TN:   127
	Train -- Accu: 0.9958, Prec: 0.9917, Reca: 1.0000, Spec: 0.9917, F1Sc: 0.9958
	Valid -- Accu: 0.9766, Prec: 0.9552, Reca: 1.0000, Spec: 0.9531, F1Sc: 0.9771
	Test  -- Accu: 0.9922, Prec: 0.9847, Reca: 1.0000, Spec: 0.9845, F1Sc: 0.9923
	Average train Loss: 0.0199004
	Average valid Loss: 0.1022404
	Average test  Loss: 0.0317715
	training finished, time: 3.57 mins
【Epoch: 06】
	train set evaluation finished, time: 3.54 mins
	test set evaluation finished, time: 0.75 mins
	test set evaluation finished, time: 0.88 mins
	       Train          |         Valid          |          Test       
	TP:   597, FP:     3  |  TP:   128, FP:     4  |  TP:   128, FP:     1
	FN:     2, TN:   596  |  FN:     0, TN:   124  |  FN:     1, TN:   128
	Train -- Accu: 0.9958, Prec: 0.9950, Reca: 0.9967, Spec: 0.9950, F1Sc: 0.9958
	Valid -- Accu: 0.9844, Prec: 0.9697, Reca: 1.0000, Spec: 0.9688, F1Sc: 0.9846
	Test  -- Accu: 0.9922, Prec: 0.9922, Reca: 0.9922, Spec: 0.9922, F1Sc: 0.9922
	Average train Loss: 0.0182626
	Average valid Loss: 0.0772325
	Average test  Loss: 0.0341423
	training finished, time: 3.60 mins
【Epoch: 07】
	train set evaluation finished, time: 3.56 mins
	test set evaluation finished, time: 0.74 mins
	test set evaluation finished, time: 0.90 mins
	       Train          |         Valid          |          Test       
	TP:   596, FP:     3  |  TP:   128, FP:     4  |  TP:   127, FP:     1
	FN:     3, TN:   596  |  FN:     0, TN:   124  |  FN:     2, TN:   128
	Train -- Accu: 0.9950, Prec: 0.9950, Reca: 0.9950, Spec: 0.9950, F1Sc: 0.9950
	Valid -- Accu: 0.9844, Prec: 0.9697, Reca: 1.0000, Spec: 0.9688, F1Sc: 0.9846
	Test  -- Accu: 0.9884, Prec: 0.9922, Reca: 0.9845, Spec: 0.9922, F1Sc: 0.9883
	Average train Loss: 0.0171361
	Average valid Loss: 0.0769359
	Average test  Loss: 0.0360503
	training finished, time: 3.58 mins
【Epoch: 08】
	train set evaluation finished, time: 3.55 mins
	test set evaluation finished, time: 0.76 mins
	test set evaluation finished, time: 0.89 mins
	       Train          |         Valid          |          Test       
	TP:   597, FP:     1  |  TP:   128, FP:     4  |  TP:   127, FP:     1
	FN:     2, TN:   598  |  FN:     0, TN:   124  |  FN:     2, TN:   128
	Train -- Accu: 0.9975, Prec: 0.9983, Reca: 0.9967, Spec: 0.9983, F1Sc: 0.9975
	Valid -- Accu: 0.9844, Prec: 0.9697, Reca: 1.0000, Spec: 0.9688, F1Sc: 0.9846
	Test  -- Accu: 0.9884, Prec: 0.9922, Reca: 0.9845, Spec: 0.9922, F1Sc: 0.9883
	Average train Loss: 0.0169314
	Average valid Loss: 0.0775579
	Average test  Loss: 0.0386177
	training finished, time: 3.59 mins
【Epoch: 09】
	train set evaluation finished, time: 3.52 mins
	test set evaluation finished, time: 0.73 mins
	test set evaluation finished, time: 0.89 mins
	       Train          |         Valid          |          Test       
	TP:   597, FP:     1  |  TP:   128, FP:     4  |  TP:   127, FP:     1
	FN:     2, TN:   598  |  FN:     0, TN:   124  |  FN:     2, TN:   128
	Train -- Accu: 0.9975, Prec: 0.9983, Reca: 0.9967, Spec: 0.9983, F1Sc: 0.9975
	Valid -- Accu: 0.9844, Prec: 0.9697, Reca: 1.0000, Spec: 0.9688, F1Sc: 0.9846
	Test  -- Accu: 0.9884, Prec: 0.9922, Reca: 0.9845, Spec: 0.9922, F1Sc: 0.9883
	Average train Loss: 0.0161134
	Average valid Loss: 0.0769820
	Average test  Loss: 0.0400147
	training finished, time: 3.59 mins
【Epoch: 10】
	train set evaluation finished, time: 3.59 mins
	test set evaluation finished, time: 0.75 mins
	test set evaluation finished, time: 0.89 mins
	       Train          |         Valid          |          Test       
	TP:   599, FP:     1  |  TP:   128, FP:     4  |  TP:   127, FP:     1
	FN:     0, TN:   598  |  FN:     0, TN:   124  |  FN:     2, TN:   128
	Train -- Accu: 0.9992, Prec: 0.9983, Reca: 1.0000, Spec: 0.9983, F1Sc: 0.9992
	Valid -- Accu: 0.9844, Prec: 0.9697, Reca: 1.0000, Spec: 0.9688, F1Sc: 0.9846
	Test  -- Accu: 0.9884, Prec: 0.9922, Reca: 0.9845, Spec: 0.9922, F1Sc: 0.9883
	Average train Loss: 0.0097341
	Average valid Loss: 0.0905580
	Average test  Loss: 0.0330295
	training finished, time: 3.63 mins
【Epoch: 11】
	train set evaluation finished, time: 3.57 mins
	test set evaluation finished, time: 0.76 mins
	test set evaluation finished, time: 0.90 mins
	       Train          |         Valid          |          Test       
	TP:   599, FP:     2  |  TP:   128, FP:     4  |  TP:   127, FP:     1
	FN:     0, TN:   597  |  FN:     0, TN:   124  |  FN:     2, TN:   128
	Train -- Accu: 0.9983, Prec: 0.9967, Reca: 1.0000, Spec: 0.9967, F1Sc: 0.9983
	Valid -- Accu: 0.9844, Prec: 0.9697, Reca: 1.0000, Spec: 0.9688, F1Sc: 0.9846
	Test  -- Accu: 0.9884, Prec: 0.9922, Reca: 0.9845, Spec: 0.9922, F1Sc: 0.9883
	Average train Loss: 0.0092391
	Average valid Loss: 0.0936712
	Average test  Loss: 0.0340018
	training finished, time: 3.61 mins
【Epoch: 12】
	train set evaluation finished, time: 3.56 mins
	test set evaluation finished, time: 0.76 mins
	test set evaluation finished, time: 0.90 mins
	       Train          |         Valid          |          Test       
	TP:   599, FP:     2  |  TP:   128, FP:     6  |  TP:   129, FP:     2
	FN:     0, TN:   597  |  FN:     0, TN:   122  |  FN:     0, TN:   127
	Train -- Accu: 0.9983, Prec: 0.9967, Reca: 1.0000, Spec: 0.9967, F1Sc: 0.9983
	Valid -- Accu: 0.9766, Prec: 0.9552, Reca: 1.0000, Spec: 0.9531, F1Sc: 0.9771
	Test  -- Accu: 0.9922, Prec: 0.9847, Reca: 1.0000, Spec: 0.9845, F1Sc: 0.9923
	Average train Loss: 0.0081471
	Average valid Loss: 0.1066863
	Average test  Loss: 0.0334360
	training finished, time: 3.65 mins
【Epoch: 13】
	train set evaluation finished, time: 3.58 mins
	test set evaluation finished, time: 0.75 mins
	test set evaluation finished, time: 0.90 mins
	       Train          |         Valid          |          Test       
	TP:   599, FP:     2  |  TP:   128, FP:     6  |  TP:   129, FP:     2
	FN:     0, TN:   597  |  FN:     0, TN:   122  |  FN:     0, TN:   127
	Train -- Accu: 0.9983, Prec: 0.9967, Reca: 1.0000, Spec: 0.9967, F1Sc: 0.9983
	Valid -- Accu: 0.9766, Prec: 0.9552, Reca: 1.0000, Spec: 0.9531, F1Sc: 0.9771
	Test  -- Accu: 0.9922, Prec: 0.9847, Reca: 1.0000, Spec: 0.9845, F1Sc: 0.9923
	Average train Loss: 0.0077829
	Average valid Loss: 0.1070418
	Average test  Loss: 0.0338205
	training finished, time: 3.63 mins
【Epoch: 14】
	train set evaluation finished, time: 3.58 mins
	test set evaluation finished, time: 0.76 mins
	test set evaluation finished, time: 0.90 mins
	       Train          |         Valid          |          Test       
	TP:   599, FP:     1  |  TP:   128, FP:     6  |  TP:   129, FP:     2
	FN:     0, TN:   598  |  FN:     0, TN:   122  |  FN:     0, TN:   127
	Train -- Accu: 0.9992, Prec: 0.9983, Reca: 1.0000, Spec: 0.9983, F1Sc: 0.9992
	Valid -- Accu: 0.9766, Prec: 0.9552, Reca: 1.0000, Spec: 0.9531, F1Sc: 0.9771
	Test  -- Accu: 0.9922, Prec: 0.9847, Reca: 1.0000, Spec: 0.9845, F1Sc: 0.9923
	Average train Loss: 0.0075382
	Average valid Loss: 0.1115619
	Average test  Loss: 0.0343383
	training finished, time: 3.63 mins
【Epoch: 15】
	train set evaluation finished, time: 3.57 mins
	test set evaluation finished, time: 0.76 mins
	test set evaluation finished, time: 0.90 mins
	       Train          |         Valid          |          Test       
	TP:   599, FP:     1  |  TP:   128, FP:     6  |  TP:   129, FP:     2
	FN:     0, TN:   598  |  FN:     0, TN:   122  |  FN:     0, TN:   127
	Train -- Accu: 0.9992, Prec: 0.9983, Reca: 1.0000, Spec: 0.9983, F1Sc: 0.9992
	Valid -- Accu: 0.9766, Prec: 0.9552, Reca: 1.0000, Spec: 0.9531, F1Sc: 0.9771
	Test  -- Accu: 0.9922, Prec: 0.9847, Reca: 1.0000, Spec: 0.9845, F1Sc: 0.9923
	Average train Loss: 0.0073244
	Average valid Loss: 0.1119039
	Average test  Loss: 0.0346243
	training finished, time: 3.65 mins
【Epoch: 16】
	train set evaluation finished, time: 3.58 mins
	test set evaluation finished, time: 0.76 mins
	test set evaluation finished, time: 0.90 mins
	       Train          |         Valid          |          Test       
	TP:   599, FP:     1  |  TP:   128, FP:     6  |  TP:   129, FP:     2
	FN:     0, TN:   598  |  FN:     0, TN:   122  |  FN:     0, TN:   127
	Train -- Accu: 0.9992, Prec: 0.9983, Reca: 1.0000, Spec: 0.9983, F1Sc: 0.9992
	Valid -- Accu: 0.9766, Prec: 0.9552, Reca: 1.0000, Spec: 0.9531, F1Sc: 0.9771
	Test  -- Accu: 0.9922, Prec: 0.9847, Reca: 1.0000, Spec: 0.9845, F1Sc: 0.9923
	Average train Loss: 0.0071229
	Average valid Loss: 0.1098891
	Average test  Loss: 0.0344787
	training finished, time: 3.63 mins
【Epoch: 17】
	train set evaluation finished, time: 3.59 mins
	test set evaluation finished, time: 0.76 mins
	test set evaluation finished, time: 0.90 mins
	       Train          |         Valid          |          Test       
	TP:   599, FP:     1  |  TP:   128, FP:     6  |  TP:   129, FP:     2
	FN:     0, TN:   598  |  FN:     0, TN:   122  |  FN:     0, TN:   127
	Train -- Accu: 0.9992, Prec: 0.9983, Reca: 1.0000, Spec: 0.9983, F1Sc: 0.9992
	Valid -- Accu: 0.9766, Prec: 0.9552, Reca: 1.0000, Spec: 0.9531, F1Sc: 0.9771
	Test  -- Accu: 0.9922, Prec: 0.9847, Reca: 1.0000, Spec: 0.9845, F1Sc: 0.9923
	Average train Loss: 0.0070410
	Average valid Loss: 0.1102620
	Average test  Loss: 0.0346148
	training finished, time: 3.62 mins
【Epoch: 18】
	train set evaluation finished, time: 3.59 mins
	test set evaluation finished, time: 0.75 mins
	test set evaluation finished, time: 0.90 mins
	       Train          |         Valid          |          Test       
	TP:   599, FP:     1  |  TP:   128, FP:     6  |  TP:   129, FP:     2
	FN:     0, TN:   598  |  FN:     0, TN:   122  |  FN:     0, TN:   127
	Train -- Accu: 0.9992, Prec: 0.9983, Reca: 1.0000, Spec: 0.9983, F1Sc: 0.9992
	Valid -- Accu: 0.9766, Prec: 0.9552, Reca: 1.0000, Spec: 0.9531, F1Sc: 0.9771
	Test  -- Accu: 0.9922, Prec: 0.9847, Reca: 1.0000, Spec: 0.9845, F1Sc: 0.9923
	Average train Loss: 0.0069745
	Average valid Loss: 0.1091535
	Average test  Loss: 0.0345511
	training finished, time: 3.61 mins
【Epoch: 19】
	train set evaluation finished, time: 3.59 mins
	test set evaluation finished, time: 0.75 mins
	test set evaluation finished, time: 0.90 mins
	       Train          |         Valid          |          Test       
	TP:   599, FP:     1  |  TP:   128, FP:     6  |  TP:   129, FP:     2
	FN:     0, TN:   598  |  FN:     0, TN:   122  |  FN:     0, TN:   127
	Train -- Accu: 0.9992, Prec: 0.9983, Reca: 1.0000, Spec: 0.9983, F1Sc: 0.9992
	Valid -- Accu: 0.9766, Prec: 0.9552, Reca: 1.0000, Spec: 0.9531, F1Sc: 0.9771
	Test  -- Accu: 0.9922, Prec: 0.9847, Reca: 1.0000, Spec: 0.9845, F1Sc: 0.9923
	Average train Loss: 0.0069358
	Average valid Loss: 0.1090960
	Average test  Loss: 0.0345884
	training finished, time: 3.61 mins
【Epoch: 20】
	train set evaluation finished, time: 3.60 mins
	test set evaluation finished, time: 0.75 mins
	test set evaluation finished, time: 0.89 mins
	       Train          |         Valid          |          Test       
	TP:   599, FP:     1  |  TP:   128, FP:     6  |  TP:   129, FP:     2
	FN:     0, TN:   598  |  FN:     0, TN:   122  |  FN:     0, TN:   127
	Train -- Accu: 0.9992, Prec: 0.9983, Reca: 1.0000, Spec: 0.9983, F1Sc: 0.9992
	Valid -- Accu: 0.9766, Prec: 0.9552, Reca: 1.0000, Spec: 0.9531, F1Sc: 0.9771
	Test  -- Accu: 0.9922, Prec: 0.9847, Reca: 1.0000, Spec: 0.9845, F1Sc: 0.9923
	Average train Loss: 0.0069130
	Average valid Loss: 0.1087961
	Average test  Loss: 0.0345816
	training finished, time: 2.61 mins
【Epoch: 21】
	train set evaluation finished, time: 2.94 mins
	test set evaluation finished, time: 0.76 mins
	test set evaluation finished, time: 0.91 mins
	       Train          |         Valid          |          Test       
	TP:   599, FP:     1  |  TP:   128, FP:     6  |  TP:   129, FP:     2
	FN:     0, TN:   598  |  FN:     0, TN:   122  |  FN:     0, TN:   127
	Train -- Accu: 0.9992, Prec: 0.9983, Reca: 1.0000, Spec: 0.9983, F1Sc: 0.9992
	Valid -- Accu: 0.9766, Prec: 0.9552, Reca: 1.0000, Spec: 0.9531, F1Sc: 0.9771
	Test  -- Accu: 0.9922, Prec: 0.9847, Reca: 1.0000, Spec: 0.9845, F1Sc: 0.9923
	Average train Loss: 0.0068943
	Average valid Loss: 0.1087274
	Average test  Loss: 0.0345972
